     **********************************************************
                    第 2 层(底部加强区 约束边缘构件层)
     **********************************************************

     符号解释如下:
     Name     :缘构件名称，第一个字母Y、G分别表示约束或构造边缘构件，数字为编号
     Uc       :边缘构件平均轴压比
     X、Y     :边缘构件定位点坐标(m)
     LCB*、LS*(X1,Y1)-(X2,Y2)、LCE* :各肢起始端λ/2阴影区长度、阴影区坐标、终止端λ/2阴影区长度，使用相对于定位点的坐标表示(mm)
     COL*     :包含的边框柱建模编号、截面面积(cm2)
     AREA_S   :边缘构件阴影区面积(cm2)
     As_Cal   :阴影区计算纵筋面积(mm2)
     As       :阴影区构造纵筋面积(mm2)
     Rsv      :边缘构件箍筋体积配箍率(%)
     Dia、S   :构造边缘构件箍筋直径、间距(mm)

  ---------------------------------------------------------
     YBZ1
     Uc = 0.534
     X,Y = 25.966，10.864(m)
     LCB1、LS1(X1,Y1)-(X2,Y2)、LCE1 : 0-(0、0)-(0、400)-20(mm)
     AREA_S = 800.000(cm2)
     As_Cal = 0(mm2)
     As = 924(mm2)
     Rsv = 1.71(%)
  ---------------------------------------------------------
     YBZ2
     Uc = 0.533
     X,Y = 25.966，12.864(m)
     LCB1、LS1(X1,Y1)-(X2,Y2)、LCE1 : 100-(0、-700)-(-0、100)-0(mm)
     LCB2、LS2(X1,Y1)-(X2,Y2)、LCE2 : 0-(-100、-300)-(525、-300)-0(mm)
     LCB3、LS3(X1,Y1)-(X2,Y2)、LCE3 : 0-(-400、-0)-(100、0)-0(mm)
     AREA_S = 3050.000(cm2)
     As_Cal = 7545(mm2)
     As = 3050(mm2)
     Rsv = 1.71(%)
  ---------------------------------------------------------
     YBZ3
     Uc = 0.537
     X,Y = 33.366，12.864(m)
     LCB1、LS1(X1,Y1)-(X2,Y2)、LCE1 : 0-(-100、-0)-(400、0)-0(mm)
     LCB2、LS2(X1,Y1)-(X2,Y2)、LCE2 : 100-(0、-700)-(0、100)-0(mm)
     LCB3、LS3(X1,Y1)-(X2,Y2)、LCE3 : 0-(-475、-300)-(100、-300)-0(mm)
     AREA_S = 2950.000(cm2)
     As_Cal = 7716(mm2)
     As = 2950(mm2)
     Rsv = 1.71(%)
  ---------------------------------------------------------
     YBZ4
     Uc = 0.538
     X,Y = 33.366，10.864(m)
     LCB1、LS1(X1,Y1)-(X2,Y2)、LCE1 : 0-(0、0)-(0、400)-20(mm)
     AREA_S = 800.000(cm2)
     As_Cal = 0(mm2)
     As = 924(mm2)
     Rsv = 1.71(%)
  ---------------------------------------------------------
     GBZ5
     Uc = 0.415
     X,Y = 21.466，8.164(m)
     LCB1、LS1(X1,Y1)-(X2,Y2)、LCE1 : 0-(-100、-0)-(475、0)-0(mm)
     LCB2、LS2(X1,Y1)-(X2,Y2)、LCE2 : 0-(0、-800)-(0、100)-0(mm)
     LCB3、LS3(X1,Y1)-(X2,Y2)、LCE3 : 0-(-400、-700)-(100、-700)-0(mm)
     AREA_S = 3150.000(cm2)
     As_Cal = 193(mm2)
     As = 1890(mm2)
     Rsv = 0.00(%)
     Dia、S = 6、150(mm)
  ---------------------------------------------------------
     GBZ6
     Uc = 0.401
     X,Y = 25.966，5.664(m)
     LCB1、LS1(X1,Y1)-(X2,Y2)、LCE1 : 0-(-0、-100)-(0、400)-0(mm)
     LCB2、LS2(X1,Y1)-(X2,Y2)、LCE2 : 0-(-750、0)-(100、0)-0(mm)
     AREA_S = 2300.000(cm2)
     As_Cal = 0(mm2)
     As = 1380(mm2)
     Rsv = 0.00(%)
     Dia、S = 6、150(mm)
  ---------------------------------------------------------
     GBZ7
     Uc = 0.400
     X,Y = 25.966，8.164(m)
     LCB1、LS1(X1,Y1)-(X2,Y2)、LCE1 : 0-(-0、-300)-(0、100)-0(mm)
     AREA_S = 800.000(cm2)
     As_Cal = 0(mm2)
     As = 679(mm2)
     Rsv = 0.00(%)
     Dia、S = 6、150(mm)
  ---------------------------------------------------------
     GBZ8
     Uc = 0.379
     X,Y = 33.366，3.764(m)
     LCB1、LS1(X1,Y1)-(X2,Y2)、LCE1 : 0-(0、-100)-(0、600)-0(mm)
     LCB2、LS2(X1,Y1)-(X2,Y2)、LCE2 : 0-(-400、0)-(100、0)-0(mm)
     AREA_S = 2000.000(cm2)
     As_Cal = 0(mm2)
     As = 1200(mm2)
     Rsv = 0.00(%)
     Dia、S = 6、150(mm)
  ---------------------------------------------------------
     GBZ9
     Uc = 0.397
     X,Y = 33.366，5.664(m)
     LCB1、LS1(X1,Y1)-(X2,Y2)、LCE1 : 0-(-0、-100)-(-0、400)-0(mm)
     LCB2、LS2(X1,Y1)-(X2,Y2)、LCE2 : 0-(-100、0)-(750、0)-0(mm)
     AREA_S = 2300.000(cm2)
     As_Cal = 0(mm2)
     As = 1380(mm2)
     Rsv = 0.00(%)
     Dia、S = 6、150(mm)
  ---------------------------------------------------------
     GBZ10
     Uc = 0.397
     X,Y = 33.366，8.164(m)
     LCB1、LS1(X1,Y1)-(X2,Y2)、LCE1 : 0-(0、-300)-(-0、100)-0(mm)
     AREA_S = 800.000(cm2)
     As_Cal = 0(mm2)
     As = 679(mm2)
     Rsv = 0.00(%)
     Dia、S = 6、150(mm)
  ---------------------------------------------------------
     GBZ11
     Uc = 0.414
     X,Y = 37.466，8.164(m)
     LCB1、LS1(X1,Y1)-(X2,Y2)、LCE1 : 0-(-75、0)-(500、-0)-0(mm)
     LCB2、LS2(X1,Y1)-(X2,Y2)、LCE2 : 0-(400、-800)-(400、100)-0(mm)
     LCB3、LS3(X1,Y1)-(X2,Y2)、LCE3 : 0-(300、-700)-(800、-700)-0(mm)
     AREA_S = 3150.000(cm2)
     As_Cal = 225(mm2)
     As = 1890(mm2)
     Rsv = 0.00(%)
     Dia、S = 6、150(mm)
  ---------------------------------------------------------
     GBZ12
     Uc = 0.415
     X,Y = 19.566，7.464(m)
     LCB1、LS1(X1,Y1)-(X2,Y2)、LCE1 : 0-(-100、0)-(300、0)-0(mm)
     AREA_S = 800.000(cm2)
     As_Cal = 0(mm2)
     As = 679(mm2)
     Rsv = 0.00(%)
     Dia、S = 6、150(mm)
  ---------------------------------------------------------
     GBZ13
     Uc = 0.414
     X,Y = 39.766，7.464(m)
     LCB1、LS1(X1,Y1)-(X2,Y2)、LCE1 : 0-(-300、0)-(100、0)-0(mm)
     AREA_S = 800.000(cm2)
     As_Cal = 0(mm2)
     As = 679(mm2)
     Rsv = 0.00(%)
     Dia、S = 6、150(mm)
  ---------------------------------------------------------
     GBZ14
     Uc = 0.390
     X,Y = 22.016，5.664(m)
     LCB1、LS1(X1,Y1)-(X2,Y2)、LCE1 : 0-(0、0)-(400、0)-0(mm)
     AREA_S = 800.000(cm2)
     As_Cal = 0(mm2)
     As = 679(mm2)
     Rsv = 0.00(%)
     Dia、S = 6、150(mm)
  ---------------------------------------------------------
     GBZ15
     Uc = 0.390
     X,Y = 24.416，5.664(m)
     LCB1、LS1(X1,Y1)-(X2,Y2)、LCE1 : 0-(-400、0)-(0、0)-0(mm)
     AREA_S = 800.000(cm2)
     As_Cal = 0(mm2)
     As = 679(mm2)
     Rsv = 0.00(%)
     Dia、S = 6、150(mm)
  ---------------------------------------------------------
     GBZ16
     Uc = 0.385
     X,Y = 34.916，5.664(m)
     LCB1、LS1(X1,Y1)-(X2,Y2)、LCE1 : 0-(0、0)-(400、0)-0(mm)
     AREA_S = 800.000(cm2)
     As_Cal = 0(mm2)
     As = 679(mm2)
     Rsv = 0.00(%)
     Dia、S = 6、150(mm)
  ---------------------------------------------------------
     GBZ17
     Uc = 0.385
     X,Y = 37.316，5.664(m)
     LCB1、LS1(X1,Y1)-(X2,Y2)、LCE1 : 0-(-400、0)-(0、0)-0(mm)
     AREA_S = 800.000(cm2)
     As_Cal = 0(mm2)
     As = 679(mm2)
     Rsv = 0.00(%)
     Dia、S = 6、150(mm)
  ---------------------------------------------------------
     GBZ18
     Uc = 0.379
     X,Y = 31.266，3.764(m)
     LCB1、LS1(X1,Y1)-(X2,Y2)、LCE1 : 0-(0、0)-(1000、0)-0(mm)
     AREA_S = 2000.000(cm2)
     As_Cal = 0(mm2)
     As = 1200(mm2)
     Rsv = 0.00(%)
     Dia、S = 6、150(mm)
  ---------------------------------------------------------
     YBZ19
     Uc = 0.386
     X,Y = 25.966，-0.736(m)
     LCB1、LS1(X1,Y1)-(X2,Y2)、LCE1 : 0-(0、-100)-(0、300)-50(mm)
     AREA_S = 800.000(cm2)
     As_Cal = 0(mm2)
     As = 924(mm2)
     Rsv = 1.03(%)
  ---------------------------------------------------------
     YBZ20
     Uc = 0.386
     X,Y = 25.966，2.064(m)
     LCB1、LS1(X1,Y1)-(X2,Y2)、LCE1 : 0-(-0、-1400)-(-0、100)-0(mm)
     LCB2、LS2(X1,Y1)-(X2,Y2)、LCE2 : 0-(-100、0)-(400、0)-100(mm)
     AREA_S = 3600.000(cm2)
     As_Cal = 0(mm2)
     As = 3600(mm2)
     Rsv = 1.03(%)
  ---------------------------------------------------------
     YBZ21
     Uc = 0.410
     X,Y = 25.966，3.064(m)
     LCB1、LS1(X1,Y1)-(X2,Y2)、LCE1 : 0-(0、0)-(0、800)-0(mm)
     LCB2、LS2(X1,Y1)-(X2,Y2)、LCE2 : 0-(-100、700)-(400、700)-100(mm)
     AREA_S = 2200.000(cm2)
     As_Cal = 0(mm2)
     As = 2200(mm2)
     Rsv = 1.71(%)
  ---------------------------------------------------------
     YBZ22
     Uc = 0.412
     X,Y = 28.066，3.764(m)
     LCB1、LS1(X1,Y1)-(X2,Y2)、LCE1 : 40-(-400、0)-(0、0)-0(mm)
     AREA_S = 800.000(cm2)
     As_Cal = 0(mm2)
     As = 924(mm2)
     Rsv = 1.71(%)
  ---------------------------------------------------------
     YBZ23
     Uc = 0.417
     X,Y = 30.466，2.064(m)
     LCB1、LS1(X1,Y1)-(X2,Y2)、LCE1 : 0-(-100、0)-(500、0)-0(mm)
     LCB2、LS2(X1,Y1)-(X2,Y2)、LCE2 : 100-(0、-400)-(0、100)-0(mm)
     AREA_S = 1800.000(cm2)
     As_Cal = 1035(mm2)
     As = 1800(mm2)
     Rsv = 1.71(%)
  ---------------------------------------------------------
     YBZ24
     Uc = 0.387
     X,Y = 28.366，2.064(m)
     LCB1、LS1(X1,Y1)-(X2,Y2)、LCE1 : 0-(-400、0)-(100、0)-0(mm)
     LCB2、LS2(X1,Y1)-(X2,Y2)、LCE2 : 0-(0、-400)-(0、100)-0(mm)
     AREA_S = 1600.000(cm2)
     As_Cal = 595(mm2)
     As = 1600(mm2)
     Rsv = 1.03(%)
  ---------------------------------------------------------
     YBZ25
     Uc = 0.439
     X,Y = 32.966，2.064(m)
     LCB1、LS1(X1,Y1)-(X2,Y2)、LCE1 : 0-(0、0)-(500、0)-0(mm)
     LCB2、LS2(X1,Y1)-(X2,Y2)、LCE2 : 0-(400、-1900)-(400、100)-0(mm)
     AREA_S = 4600.000(cm2)
     As_Cal = 0(mm2)
     As = 4600(mm2)
     Rsv = 1.71(%)
  ---------------------------------------------------------
     YBZ26
     Uc = 0.440
     X,Y = 33.366，-0.736(m)
     LCB1、LS1(X1,Y1)-(X2,Y2)、LCE1 : 0-(0、-100)-(0、300)-200(mm)
     AREA_S = 800.000(cm2)
     As_Cal = 0(mm2)
     As = 924(mm2)
     Rsv = 1.71(%)
  ---------------------------------------------------------
     YBZ27
     Uc = 0.501
     X,Y = 33.366，-6.236(m)
     LCB1、LS1(X1,Y1)-(X2,Y2)、LCE1 : 0-(0、-100)-(0、400)-100(mm)
     LCB2、LS2(X1,Y1)-(X2,Y2)、LCE2 : 0-(-750、0)-(100、0)-0(mm)
     AREA_S = 2300.000(cm2)
     As_Cal = 0(mm2)
     As = 2300(mm2)
     Rsv = 1.71(%)
  ---------------------------------------------------------
     YBZ28
     Uc = 0.503
     X,Y = 33.366，-4.136(m)
     LCB1、LS1(X1,Y1)-(X2,Y2)、LCE1 : 0-(0、-900)-(0、0)-0(mm)
     AREA_S = 1800.000(cm2)
     As_Cal = 0(mm2)
     As = 1800(mm2)
     Rsv = 1.71(%)
  ---------------------------------------------------------
     YBZ29
     Uc = 0.443
     X,Y = 28.366，-6.236(m)
     LCB1、LS1(X1,Y1)-(X2,Y2)、LCE1 : 0-(0、-100)-(0、650)-0(mm)
     LCB2、LS2(X1,Y1)-(X2,Y2)、LCE2 : 100-(-400、0)-(100、0)-0(mm)
     AREA_S = 2100.000(cm2)
     As_Cal = 0(mm2)
     As = 2100(mm2)
     Rsv = 1.71(%)
  ---------------------------------------------------------
     YBZ30
     Uc = 0.511
     X,Y = 14.766，-4.736(m)
     LCB1、LS1(X1,Y1)-(X2,Y2)、LCE1 : 0-(0、0)-(800、0)-0(mm)
     LCB2、LS2(X1,Y1)-(X2,Y2)、LCE2 : 100-(700、-400)-(700、100)-0(mm)
     AREA_S = 2200.000(cm2)
     As_Cal = 0(mm2)
     As = 2200(mm2)
     Rsv = 1.71(%)
  ---------------------------------------------------------
     YBZ31
     Uc = 0.444
     X,Y = 25.266，-4.736(m)
     LCB1、LS1(X1,Y1)-(X2,Y2)、LCE1 : 0-(0、0)-(800、0)-0(mm)
     LCB2、LS2(X1,Y1)-(X2,Y2)、LCE2 : 100-(700、-400)-(700、100)-0(mm)
     AREA_S = 2200.000(cm2)
     As_Cal = 72(mm2)
     As = 2200(mm2)
     Rsv = 1.71(%)
  ---------------------------------------------------------
     YBZ32
     Uc = 0.443
     X,Y = 25.966，-6.236(m)
     LCB1、LS1(X1,Y1)-(X2,Y2)、LCE1 : 0-(0、-100)-(0、400)-100(mm)
     LCB2、LS2(X1,Y1)-(X2,Y2)、LCE2 : 0-(-100、0)-(400、0)-100(mm)
     AREA_S = 1600.000(cm2)
     As_Cal = 0(mm2)
     As = 1600(mm2)
     Rsv = 1.71(%)
  ---------------------------------------------------------
     YBZ33
     Uc = 0.435
     X,Y = 30.466，-6.236(m)
     LCB1、LS1(X1,Y1)-(X2,Y2)、LCE1 : 0-(-100、0)-(700、0)-0(mm)
     LCB2、LS2(X1,Y1)-(X2,Y2)、LCE2 : 0-(0、-100)-(0、400)-100(mm)
     AREA_S = 2200.000(cm2)
     As_Cal = 437(mm2)
     As = 2200(mm2)
     Rsv = 1.71(%)
  ---------------------------------------------------------
     YBZ34
     Uc = 0.591
     X,Y = 20.566，-13.336(m)
     LCB1、LS1(X1,Y1)-(X2,Y2)、LCE1 : 0-(-100、0)-(700、0)-0(mm)
     LCB2、LS2(X1,Y1)-(X2,Y2)、LCE2 : 0-(0、-100)-(0、400)-100(mm)
     AREA_S = 2200.000(cm2)
     As_Cal = 3532(mm2)
     As = 2200(mm2)
     Rsv = 1.71(%)
  ---------------------------------------------------------
     YBZ35
     Uc = 0.592
     X,Y = 38.066，-13.336(m)
     LCB1、LS1(X1,Y1)-(X2,Y2)、LCE1 : 0-(0、0)-(800、0)-0(mm)
     LCB2、LS2(X1,Y1)-(X2,Y2)、LCE2 : 0-(700、-100)-(700、400)-100(mm)
     AREA_S = 2200.000(cm2)
     As_Cal = 3559(mm2)
     As = 2200(mm2)
     Rsv = 1.71(%)
  ---------------------------------------------------------
     YBZ36
     Uc = 0.489
     X,Y = 27.066，-14.036(m)
     LCB1、LS1(X1,Y1)-(X2,Y2)、LCE1 : 0-(0、0)-(0、800)-0(mm)
     LCB2、LS2(X1,Y1)-(X2,Y2)、LCE2 : 0-(-700、700)-(100、700)-0(mm)
     LCB3、LS3(X1,Y1)-(X2,Y2)、LCE3 : 0-(-600、600)-(-600、1100)-100(mm)
     AREA_S = 3400.000(cm2)
     As_Cal = 734(mm2)
     As = 3400(mm2)
     Rsv = 1.71(%)
  ---------------------------------------------------------
     YBZ37
     Uc = 0.491
     X,Y = 32.266，-14.036(m)
     LCB1、LS1(X1,Y1)-(X2,Y2)、LCE1 : 0-(0、0)-(0、800)-0(mm)
     LCB2、LS2(X1,Y1)-(X2,Y2)、LCE2 : 0-(-100、700)-(700、700)-0(mm)
     LCB3、LS3(X1,Y1)-(X2,Y2)、LCE3 : 0-(600、600)-(600、1100)-100(mm)
     AREA_S = 3400.000(cm2)
     As_Cal = 722(mm2)
     As = 3400(mm2)
     Rsv = 1.71(%)
  ---------------------------------------------------------
     YBZ38
     Uc = 0.516
     X,Y = 43.866，-4.736(m)
     LCB1、LS1(X1,Y1)-(X2,Y2)、LCE1 : 0-(-100、0)-(700、0)-0(mm)
     LCB2、LS2(X1,Y1)-(X2,Y2)、LCE2 : 100-(0、-400)-(0、100)-0(mm)
     AREA_S = 2200.000(cm2)
     As_Cal = 0(mm2)
     As = 2200(mm2)
     Rsv = 1.71(%)
  ---------------------------------------------------------
     YBZ39
     Uc = 0.487
     X,Y = 25.966，-9.586(m)
     LCB1、LS1(X1,Y1)-(X2,Y2)、LCE1 : 0-(-100、0)-(600、0)-0(mm)
     LCB2、LS2(X1,Y1)-(X2,Y2)、LCE2 : 0-(0、-100)-(0、350)-0(mm)
     LCB3、LS3(X1,Y1)-(X2,Y2)、LCE3 : 100-(500、-400)-(500、100)-0(mm)
     AREA_S = 2500.000(cm2)
     As_Cal = 1920(mm2)
     As = 2500(mm2)
     Rsv = 1.71(%)
  ---------------------------------------------------------
     YBZ40
     Uc = 0.489
     X,Y = 32.866，-9.586(m)
     LCB1、LS1(X1,Y1)-(X2,Y2)、LCE1 : 0-(-100、0)-(600、0)-0(mm)
     LCB2、LS2(X1,Y1)-(X2,Y2)、LCE2 : 100-(0、-400)-(0、100)-0(mm)
     LCB3、LS3(X1,Y1)-(X2,Y2)、LCE3 : 0-(500、-100)-(500、350)-0(mm)
     AREA_S = 2500.000(cm2)
     As_Cal = 1888(mm2)
     As = 2500(mm2)
     Rsv = 1.71(%)
  ---------------------------------------------------------
     YBZ41
     Uc = 0.571
     X,Y = 29.116，12.564(m)
     LCB1、LS1(X1,Y1)-(X2,Y2)、LCE1 : 0-(0、0)-(1100、0)-0(mm)
     LCB2、LS2(X1,Y1)-(X2,Y2)、LCE2 : 0-(550、-400)-(550、100)-0(mm)
     AREA_S = 2800.000(cm2)
     As_Cal = 0(mm2)
     As = 2800(mm2)
     Rsv = 1.71(%)
  ---------------------------------------------------------
     YBZ42
     Uc = 0.569
     X,Y = 29.666，10.864(m)
     LCB1、LS1(X1,Y1)-(X2,Y2)、LCE1 : 0-(0、0)-(0、400)-0(mm)
     AREA_S = 800.000(cm2)
     As_Cal = 0(mm2)
     As = 924(mm2)
     Rsv = 1.71(%)
  ---------------------------------------------------------
     GBZ43
     Uc = 0.438
     X,Y = 30.466，-4.736(m)
     LCB1、LS1(X1,Y1)-(X2,Y2)、LCE1 : 0-(0、-300)-(0、300)-0(mm)
     AREA_S = 1200.000(cm2)
     As_Cal = 0(mm2)
     As = 720(mm2)
     Rsv = 0.00(%)
     Dia、S = 6、150(mm)
  ---------------------------------------------------------
     YBZ44
     Uc = 0.438
     X,Y = 30.466，-3.337(m)
     LCB1、LS1(X1,Y1)-(X2,Y2)、LCE1 : 200-(0、-400)-(0、0)-0(mm)
     AREA_S = 800.000(cm2)
     As_Cal = 0(mm2)
     As = 924(mm2)
     Rsv = 1.71(%)
  ---------------------------------------------------------
     YBZ45
     Uc = 0.418
     X,Y = 30.466，-0.937(m)
     LCB1、LS1(X1,Y1)-(X2,Y2)、LCE1 : 0-(0、0)-(0、400)-220(mm)
     AREA_S = 800.000(cm2)
     As_Cal = 0(mm2)
     As = 924(mm2)
     Rsv = 1.71(%)
  ---------------------------------------------------------
     GBZ46
     Uc = 0.418
     X,Y = 30.466，0.464(m)
     LCB1、LS1(X1,Y1)-(X2,Y2)、LCE1 : 0-(0、-300)-(0、300)-0(mm)
     AREA_S = 1200.000(cm2)
     As_Cal = 0(mm2)
     As = 720(mm2)
     Rsv = 0.00(%)
     Dia、S = 6、150(mm)
  ---------------------------------------------------------
     YBZ47
     Uc = 0.564
     X,Y = 15.466，-13.336(m)
     LCB1、LS1(X1,Y1)-(X2,Y2)、LCE1 : 0-(0、-700)-(0、400)-0(mm)
     COL1 = 4、3200.000(cm2)
     AREA_S = 3800.000(cm2)
     As_Cal = 0(mm2)
     As = 3800(mm2)
     Rsv = 1.71(%)
  ---------------------------------------------------------
     YBZ48
     Uc = 0.529
     X,Y = 15.466，-9.336(m)
     LCB1、LS1(X1,Y1)-(X2,Y2)、LCE1 : 480-(0、-380)-(0、100)-0(mm)
     AREA_S = 960.000(cm2)
     As_Cal = 0(mm2)
     As = 960(mm2)
     Rsv = 1.71(%)
  ---------------------------------------------------------
     YBZ49
     Uc = 0.512
     X,Y = 15.466，-6.936(m)
     LCB1、LS1(X1,Y1)-(X2,Y2)、LCE1 : 0-(0、0)-(0、400)-60(mm)
     AREA_S = 800.000(cm2)
     As_Cal = 0(mm2)
     As = 924(mm2)
     Rsv = 1.71(%)
  ---------------------------------------------------------
     YBZ50
     Uc = 0.517
     X,Y = 43.866，-6.936(m)
     LCB1、LS1(X1,Y1)-(X2,Y2)、LCE1 : 0-(0、0)-(0、400)-60(mm)
     AREA_S = 800.000(cm2)
     As_Cal = 0(mm2)
     As = 924(mm2)
     Rsv = 1.71(%)
  ---------------------------------------------------------
     YBZ51
     Uc = 0.589
     X,Y = 20.566，-9.336(m)
     LCB1、LS1(X1,Y1)-(X2,Y2)、LCE1 : 420-(0、-320)-(0、100)-0(mm)
     AREA_S = 840.000(cm2)
     As_Cal = 0(mm2)
     As = 924(mm2)
     Rsv = 1.71(%)
  ---------------------------------------------------------
     YBZ52
     Uc = 0.590
     X,Y = 38.766，-9.336(m)
     LCB1、LS1(X1,Y1)-(X2,Y2)、LCE1 : 420-(0、-320)-(0、100)-0(mm)
     AREA_S = 840.000(cm2)
     As_Cal = 0(mm2)
     As = 924(mm2)
     Rsv = 1.71(%)
  ---------------------------------------------------------
     YBZ53
     Uc = 0.567
     X,Y = 43.866，-13.336(m)
     LCB1、LS1(X1,Y1)-(X2,Y2)、LCE1 : 0-(0、-700)-(0、400)-0(mm)
     COL1 = 12、3200.000(cm2)
     AREA_S = 3800.000(cm2)
     As_Cal = 0(mm2)
     As = 3800(mm2)
     Rsv = 1.71(%)
  ---------------------------------------------------------
     YBZ54
     Uc = 0.531
     X,Y = 43.866，-9.336(m)
     LCB1、LS1(X1,Y1)-(X2,Y2)、LCE1 : 480-(0、-380)-(0、100)-0(mm)
     AREA_S = 960.000(cm2)
     As_Cal = 0(mm2)
     As = 960(mm2)
     Rsv = 1.71(%)
