     **********************************************************
                    第 25 层边缘构件设计结果
     **********************************************************

     符号解释如下:
     Name     :缘构件名称，第一个字母Y、G分别表示约束或构造边缘构件，数字为编号
     Uc       :边缘构件平均轴压比
     X、Y     :边缘构件定位点坐标(m)
     LCB*、LS*(X1,Y1)-(X2,Y2)、LCE* :各肢起始端λ/2阴影区长度、阴影区坐标、终止端λ/2阴影区长度，使用相对于定位点的坐标表示(mm)
     COL*     :包含的边框柱建模编号、截面面积(cm2)
     AREA_S   :边缘构件阴影区面积(cm2)
     As_Cal   :阴影区计算纵筋面积(mm2)
     As       :阴影区构造纵筋面积(mm2)
     Rsv      :边缘构件箍筋体积配箍率(%)
     Dia、S   :构造边缘构件箍筋直径、间距(mm)

  ---------------------------------------------------------
     GBZ1
     Uc = 0.115
     X,Y = 25.966，10.864(m)
     LCB1、LS1(X1,Y1)-(X2,Y2)、LCE1 : 0-(0、0)-(0、400)-0(mm)
     AREA_S = 800.000(cm2)
     As_Cal = 0(mm2)
     As = 452(mm2)
     Rsv = 0.00(%)
     Dia、S = 6、200(mm)
  ---------------------------------------------------------
     GBZ2
     Uc = 0.115
     X,Y = 25.966，12.864(m)
     LCB1、LS1(X1,Y1)-(X2,Y2)、LCE1 : 0-(0、-400)-(-0、100)-0(mm)
     LCB2、LS2(X1,Y1)-(X2,Y2)、LCE2 : 0-(-100、-300)-(525、-300)-0(mm)
     LCB3、LS3(X1,Y1)-(X2,Y2)、LCE3 : 0-(-400、-0)-(100、0)-0(mm)
     AREA_S = 2450.000(cm2)
     As_Cal = 2191(mm2)
     As = 1225(mm2)
     Rsv = 0.00(%)
     Dia、S = 6、200(mm)
  ---------------------------------------------------------
     GBZ3
     Uc = 0.116
     X,Y = 33.366，12.864(m)
     LCB1、LS1(X1,Y1)-(X2,Y2)、LCE1 : 0-(-100、-0)-(400、0)-0(mm)
     LCB2、LS2(X1,Y1)-(X2,Y2)、LCE2 : 0-(0、-400)-(0、100)-0(mm)
     LCB3、LS3(X1,Y1)-(X2,Y2)、LCE3 : 0-(-475、-300)-(100、-300)-0(mm)
     AREA_S = 2350.000(cm2)
     As_Cal = 2279(mm2)
     As = 1175(mm2)
     Rsv = 0.00(%)
     Dia、S = 6、200(mm)
  ---------------------------------------------------------
     GBZ4
     Uc = 0.116
     X,Y = 33.366，10.864(m)
     LCB1、LS1(X1,Y1)-(X2,Y2)、LCE1 : 0-(0、0)-(0、400)-0(mm)
     AREA_S = 800.000(cm2)
     As_Cal = 0(mm2)
     As = 452(mm2)
     Rsv = 0.00(%)
     Dia、S = 6、200(mm)
  ---------------------------------------------------------
     GBZ5
     Uc = 0.079
     X,Y = 21.466，8.164(m)
     LCB1、LS1(X1,Y1)-(X2,Y2)、LCE1 : 0-(-100、-0)-(475、0)-0(mm)
     LCB2、LS2(X1,Y1)-(X2,Y2)、LCE2 : 0-(0、-800)-(0、100)-0(mm)
     LCB3、LS3(X1,Y1)-(X2,Y2)、LCE3 : 0-(-400、-700)-(100、-700)-0(mm)
     AREA_S = 3150.000(cm2)
     As_Cal = 669(mm2)
     As = 1575(mm2)
     Rsv = 0.00(%)
     Dia、S = 6、200(mm)
  ---------------------------------------------------------
     GBZ6
     Uc = 0.088
     X,Y = 25.966，5.664(m)
     LCB1、LS1(X1,Y1)-(X2,Y2)、LCE1 : 0-(-0、-100)-(0、400)-0(mm)
     LCB2、LS2(X1,Y1)-(X2,Y2)、LCE2 : 0-(-750、0)-(100、0)-0(mm)
     AREA_S = 2300.000(cm2)
     As_Cal = 0(mm2)
     As = 1150(mm2)
     Rsv = 0.00(%)
     Dia、S = 6、200(mm)
  ---------------------------------------------------------
     GBZ7
     Uc = 0.087
     X,Y = 25.966，8.164(m)
     LCB1、LS1(X1,Y1)-(X2,Y2)、LCE1 : 0-(-0、-300)-(0、100)-0(mm)
     AREA_S = 800.000(cm2)
     As_Cal = 0(mm2)
     As = 452(mm2)
     Rsv = 0.00(%)
     Dia、S = 6、200(mm)
  ---------------------------------------------------------
     GBZ8
     Uc = 0.095
     X,Y = 33.366，3.764(m)
     LCB1、LS1(X1,Y1)-(X2,Y2)、LCE1 : 0-(0、-100)-(0、600)-0(mm)
     LCB2、LS2(X1,Y1)-(X2,Y2)、LCE2 : 0-(-400、0)-(100、0)-0(mm)
     AREA_S = 2000.000(cm2)
     As_Cal = 99(mm2)
     As = 1000(mm2)
     Rsv = 0.00(%)
     Dia、S = 6、200(mm)
  ---------------------------------------------------------
     GBZ9
     Uc = 0.087
     X,Y = 33.366，5.664(m)
     LCB1、LS1(X1,Y1)-(X2,Y2)、LCE1 : 0-(-0、-100)-(-0、400)-0(mm)
     LCB2、LS2(X1,Y1)-(X2,Y2)、LCE2 : 0-(-100、0)-(750、0)-0(mm)
     AREA_S = 2300.000(cm2)
     As_Cal = 0(mm2)
     As = 1150(mm2)
     Rsv = 0.00(%)
     Dia、S = 6、200(mm)
  ---------------------------------------------------------
     GBZ10
     Uc = 0.087
     X,Y = 33.366，8.164(m)
     LCB1、LS1(X1,Y1)-(X2,Y2)、LCE1 : 0-(0、-300)-(-0、100)-0(mm)
     AREA_S = 800.000(cm2)
     As_Cal = 0(mm2)
     As = 452(mm2)
     Rsv = 0.00(%)
     Dia、S = 6、200(mm)
  ---------------------------------------------------------
     GBZ11
     Uc = 0.080
     X,Y = 37.466，8.164(m)
     LCB1、LS1(X1,Y1)-(X2,Y2)、LCE1 : 0-(-75、0)-(500、-0)-0(mm)
     LCB2、LS2(X1,Y1)-(X2,Y2)、LCE2 : 0-(400、-800)-(400、100)-0(mm)
     LCB3、LS3(X1,Y1)-(X2,Y2)、LCE3 : 0-(300、-700)-(800、-700)-0(mm)
     AREA_S = 3150.000(cm2)
     As_Cal = 604(mm2)
     As = 1575(mm2)
     Rsv = 0.00(%)
     Dia、S = 6、200(mm)
  ---------------------------------------------------------
     GBZ12
     Uc = 0.079
     X,Y = 19.566，7.464(m)
     LCB1、LS1(X1,Y1)-(X2,Y2)、LCE1 : 0-(-100、0)-(300、0)-0(mm)
     AREA_S = 800.000(cm2)
     As_Cal = 0(mm2)
     As = 452(mm2)
     Rsv = 0.00(%)
     Dia、S = 6、200(mm)
  ---------------------------------------------------------
     GBZ13
     Uc = 0.080
     X,Y = 39.766，7.464(m)
     LCB1、LS1(X1,Y1)-(X2,Y2)、LCE1 : 0-(-300、0)-(100、0)-0(mm)
     AREA_S = 800.000(cm2)
     As_Cal = 0(mm2)
     As = 452(mm2)
     Rsv = 0.00(%)
     Dia、S = 6、200(mm)
  ---------------------------------------------------------
     GBZ14
     Uc = 0.070
     X,Y = 22.016，5.664(m)
     LCB1、LS1(X1,Y1)-(X2,Y2)、LCE1 : 0-(0、0)-(400、0)-0(mm)
     AREA_S = 800.000(cm2)
     As_Cal = 0(mm2)
     As = 452(mm2)
     Rsv = 0.00(%)
     Dia、S = 6、200(mm)
  ---------------------------------------------------------
     GBZ15
     Uc = 0.070
     X,Y = 24.416，5.664(m)
     LCB1、LS1(X1,Y1)-(X2,Y2)、LCE1 : 0-(-400、0)-(0、0)-0(mm)
     AREA_S = 800.000(cm2)
     As_Cal = 0(mm2)
     As = 452(mm2)
     Rsv = 0.00(%)
     Dia、S = 6、200(mm)
  ---------------------------------------------------------
     GBZ16
     Uc = 0.071
     X,Y = 34.916，5.664(m)
     LCB1、LS1(X1,Y1)-(X2,Y2)、LCE1 : 0-(0、0)-(400、0)-0(mm)
     AREA_S = 800.000(cm2)
     As_Cal = 0(mm2)
     As = 452(mm2)
     Rsv = 0.00(%)
     Dia、S = 6、200(mm)
  ---------------------------------------------------------
     GBZ17
     Uc = 0.071
     X,Y = 37.316，5.664(m)
     LCB1、LS1(X1,Y1)-(X2,Y2)、LCE1 : 0-(-400、0)-(0、0)-0(mm)
     AREA_S = 800.000(cm2)
     As_Cal = 0(mm2)
     As = 452(mm2)
     Rsv = 0.00(%)
     Dia、S = 6、200(mm)
  ---------------------------------------------------------
     GBZ18
     Uc = 0.095
     X,Y = 31.266，3.764(m)
     LCB1、LS1(X1,Y1)-(X2,Y2)、LCE1 : 0-(0、0)-(1000、0)-0(mm)
     AREA_S = 2000.000(cm2)
     As_Cal = 0(mm2)
     As = 1000(mm2)
     Rsv = 0.00(%)
     Dia、S = 6、200(mm)
  ---------------------------------------------------------
     GBZ19
     Uc = 0.110
     X,Y = 25.966，-0.736(m)
     LCB1、LS1(X1,Y1)-(X2,Y2)、LCE1 : 0-(0、-100)-(0、300)-0(mm)
     AREA_S = 800.000(cm2)
     As_Cal = 0(mm2)
     As = 452(mm2)
     Rsv = 0.00(%)
     Dia、S = 6、200(mm)
  ---------------------------------------------------------
     GBZ20
     Uc = 0.110
     X,Y = 25.966，2.064(m)
     LCB1、LS1(X1,Y1)-(X2,Y2)、LCE1 : 0-(-0、-1400)-(-0、100)-0(mm)
     LCB2、LS2(X1,Y1)-(X2,Y2)、LCE2 : 0-(-100、0)-(400、0)-0(mm)
     AREA_S = 3600.000(cm2)
     As_Cal = 0(mm2)
     As = 1800(mm2)
     Rsv = 0.00(%)
     Dia、S = 6、200(mm)
  ---------------------------------------------------------
     GBZ21
     Uc = 0.101
     X,Y = 25.966，3.064(m)
     LCB1、LS1(X1,Y1)-(X2,Y2)、LCE1 : 0-(0、0)-(0、800)-0(mm)
     LCB2、LS2(X1,Y1)-(X2,Y2)、LCE2 : 0-(-100、700)-(400、700)-0(mm)
     AREA_S = 2200.000(cm2)
     As_Cal = 906(mm2)
     As = 1100(mm2)
     Rsv = 0.00(%)
     Dia、S = 6、200(mm)
  ---------------------------------------------------------
     GBZ22
     Uc = 0.102
     X,Y = 28.066，3.764(m)
     LCB1、LS1(X1,Y1)-(X2,Y2)、LCE1 : 0-(-400、0)-(0、0)-0(mm)
     AREA_S = 800.000(cm2)
     As_Cal = 0(mm2)
     As = 452(mm2)
     Rsv = 0.00(%)
     Dia、S = 6、200(mm)
  ---------------------------------------------------------
     GBZ23
     Uc = 0.108
     X,Y = 30.466，2.064(m)
     LCB1、LS1(X1,Y1)-(X2,Y2)、LCE1 : 0-(-100、0)-(500、0)-0(mm)
     LCB2、LS2(X1,Y1)-(X2,Y2)、LCE2 : 0-(0、-400)-(0、100)-0(mm)
     AREA_S = 1800.000(cm2)
     As_Cal = 784(mm2)
     As = 900(mm2)
     Rsv = 0.00(%)
     Dia、S = 6、200(mm)
  ---------------------------------------------------------
     GBZ24
     Uc = 0.109
     X,Y = 28.366，2.064(m)
     LCB1、LS1(X1,Y1)-(X2,Y2)、LCE1 : 0-(-400、0)-(100、0)-0(mm)
     LCB2、LS2(X1,Y1)-(X2,Y2)、LCE2 : 0-(0、-400)-(0、100)-0(mm)
     AREA_S = 1600.000(cm2)
     As_Cal = 1644(mm2)
     As = 800(mm2)
     Rsv = 0.00(%)
     Dia、S = 6、200(mm)
  ---------------------------------------------------------
     GBZ25
     Uc = 0.115
     X,Y = 32.966，2.064(m)
     LCB1、LS1(X1,Y1)-(X2,Y2)、LCE1 : 0-(0、0)-(500、0)-0(mm)
     LCB2、LS2(X1,Y1)-(X2,Y2)、LCE2 : 0-(400、-1900)-(400、100)-0(mm)
     AREA_S = 4600.000(cm2)
     As_Cal = 162(mm2)
     As = 2300(mm2)
     Rsv = 0.00(%)
     Dia、S = 6、200(mm)
  ---------------------------------------------------------
     GBZ26
     Uc = 0.115
     X,Y = 33.366，-0.736(m)
     LCB1、LS1(X1,Y1)-(X2,Y2)、LCE1 : 0-(0、-100)-(0、300)-0(mm)
     AREA_S = 800.000(cm2)
     As_Cal = 0(mm2)
     As = 452(mm2)
     Rsv = 0.00(%)
     Dia、S = 6、200(mm)
  ---------------------------------------------------------
     GBZ27
     Uc = 0.148
     X,Y = 33.366，-6.236(m)
     LCB1、LS1(X1,Y1)-(X2,Y2)、LCE1 : 0-(0、-100)-(0、400)-0(mm)
     LCB2、LS2(X1,Y1)-(X2,Y2)、LCE2 : 0-(-750、0)-(100、0)-0(mm)
     AREA_S = 2300.000(cm2)
     As_Cal = 0(mm2)
     As = 1150(mm2)
     Rsv = 0.00(%)
     Dia、S = 6、200(mm)
  ---------------------------------------------------------
     GBZ28
     Uc = 0.148
     X,Y = 33.366，-4.136(m)
     LCB1、LS1(X1,Y1)-(X2,Y2)、LCE1 : 0-(0、-900)-(0、0)-0(mm)
     AREA_S = 1800.000(cm2)
     As_Cal = 0(mm2)
     As = 900(mm2)
     Rsv = 0.00(%)
     Dia、S = 6、200(mm)
  ---------------------------------------------------------
     GBZ29
     Uc = 0.118
     X,Y = 28.366，-6.236(m)
     LCB1、LS1(X1,Y1)-(X2,Y2)、LCE1 : 0-(0、-100)-(0、650)-0(mm)
     LCB2、LS2(X1,Y1)-(X2,Y2)、LCE2 : 0-(-400、0)-(100、0)-0(mm)
     AREA_S = 2100.000(cm2)
     As_Cal = 437(mm2)
     As = 1050(mm2)
     Rsv = 0.00(%)
     Dia、S = 6、200(mm)
  ---------------------------------------------------------
     GBZ30
     Uc = 0.100
     X,Y = 14.766，-4.736(m)
     LCB1、LS1(X1,Y1)-(X2,Y2)、LCE1 : 0-(0、0)-(800、0)-0(mm)
     LCB2、LS2(X1,Y1)-(X2,Y2)、LCE2 : 0-(700、-400)-(700、100)-0(mm)
     AREA_S = 2200.000(cm2)
     As_Cal = 177(mm2)
     As = 1100(mm2)
     Rsv = 0.00(%)
     Dia、S = 6、200(mm)
  ---------------------------------------------------------
     GBZ31
     Uc = 0.120
     X,Y = 25.266，-4.736(m)
     LCB1、LS1(X1,Y1)-(X2,Y2)、LCE1 : 0-(0、0)-(800、0)-0(mm)
     LCB2、LS2(X1,Y1)-(X2,Y2)、LCE2 : 0-(700、-400)-(700、100)-0(mm)
     AREA_S = 2200.000(cm2)
     As_Cal = 557(mm2)
     As = 1100(mm2)
     Rsv = 0.00(%)
     Dia、S = 6、200(mm)
  ---------------------------------------------------------
     GBZ32
     Uc = 0.119
     X,Y = 25.966，-6.236(m)
     LCB1、LS1(X1,Y1)-(X2,Y2)、LCE1 : 0-(0、-100)-(0、400)-0(mm)
     LCB2、LS2(X1,Y1)-(X2,Y2)、LCE2 : 0-(-100、0)-(400、0)-0(mm)
     AREA_S = 1600.000(cm2)
     As_Cal = 0(mm2)
     As = 800(mm2)
     Rsv = 0.00(%)
     Dia、S = 6、200(mm)
  ---------------------------------------------------------
     GBZ33
     Uc = 0.107
     X,Y = 30.466，-6.236(m)
     LCB1、LS1(X1,Y1)-(X2,Y2)、LCE1 : 0-(-100、0)-(700、0)-0(mm)
     LCB2、LS2(X1,Y1)-(X2,Y2)、LCE2 : 0-(0、-100)-(0、400)-0(mm)
     AREA_S = 2200.000(cm2)
     As_Cal = 19(mm2)
     As = 1100(mm2)
     Rsv = 0.00(%)
     Dia、S = 6、200(mm)
  ---------------------------------------------------------
     GBZ34
     Uc = 0.127
     X,Y = 20.566，-13.336(m)
     LCB1、LS1(X1,Y1)-(X2,Y2)、LCE1 : 0-(-100、0)-(700、0)-0(mm)
     LCB2、LS2(X1,Y1)-(X2,Y2)、LCE2 : 0-(0、-100)-(0、400)-0(mm)
     AREA_S = 2200.000(cm2)
     As_Cal = 1822(mm2)
     As = 1100(mm2)
     Rsv = 0.00(%)
     Dia、S = 6、200(mm)
  ---------------------------------------------------------
     GBZ35
     Uc = 0.127
     X,Y = 38.066，-13.336(m)
     LCB1、LS1(X1,Y1)-(X2,Y2)、LCE1 : 0-(0、0)-(800、0)-0(mm)
     LCB2、LS2(X1,Y1)-(X2,Y2)、LCE2 : 0-(700、-100)-(700、400)-0(mm)
     AREA_S = 2200.000(cm2)
     As_Cal = 2036(mm2)
     As = 1100(mm2)
     Rsv = 0.00(%)
     Dia、S = 6、200(mm)
  ---------------------------------------------------------
     GBZ36
     Uc = 0.105
     X,Y = 27.066，-14.036(m)
     LCB1、LS1(X1,Y1)-(X2,Y2)、LCE1 : 0-(0、0)-(0、800)-0(mm)
     LCB2、LS2(X1,Y1)-(X2,Y2)、LCE2 : 0-(-700、700)-(100、700)-0(mm)
     LCB3、LS3(X1,Y1)-(X2,Y2)、LCE3 : 0-(-600、600)-(-600、1100)-0(mm)
     AREA_S = 3400.000(cm2)
     As_Cal = 1066(mm2)
     As = 1700(mm2)
     Rsv = 0.00(%)
     Dia、S = 6、200(mm)
  ---------------------------------------------------------
     GBZ37
     Uc = 0.106
     X,Y = 32.266，-14.036(m)
     LCB1、LS1(X1,Y1)-(X2,Y2)、LCE1 : 0-(0、0)-(0、800)-0(mm)
     LCB2、LS2(X1,Y1)-(X2,Y2)、LCE2 : 0-(-100、700)-(700、700)-0(mm)
     LCB3、LS3(X1,Y1)-(X2,Y2)、LCE3 : 0-(600、600)-(600、1100)-0(mm)
     AREA_S = 3400.000(cm2)
     As_Cal = 1063(mm2)
     As = 1700(mm2)
     Rsv = 0.00(%)
     Dia、S = 6、200(mm)
  ---------------------------------------------------------
     GBZ38
     Uc = 0.101
     X,Y = 43.866，-4.736(m)
     LCB1、LS1(X1,Y1)-(X2,Y2)、LCE1 : 0-(-100、0)-(700、0)-0(mm)
     LCB2、LS2(X1,Y1)-(X2,Y2)、LCE2 : 0-(0、-400)-(0、100)-0(mm)
     AREA_S = 2200.000(cm2)
     As_Cal = 23(mm2)
     As = 1100(mm2)
     Rsv = 0.00(%)
     Dia、S = 6、200(mm)
  ---------------------------------------------------------
     GBZ39
     Uc = 0.103
     X,Y = 25.966，-9.586(m)
     LCB1、LS1(X1,Y1)-(X2,Y2)、LCE1 : 0-(-100、0)-(600、0)-0(mm)
     LCB2、LS2(X1,Y1)-(X2,Y2)、LCE2 : 0-(0、-100)-(0、350)-0(mm)
     LCB3、LS3(X1,Y1)-(X2,Y2)、LCE3 : 0-(500、-400)-(500、100)-0(mm)
     AREA_S = 2500.000(cm2)
     As_Cal = 2943(mm2)
     As = 1250(mm2)
     Rsv = 0.00(%)
     Dia、S = 6、200(mm)
  ---------------------------------------------------------
     GBZ40
     Uc = 0.104
     X,Y = 32.866，-9.586(m)
     LCB1、LS1(X1,Y1)-(X2,Y2)、LCE1 : 0-(-100、0)-(600、0)-0(mm)
     LCB2、LS2(X1,Y1)-(X2,Y2)、LCE2 : 0-(0、-400)-(0、100)-0(mm)
     LCB3、LS3(X1,Y1)-(X2,Y2)、LCE3 : 0-(500、-100)-(500、350)-0(mm)
     AREA_S = 2500.000(cm2)
     As_Cal = 3224(mm2)
     As = 1250(mm2)
     Rsv = 0.00(%)
     Dia、S = 6、200(mm)
  ---------------------------------------------------------
     GBZ41
     Uc = 0.126
     X,Y = 29.116，12.564(m)
     LCB1、LS1(X1,Y1)-(X2,Y2)、LCE1 : 0-(0、0)-(1100、0)-0(mm)
     LCB2、LS2(X1,Y1)-(X2,Y2)、LCE2 : 0-(550、-400)-(550、100)-0(mm)
     AREA_S = 2800.000(cm2)
     As_Cal = 0(mm2)
     As = 1400(mm2)
     Rsv = 0.00(%)
     Dia、S = 6、200(mm)
  ---------------------------------------------------------
     GBZ42
     Uc = 0.125
     X,Y = 29.666，10.864(m)
     LCB1、LS1(X1,Y1)-(X2,Y2)、LCE1 : 0-(0、0)-(0、400)-0(mm)
     AREA_S = 800.000(cm2)
     As_Cal = 0(mm2)
     As = 452(mm2)
     Rsv = 0.00(%)
     Dia、S = 6、200(mm)
  ---------------------------------------------------------
     GBZ43
     Uc = 0.107
     X,Y = 30.466，-4.736(m)
     LCB1、LS1(X1,Y1)-(X2,Y2)、LCE1 : 0-(0、-300)-(0、300)-0(mm)
     AREA_S = 1200.000(cm2)
     As_Cal = 0(mm2)
     As = 600(mm2)
     Rsv = 0.00(%)
     Dia、S = 6、200(mm)
  ---------------------------------------------------------
     GBZ44
     Uc = 0.107
     X,Y = 30.466，-3.337(m)
     LCB1、LS1(X1,Y1)-(X2,Y2)、LCE1 : 0-(0、-400)-(0、0)-0(mm)
     AREA_S = 800.000(cm2)
     As_Cal = 0(mm2)
     As = 452(mm2)
     Rsv = 0.00(%)
     Dia、S = 6、200(mm)
  ---------------------------------------------------------
     GBZ45
     Uc = 0.109
     X,Y = 30.466，-0.937(m)
     LCB1、LS1(X1,Y1)-(X2,Y2)、LCE1 : 0-(0、0)-(0、400)-0(mm)
     AREA_S = 800.000(cm2)
     As_Cal = 0(mm2)
     As = 452(mm2)
     Rsv = 0.00(%)
     Dia、S = 6、200(mm)
  ---------------------------------------------------------
     GBZ46
     Uc = 0.109
     X,Y = 30.466，0.464(m)
     LCB1、LS1(X1,Y1)-(X2,Y2)、LCE1 : 0-(0、-300)-(0、300)-0(mm)
     AREA_S = 1200.000(cm2)
     As_Cal = 0(mm2)
     As = 600(mm2)
     Rsv = 0.00(%)
     Dia、S = 6、200(mm)
  ---------------------------------------------------------
     GBZ47
     Uc = 0.096
     X,Y = 15.466，-13.336(m)
     LCB1、LS1(X1,Y1)-(X2,Y2)、LCE1 : 0-(0、-700)-(0、100)-0(mm)
     COL1 = 4、3200.000(cm2)
     AREA_S = 3200.000(cm2)
     As_Cal = 0(mm2)
     As = 1600(mm2)
     Rsv = 0.00(%)
     Dia、S = 6、200(mm)
  ---------------------------------------------------------
     GBZ48
     Uc = 0.100
     X,Y = 15.466，-9.336(m)
     LCB1、LS1(X1,Y1)-(X2,Y2)、LCE1 : 0-(0、-300)-(0、100)-0(mm)
     AREA_S = 800.000(cm2)
     As_Cal = 0(mm2)
     As = 452(mm2)
     Rsv = 0.00(%)
     Dia、S = 6、200(mm)
  ---------------------------------------------------------
     GBZ49
     Uc = 0.100
     X,Y = 15.466，-6.936(m)
     LCB1、LS1(X1,Y1)-(X2,Y2)、LCE1 : 0-(0、0)-(0、400)-0(mm)
     AREA_S = 800.000(cm2)
     As_Cal = 0(mm2)
     As = 452(mm2)
     Rsv = 0.00(%)
     Dia、S = 6、200(mm)
  ---------------------------------------------------------
     GBZ50
     Uc = 0.101
     X,Y = 43.866，-6.936(m)
     LCB1、LS1(X1,Y1)-(X2,Y2)、LCE1 : 0-(0、0)-(0、400)-0(mm)
     AREA_S = 800.000(cm2)
     As_Cal = 0(mm2)
     As = 452(mm2)
     Rsv = 0.00(%)
     Dia、S = 6、200(mm)
  ---------------------------------------------------------
     GBZ51
     Uc = 0.127
     X,Y = 20.566，-9.336(m)
     LCB1、LS1(X1,Y1)-(X2,Y2)、LCE1 : 0-(0、-300)-(0、100)-0(mm)
     AREA_S = 800.000(cm2)
     As_Cal = 0(mm2)
     As = 452(mm2)
     Rsv = 0.00(%)
     Dia、S = 6、200(mm)
  ---------------------------------------------------------
     GBZ52
     Uc = 0.127
     X,Y = 38.766，-9.336(m)
     LCB1、LS1(X1,Y1)-(X2,Y2)、LCE1 : 0-(0、-300)-(0、100)-0(mm)
     AREA_S = 800.000(cm2)
     As_Cal = 0(mm2)
     As = 452(mm2)
     Rsv = 0.00(%)
     Dia、S = 6、200(mm)
  ---------------------------------------------------------
     GBZ53
     Uc = 0.097
     X,Y = 43.866，-13.336(m)
     LCB1、LS1(X1,Y1)-(X2,Y2)、LCE1 : 0-(0、-700)-(0、100)-0(mm)
     COL1 = 12、3200.000(cm2)
     AREA_S = 3200.000(cm2)
     As_Cal = 0(mm2)
     As = 1600(mm2)
     Rsv = 0.00(%)
     Dia、S = 6、200(mm)
  ---------------------------------------------------------
     GBZ54
     Uc = 0.100
     X,Y = 43.866，-9.336(m)
     LCB1、LS1(X1,Y1)-(X2,Y2)、LCE1 : 0-(0、-300)-(0、100)-0(mm)
     AREA_S = 800.000(cm2)
     As_Cal = 0(mm2)
     As = 452(mm2)
     Rsv = 0.00(%)
     Dia、S = 6、200(mm)
