     **********************************************************
                    第 1 层(底部加强区 约束边缘构件层)
     **********************************************************

     符号解释如下:
     Name     :缘构件名称，第一个字母Y、G分别表示约束或构造边缘构件，数字为编号
     Uc       :边缘构件平均轴压比
     X、Y     :边缘构件定位点坐标(m)
     LCB*、LS*(X1,Y1)-(X2,Y2)、LCE* :各肢起始端λ/2阴影区长度、阴影区坐标、终止端λ/2阴影区长度，使用相对于定位点的坐标表示(mm)
     COL*     :包含的边框柱建模编号、截面面积(cm2)
     AREA_S   :边缘构件阴影区面积(cm2)
     As_Cal   :阴影区计算纵筋面积(mm2)
     As       :阴影区构造纵筋面积(mm2)
     Rsv      :边缘构件箍筋体积配箍率(%)
     Dia、S   :构造边缘构件箍筋直径、间距(mm)

  ---------------------------------------------------------
     YBZ1
     Uc = 0.372
     X,Y = 25.966，10.864(m)
     LCB1、LS1(X1,Y1)-(X2,Y2)、LCE1 : 0-(0、0)-(0、400)-0(mm)
     AREA_S = 1200.000(cm2)
     As_Cal = 0(mm2)
     As = 1200(mm2)
     Rsv = 1.03(%)
  ---------------------------------------------------------
     YBZ2
     Uc = 0.371
     X,Y = 25.966，12.864(m)
     LCB1、LS1(X1,Y1)-(X2,Y2)、LCE1 : 300-(0、-750)-(0、125)-0(mm)
     LCB2、LS2(X1,Y1)-(X2,Y2)、LCE2 : 0-(-150、-300)-(700、-300)-0(mm)
     LCB3、LS3(X1,Y1)-(X2,Y2)、LCE3 : 0-(-400、-0)-(150、0)-0(mm)
     AREA_S = 4900.000(cm2)
     As_Cal = 6175(mm2)
     As = 4900(mm2)
     Rsv = 1.03(%)
  ---------------------------------------------------------
     YBZ3
     Uc = 0.368
     X,Y = 33.366，12.864(m)
     LCB1、LS1(X1,Y1)-(X2,Y2)、LCE1 : 0-(-150、-0)-(400、0)-0(mm)
     LCB2、LS2(X1,Y1)-(X2,Y2)、LCE2 : 300-(0、-750)-(0、125)-0(mm)
     LCB3、LS3(X1,Y1)-(X2,Y2)、LCE3 : 0-(-700、-300)-(150、-300)-0(mm)
     AREA_S = 4900.000(cm2)
     As_Cal = 6478(mm2)
     As = 4900(mm2)
     Rsv = 1.03(%)
  ---------------------------------------------------------
     YBZ4
     Uc = 0.369
     X,Y = 33.366，10.864(m)
     LCB1、LS1(X1,Y1)-(X2,Y2)、LCE1 : 0-(0、0)-(0、400)-0(mm)
     AREA_S = 1200.000(cm2)
     As_Cal = 0(mm2)
     As = 1200(mm2)
     Rsv = 1.03(%)
  ---------------------------------------------------------
     GBZ5
     Uc = 0.293
     X,Y = 21.466，8.164(m)
     LCB1、LS1(X1,Y1)-(X2,Y2)、LCE1 : 0-(-150、-0)-(500、0)-0(mm)
     LCB2、LS2(X1,Y1)-(X2,Y2)、LCE2 : 0-(0、-850)-(0、150)-0(mm)
     LCB3、LS3(X1,Y1)-(X2,Y2)、LCE3 : 0-(-450、-700)-(150、-700)-0(mm)
     AREA_S = 4950.000(cm2)
     As_Cal = 1496(mm2)
     As = 2970(mm2)
     Rsv = 0.00(%)
     Dia、S = 6、150(mm)
  ---------------------------------------------------------
     GBZ6
     Uc = 0.282
     X,Y = 25.966，5.664(m)
     LCB1、LS1(X1,Y1)-(X2,Y2)、LCE1 : 0-(-0、-150)-(0、450)-0(mm)
     LCB2、LS2(X1,Y1)-(X2,Y2)、LCE2 : 0-(-750、0)-(150、0)-0(mm)
     AREA_S = 3600.000(cm2)
     As_Cal = 0(mm2)
     As = 2160(mm2)
     Rsv = 0.00(%)
     Dia、S = 6、150(mm)
  ---------------------------------------------------------
     GBZ7
     Uc = 0.281
     X,Y = 25.966，8.164(m)
     LCB1、LS1(X1,Y1)-(X2,Y2)、LCE1 : 0-(-0、-400)-(0、100)-0(mm)
     AREA_S = 1500.000(cm2)
     As_Cal = 0(mm2)
     As = 900(mm2)
     Rsv = 0.00(%)
     Dia、S = 6、150(mm)
  ---------------------------------------------------------
     GBZ8
     Uc = 0.286
     X,Y = 33.366，3.764(m)
     LCB1、LS1(X1,Y1)-(X2,Y2)、LCE1 : 0-(0、-150)-(0、600)-0(mm)
     LCB2、LS2(X1,Y1)-(X2,Y2)、LCE2 : 0-(-400、0)-(100、0)-0(mm)
     AREA_S = 2400.000(cm2)
     As_Cal = 1141(mm2)
     As = 1440(mm2)
     Rsv = 0.00(%)
     Dia、S = 6、150(mm)
  ---------------------------------------------------------
     GBZ9
     Uc = 0.280
     X,Y = 33.366，5.664(m)
     LCB1、LS1(X1,Y1)-(X2,Y2)、LCE1 : 0-(-0、-150)-(-0、450)-0(mm)
     LCB2、LS2(X1,Y1)-(X2,Y2)、LCE2 : 0-(-150、0)-(750、0)-0(mm)
     AREA_S = 3600.000(cm2)
     As_Cal = 0(mm2)
     As = 2160(mm2)
     Rsv = 0.00(%)
     Dia、S = 6、150(mm)
  ---------------------------------------------------------
     GBZ10
     Uc = 0.280
     X,Y = 33.366，8.164(m)
     LCB1、LS1(X1,Y1)-(X2,Y2)、LCE1 : 0-(0、-400)-(-0、100)-0(mm)
     AREA_S = 1500.000(cm2)
     As_Cal = 0(mm2)
     As = 900(mm2)
     Rsv = 0.00(%)
     Dia、S = 6、150(mm)
  ---------------------------------------------------------
     GBZ11
     Uc = 0.293
     X,Y = 37.466，8.164(m)
     LCB1、LS1(X1,Y1)-(X2,Y2)、LCE1 : 0-(-100、0)-(550、-0)-0(mm)
     LCB2、LS2(X1,Y1)-(X2,Y2)、LCE2 : 0-(400、-850)-(400、150)-0(mm)
     LCB3、LS3(X1,Y1)-(X2,Y2)、LCE3 : 0-(250、-700)-(850、-700)-0(mm)
     AREA_S = 4950.000(cm2)
     As_Cal = 1641(mm2)
     As = 2970(mm2)
     Rsv = 0.00(%)
     Dia、S = 6、150(mm)
  ---------------------------------------------------------
     GBZ12
     Uc = 0.294
     X,Y = 19.566，7.464(m)
     LCB1、LS1(X1,Y1)-(X2,Y2)、LCE1 : 0-(-100、0)-(400、0)-0(mm)
     AREA_S = 1500.000(cm2)
     As_Cal = 1495(mm2)
     As = 900(mm2)
     Rsv = 0.00(%)
     Dia、S = 6、150(mm)
  ---------------------------------------------------------
     GBZ13
     Uc = 0.293
     X,Y = 39.766，7.464(m)
     LCB1、LS1(X1,Y1)-(X2,Y2)、LCE1 : 0-(-400、0)-(100、0)-0(mm)
     AREA_S = 1500.000(cm2)
     As_Cal = 1641(mm2)
     As = 900(mm2)
     Rsv = 0.00(%)
     Dia、S = 6、150(mm)
  ---------------------------------------------------------
     GBZ14
     Uc = 0.271
     X,Y = 34.916，5.664(m)
     LCB1、LS1(X1,Y1)-(X2,Y2)、LCE1 : 0-(0、0)-(400、0)-0(mm)
     AREA_S = 1200.000(cm2)
     As_Cal = 2777(mm2)
     As = 720(mm2)
     Rsv = 0.00(%)
     Dia、S = 6、150(mm)
  ---------------------------------------------------------
     GBZ15
     Uc = 0.271
     X,Y = 37.316，5.664(m)
     LCB1、LS1(X1,Y1)-(X2,Y2)、LCE1 : 0-(-400、0)-(0、0)-0(mm)
     AREA_S = 1200.000(cm2)
     As_Cal = 2777(mm2)
     As = 720(mm2)
     Rsv = 0.00(%)
     Dia、S = 6、150(mm)
  ---------------------------------------------------------
     GBZ16
     Uc = 0.286
     X,Y = 31.266，3.764(m)
     LCB1、LS1(X1,Y1)-(X2,Y2)、LCE1 : 0-(0、0)-(1100、0)-0(mm)
     AREA_S = 3300.000(cm2)
     As_Cal = 0(mm2)
     As = 1980(mm2)
     Rsv = 0.00(%)
     Dia、S = 6、150(mm)
  ---------------------------------------------------------
     YBZ17
     Uc = 0.402
     X,Y = 25.966，-0.736(m)
     LCB1、LS1(X1,Y1)-(X2,Y2)、LCE1 : 0-(0、-100)-(0、300)-50(mm)
     AREA_S = 800.000(cm2)
     As_Cal = 0(mm2)
     As = 924(mm2)
     Rsv = 1.03(%)
  ---------------------------------------------------------
     YBZ18
     Uc = 0.402
     X,Y = 25.966，2.064(m)
     LCB1、LS1(X1,Y1)-(X2,Y2)、LCE1 : 0-(-0、-1400)-(-0、100)-0(mm)
     LCB2、LS2(X1,Y1)-(X2,Y2)、LCE2 : 0-(-100、0)-(400、0)-100(mm)
     AREA_S = 3600.000(cm2)
     As_Cal = 0(mm2)
     As = 3600(mm2)
     Rsv = 1.03(%)
  ---------------------------------------------------------
     YBZ19
     Uc = 0.318
     X,Y = 25.966，3.064(m)
     LCB1、LS1(X1,Y1)-(X2,Y2)、LCE1 : 0-(0、0)-(0、850)-0(mm)
     LCB2、LS2(X1,Y1)-(X2,Y2)、LCE2 : 0-(-100、700)-(400、700)-0(mm)
     AREA_S = 2600.000(cm2)
     As_Cal = 322(mm2)
     As = 2600(mm2)
     Rsv = 1.03(%)
  ---------------------------------------------------------
     YBZ20
     Uc = 0.318
     X,Y = 28.066，3.764(m)
     LCB1、LS1(X1,Y1)-(X2,Y2)、LCE1 : 0-(-400、0)-(0、0)-0(mm)
     AREA_S = 1200.000(cm2)
     As_Cal = 0(mm2)
     As = 1200(mm2)
     Rsv = 1.03(%)
  ---------------------------------------------------------
     YBZ21
     Uc = 0.312
     X,Y = 30.466，2.064(m)
     LCB1、LS1(X1,Y1)-(X2,Y2)、LCE1 : 0-(-150、0)-(500、0)-0(mm)
     LCB2、LS2(X1,Y1)-(X2,Y2)、LCE2 : 0-(0、-400)-(0、100)-0(mm)
     AREA_S = 2200.000(cm2)
     As_Cal = 3064(mm2)
     As = 2200(mm2)
     Rsv = 1.03(%)
  ---------------------------------------------------------
     YBZ22
     Uc = 0.401
     X,Y = 28.366，2.064(m)
     LCB1、LS1(X1,Y1)-(X2,Y2)、LCE1 : 0-(-400、0)-(100、0)-0(mm)
     LCB2、LS2(X1,Y1)-(X2,Y2)、LCE2 : 0-(0、-400)-(0、100)-0(mm)
     AREA_S = 1600.000(cm2)
     As_Cal = 990(mm2)
     As = 1600(mm2)
     Rsv = 1.03(%)
  ---------------------------------------------------------
     YBZ23
     Uc = 0.322
     X,Y = 32.966，2.064(m)
     LCB1、LS1(X1,Y1)-(X2,Y2)、LCE1 : 0-(0、0)-(550、0)-0(mm)
     LCB2、LS2(X1,Y1)-(X2,Y2)、LCE2 : 0-(400、-2000)-(400、100)-0(mm)
     AREA_S = 6800.000(cm2)
     As_Cal = 1175(mm2)
     As = 6800(mm2)
     Rsv = 1.03(%)
  ---------------------------------------------------------
     YBZ24
     Uc = 0.322
     X,Y = 33.366，-0.736(m)
     LCB1、LS1(X1,Y1)-(X2,Y2)、LCE1 : 0-(0、-100)-(0、400)-0(mm)
     AREA_S = 1500.000(cm2)
     As_Cal = 0(mm2)
     As = 1500(mm2)
     Rsv = 1.03(%)
  ---------------------------------------------------------
     YBZ25
     Uc = 0.357
     X,Y = 33.366，-6.236(m)
     LCB1、LS1(X1,Y1)-(X2,Y2)、LCE1 : 0-(0、-100)-(0、400)-100(mm)
     LCB2、LS2(X1,Y1)-(X2,Y2)、LCE2 : 0-(-750、0)-(150、0)-0(mm)
     AREA_S = 2700.000(cm2)
     As_Cal = 1402(mm2)
     As = 2700(mm2)
     Rsv = 1.03(%)
  ---------------------------------------------------------
     YBZ26
     Uc = 0.357
     X,Y = 33.366，-3.936(m)
     LCB1、LS1(X1,Y1)-(X2,Y2)、LCE1 : 0-(0、-1200)-(0、0)-0(mm)
     AREA_S = 3600.000(cm2)
     As_Cal = 0(mm2)
     As = 3600(mm2)
     Rsv = 1.03(%)
  ---------------------------------------------------------
     YBZ27
     Uc = 0.463
     X,Y = 28.366，-6.236(m)
     LCB1、LS1(X1,Y1)-(X2,Y2)、LCE1 : 0-(0、-100)-(0、650)-0(mm)
     LCB2、LS2(X1,Y1)-(X2,Y2)、LCE2 : 100-(-400、0)-(100、0)-0(mm)
     AREA_S = 2100.000(cm2)
     As_Cal = 348(mm2)
     As = 2100(mm2)
     Rsv = 1.71(%)
  ---------------------------------------------------------
     YBZ28
     Uc = 0.382
     X,Y = 14.666，-4.736(m)
     LCB1、LS1(X1,Y1)-(X2,Y2)、LCE1 : 0-(0、0)-(950、0)-0(mm)
     LCB2、LS2(X1,Y1)-(X2,Y2)、LCE2 : 100-(800、-400)-(800、100)-0(mm)
     AREA_S = 2800.000(cm2)
     As_Cal = 43(mm2)
     As = 2800(mm2)
     Rsv = 1.03(%)
  ---------------------------------------------------------
     YBZ29
     Uc = 0.464
     X,Y = 25.266，-4.736(m)
     LCB1、LS1(X1,Y1)-(X2,Y2)、LCE1 : 0-(0、0)-(800、0)-0(mm)
     LCB2、LS2(X1,Y1)-(X2,Y2)、LCE2 : 100-(700、-400)-(700、100)-0(mm)
     AREA_S = 2200.000(cm2)
     As_Cal = 307(mm2)
     As = 2200(mm2)
     Rsv = 1.71(%)
  ---------------------------------------------------------
     YBZ30
     Uc = 0.464
     X,Y = 25.966，-6.236(m)
     LCB1、LS1(X1,Y1)-(X2,Y2)、LCE1 : 0-(0、-100)-(0、400)-100(mm)
     LCB2、LS2(X1,Y1)-(X2,Y2)、LCE2 : 0-(-100、0)-(400、0)-100(mm)
     AREA_S = 1600.000(cm2)
     As_Cal = 0(mm2)
     As = 1600(mm2)
     Rsv = 1.71(%)
  ---------------------------------------------------------
     YBZ31
     Uc = 0.328
     X,Y = 30.466，-6.236(m)
     LCB1、LS1(X1,Y1)-(X2,Y2)、LCE1 : 0-(-150、0)-(700、0)-0(mm)
     LCB2、LS2(X1,Y1)-(X2,Y2)、LCE2 : 0-(0、-100)-(0、400)-0(mm)
     AREA_S = 2600.000(cm2)
     As_Cal = 1515(mm2)
     As = 2600(mm2)
     Rsv = 1.03(%)
  ---------------------------------------------------------
     YBZ32
     Uc = 0.398
     X,Y = 20.566，-13.336(m)
     LCB1、LS1(X1,Y1)-(X2,Y2)、LCE1 : 0-(-150、0)-(900、0)-0(mm)
     LCB2、LS2(X1,Y1)-(X2,Y2)、LCE2 : 0-(0、-150)-(0、450)-300(mm)
     AREA_S = 4050.000(cm2)
     As_Cal = 816(mm2)
     As = 4050(mm2)
     Rsv = 1.03(%)
  ---------------------------------------------------------
     YBZ33
     Uc = 0.399
     X,Y = 37.866，-13.336(m)
     LCB1、LS1(X1,Y1)-(X2,Y2)、LCE1 : 0-(0、0)-(1050、0)-0(mm)
     LCB2、LS2(X1,Y1)-(X2,Y2)、LCE2 : 0-(900、-150)-(900、450)-300(mm)
     AREA_S = 4050.000(cm2)
     As_Cal = 702(mm2)
     As = 4050(mm2)
     Rsv = 1.03(%)
  ---------------------------------------------------------
     YBZ34
     Uc = 0.373
     X,Y = 27.066，-14.036(m)
     LCB1、LS1(X1,Y1)-(X2,Y2)、LCE1 : 0-(0、0)-(0、850)-0(mm)
     LCB2、LS2(X1,Y1)-(X2,Y2)、LCE2 : 0-(-750、700)-(100、700)-0(mm)
     LCB3、LS3(X1,Y1)-(X2,Y2)、LCE3 : 0-(-600、550)-(-600、1150)-0(mm)
     AREA_S = 4550.000(cm2)
     As_Cal = 917(mm2)
     As = 4550(mm2)
     Rsv = 1.03(%)
  ---------------------------------------------------------
     YBZ35
     Uc = 0.374
     X,Y = 32.266，-14.036(m)
     LCB1、LS1(X1,Y1)-(X2,Y2)、LCE1 : 0-(0、0)-(0、850)-0(mm)
     LCB2、LS2(X1,Y1)-(X2,Y2)、LCE2 : 0-(-100、700)-(750、700)-0(mm)
     LCB3、LS3(X1,Y1)-(X2,Y2)、LCE3 : 0-(600、550)-(600、1150)-0(mm)
     AREA_S = 4550.000(cm2)
     As_Cal = 843(mm2)
     As = 4550(mm2)
     Rsv = 1.03(%)
  ---------------------------------------------------------
     YBZ36
     Uc = 0.385
     X,Y = 43.866，-4.736(m)
     LCB1、LS1(X1,Y1)-(X2,Y2)、LCE1 : 0-(-150、0)-(800、0)-0(mm)
     LCB2、LS2(X1,Y1)-(X2,Y2)、LCE2 : 100-(0、-400)-(0、100)-0(mm)
     AREA_S = 2800.000(cm2)
     As_Cal = 0(mm2)
     As = 2800(mm2)
     Rsv = 1.03(%)
  ---------------------------------------------------------
     YBZ37
     Uc = 0.373
     X,Y = 25.966，-9.586(m)
     LCB1、LS1(X1,Y1)-(X2,Y2)、LCE1 : 0-(-100、0)-(650、0)-0(mm)
     LCB2、LS2(X1,Y1)-(X2,Y2)、LCE2 : 0-(0、-100)-(0、350)-0(mm)
     LCB3、LS3(X1,Y1)-(X2,Y2)、LCE3 : 100-(500、-400)-(500、100)-0(mm)
     AREA_S = 2900.000(cm2)
     As_Cal = 615(mm2)
     As = 2900(mm2)
     Rsv = 1.03(%)
  ---------------------------------------------------------
     YBZ38
     Uc = 0.374
     X,Y = 33.366，-9.586(m)
     LCB1、LS1(X1,Y1)-(X2,Y2)、LCE1 : 0-(0、-100)-(0、350)-0(mm)
     LCB2、LS2(X1,Y1)-(X2,Y2)、LCE2 : 0-(-650、0)-(100、0)-0(mm)
     LCB3、LS3(X1,Y1)-(X2,Y2)、LCE3 : 100-(-500、-400)-(-500、100)-0(mm)
     AREA_S = 2900.000(cm2)
     As_Cal = 573(mm2)
     As = 2900(mm2)
     Rsv = 1.03(%)
  ---------------------------------------------------------
     GBZ39
     Uc = 0.275
     X,Y = 22.016，5.664(m)
     LCB1、LS1(X1,Y1)-(X2,Y2)、LCE1 : 0-(0、0)-(400、0)-0(mm)
     AREA_S = 1200.000(cm2)
     As_Cal = 2277(mm2)
     As = 720(mm2)
     Rsv = 0.00(%)
     Dia、S = 6、150(mm)
  ---------------------------------------------------------
     GBZ40
     Uc = 0.275
     X,Y = 24.416，5.664(m)
     LCB1、LS1(X1,Y1)-(X2,Y2)、LCE1 : 0-(-400、0)-(0、0)-0(mm)
     AREA_S = 1200.000(cm2)
     As_Cal = 2277(mm2)
     As = 720(mm2)
     Rsv = 0.00(%)
     Dia、S = 6、150(mm)
  ---------------------------------------------------------
     YBZ41
     Uc = 0.403
     X,Y = 29.116，12.564(m)
     LCB1、LS1(X1,Y1)-(X2,Y2)、LCE1 : 0-(0、0)-(1100、-0)-0(mm)
     LCB2、LS2(X1,Y1)-(X2,Y2)、LCE2 : 0-(550、-450)-(550、150)-0(mm)
     AREA_S = 4200.000(cm2)
     As_Cal = 0(mm2)
     As = 4200(mm2)
     Rsv = 1.03(%)
  ---------------------------------------------------------
     YBZ42
     Uc = 0.403
     X,Y = 29.666，10.864(m)
     LCB1、LS1(X1,Y1)-(X2,Y2)、LCE1 : 0-(0、0)-(0、400)-0(mm)
     AREA_S = 1200.000(cm2)
     As_Cal = 0(mm2)
     As = 1200(mm2)
     Rsv = 1.03(%)
  ---------------------------------------------------------
     GBZ43
     Uc = 0.328
     X,Y = 30.466，-4.736(m)
     LCB1、LS1(X1,Y1)-(X2,Y2)、LCE1 : 0-(0、-400)-(0、400)-0(mm)
     AREA_S = 2400.000(cm2)
     As_Cal = 0(mm2)
     As = 1440(mm2)
     Rsv = 0.00(%)
     Dia、S = 6、150(mm)
  ---------------------------------------------------------
     YBZ44
     Uc = 0.328
     X,Y = 30.466，-3.337(m)
     LCB1、LS1(X1,Y1)-(X2,Y2)、LCE1 : 50-(0、-400)-(0、0)-0(mm)
     AREA_S = 1200.000(cm2)
     As_Cal = 146(mm2)
     As = 1200(mm2)
     Rsv = 1.03(%)
  ---------------------------------------------------------
     YBZ45
     Uc = 0.312
     X,Y = 30.466，-0.937(m)
     LCB1、LS1(X1,Y1)-(X2,Y2)、LCE1 : 0-(0、0)-(0、400)-70(mm)
     AREA_S = 1200.000(cm2)
     As_Cal = 148(mm2)
     As = 1200(mm2)
     Rsv = 1.03(%)
  ---------------------------------------------------------
     GBZ46
     Uc = 0.312
     X,Y = 30.466，0.464(m)
     LCB1、LS1(X1,Y1)-(X2,Y2)、LCE1 : 0-(0、-400)-(0、400)-0(mm)
     AREA_S = 2400.000(cm2)
     As_Cal = 0(mm2)
     As = 1440(mm2)
     Rsv = 0.00(%)
     Dia、S = 6、150(mm)
  ---------------------------------------------------------
     YBZ47
     Uc = 0.441
     X,Y = 15.466，-13.336(m)
     LCB1、LS1(X1,Y1)-(X2,Y2)、LCE1 : 0-(0、-700)-(0、400)-0(mm)
     COL1 = 14、3200.000(cm2)
     AREA_S = 4100.000(cm2)
     As_Cal = 31(mm2)
     As = 4100(mm2)
     Rsv = 1.71(%)
  ---------------------------------------------------------
     YBZ48
     Uc = 0.410
     X,Y = 15.466，-9.336(m)
     LCB1、LS1(X1,Y1)-(X2,Y2)、LCE1 : 460-(0、-400)-(0、100)-0(mm)
     AREA_S = 1500.000(cm2)
     As_Cal = 0(mm2)
     As = 1500(mm2)
     Rsv = 1.71(%)
  ---------------------------------------------------------
     YBZ49
     Uc = 0.382
     X,Y = 15.466，-6.936(m)
     LCB1、LS1(X1,Y1)-(X2,Y2)、LCE1 : 0-(0、0)-(0、400)-0(mm)
     AREA_S = 1200.000(cm2)
     As_Cal = 0(mm2)
     As = 1200(mm2)
     Rsv = 1.03(%)
  ---------------------------------------------------------
     YBZ50
     Uc = 0.398
     X,Y = 20.566，-9.336(m)
     LCB1、LS1(X1,Y1)-(X2,Y2)、LCE1 : 140-(0、-400)-(0、100)-0(mm)
     AREA_S = 1500.000(cm2)
     As_Cal = 0(mm2)
     As = 1500(mm2)
     Rsv = 1.03(%)
  ---------------------------------------------------------
     YBZ51
     Uc = 0.399
     X,Y = 38.766，-9.336(m)
     LCB1、LS1(X1,Y1)-(X2,Y2)、LCE1 : 140-(0、-400)-(0、100)-0(mm)
     AREA_S = 1500.000(cm2)
     As_Cal = 0(mm2)
     As = 1500(mm2)
     Rsv = 1.03(%)
  ---------------------------------------------------------
     YBZ52
     Uc = 0.443
     X,Y = 43.866，-13.336(m)
     LCB1、LS1(X1,Y1)-(X2,Y2)、LCE1 : 0-(0、-700)-(0、400)-0(mm)
     COL1 = 15、3200.000(cm2)
     AREA_S = 4100.000(cm2)
     As_Cal = 137(mm2)
     As = 4100(mm2)
     Rsv = 1.71(%)
  ---------------------------------------------------------
     YBZ53
     Uc = 0.412
     X,Y = 43.866，-9.336(m)
     LCB1、LS1(X1,Y1)-(X2,Y2)、LCE1 : 460-(0、-400)-(0、100)-0(mm)
     AREA_S = 1500.000(cm2)
     As_Cal = 0(mm2)
     As = 1500(mm2)
     Rsv = 1.71(%)
  ---------------------------------------------------------
     YBZ54
     Uc = 0.385
     X,Y = 43.866，-6.936(m)
     LCB1、LS1(X1,Y1)-(X2,Y2)、LCE1 : 0-(0、0)-(0、400)-0(mm)
     AREA_S = 1200.000(cm2)
     As_Cal = 0(mm2)
     As = 1200(mm2)
     Rsv = 1.03(%)
