     **********************************************************
                    第 28 层边缘构件设计结果
     **********************************************************

     符号解释如下:
     Name     :缘构件名称，第一个字母Y、G分别表示约束或构造边缘构件，数字为编号
     Uc       :边缘构件平均轴压比
     X、Y     :边缘构件定位点坐标(m)
     LCB*、LS*(X1,Y1)-(X2,Y2)、LCE* :各肢起始端λ/2阴影区长度、阴影区坐标、终止端λ/2阴影区长度，使用相对于定位点的坐标表示(mm)
     COL*     :包含的边框柱建模编号、截面面积(cm2)
     AREA_S   :边缘构件阴影区面积(cm2)
     As_Cal   :阴影区计算纵筋面积(mm2)
     As       :阴影区构造纵筋面积(mm2)
     Rsv      :边缘构件箍筋体积配箍率(%)
     Dia、S   :构造边缘构件箍筋直径、间距(mm)

  ---------------------------------------------------------
     GBZ1
     Uc = 0.032
     X,Y = 33.366，3.764(m)
     LCB1、LS1(X1,Y1)-(X2,Y2)、LCE1 : 0-(0、-100)-(0、600)-0(mm)
     LCB2、LS2(X1,Y1)-(X2,Y2)、LCE2 : 0-(-400、0)-(100、0)-0(mm)
     AREA_S = 2000.000(cm2)
     As_Cal = 242(mm2)
     As = 1000(mm2)
     Rsv = 0.00(%)
     Dia、S = 6、200(mm)
  ---------------------------------------------------------
     GBZ2
     Uc = 0.031
     X,Y = 31.266，3.764(m)
     LCB1、LS1(X1,Y1)-(X2,Y2)、LCE1 : 0-(0、0)-(1000、0)-0(mm)
     AREA_S = 2000.000(cm2)
     As_Cal = 0(mm2)
     As = 1000(mm2)
     Rsv = 0.00(%)
     Dia、S = 6、200(mm)
  ---------------------------------------------------------
     GBZ3
     Uc = 0.042
     X,Y = 25.966，-0.736(m)
     LCB1、LS1(X1,Y1)-(X2,Y2)、LCE1 : 0-(0、0)-(0、400)-0(mm)
     AREA_S = 800.000(cm2)
     As_Cal = 0(mm2)
     As = 452(mm2)
     Rsv = 0.00(%)
     Dia、S = 6、200(mm)
  ---------------------------------------------------------
     GBZ4
     Uc = 0.042
     X,Y = 25.966，0.964(m)
     LCB1、LS1(X1,Y1)-(X2,Y2)、LCE1 : 0-(0、-300)-(0、360)-0(mm)
     AREA_S = 1320.000(cm2)
     As_Cal = 0(mm2)
     As = 660(mm2)
     Rsv = 0.00(%)
     Dia、S = 6、200(mm)
  ---------------------------------------------------------
     GBZ5
     Uc = 0.043
     X,Y = 25.966，2.064(m)
     LCB1、LS1(X1,Y1)-(X2,Y2)、LCE1 : 0-(-0、-400)-(-0、100)-0(mm)
     LCB2、LS2(X1,Y1)-(X2,Y2)、LCE2 : 0-(-100、0)-(400、0)-0(mm)
     AREA_S = 1600.000(cm2)
     As_Cal = 0(mm2)
     As = 800(mm2)
     Rsv = 0.00(%)
     Dia、S = 6、200(mm)
  ---------------------------------------------------------
     GBZ6
     Uc = 0.031
     X,Y = 25.966，3.064(m)
     LCB1、LS1(X1,Y1)-(X2,Y2)、LCE1 : 0-(0、0)-(0、800)-0(mm)
     LCB2、LS2(X1,Y1)-(X2,Y2)、LCE2 : 0-(-100、700)-(400、700)-0(mm)
     AREA_S = 2200.000(cm2)
     As_Cal = 566(mm2)
     As = 1100(mm2)
     Rsv = 0.00(%)
     Dia、S = 6、200(mm)
  ---------------------------------------------------------
     GBZ7
     Uc = 0.032
     X,Y = 28.066，3.764(m)
     LCB1、LS1(X1,Y1)-(X2,Y2)、LCE1 : 0-(-400、0)-(0、0)-0(mm)
     AREA_S = 800.000(cm2)
     As_Cal = 0(mm2)
     As = 452(mm2)
     Rsv = 0.00(%)
     Dia、S = 6、200(mm)
  ---------------------------------------------------------
     GBZ8
     Uc = 0.048
     X,Y = 30.466，2.064(m)
     LCB1、LS1(X1,Y1)-(X2,Y2)、LCE1 : 0-(-100、0)-(500、0)-0(mm)
     LCB2、LS2(X1,Y1)-(X2,Y2)、LCE2 : 0-(0、-400)-(0、100)-0(mm)
     AREA_S = 1800.000(cm2)
     As_Cal = 359(mm2)
     As = 900(mm2)
     Rsv = 0.00(%)
     Dia、S = 6、200(mm)
  ---------------------------------------------------------
     GBZ9
     Uc = 0.044
     X,Y = 28.366，2.064(m)
     LCB1、LS1(X1,Y1)-(X2,Y2)、LCE1 : 0-(-400、0)-(100、0)-0(mm)
     LCB2、LS2(X1,Y1)-(X2,Y2)、LCE2 : 0-(0、-400)-(0、100)-0(mm)
     AREA_S = 1600.000(cm2)
     As_Cal = 1355(mm2)
     As = 800(mm2)
     Rsv = 0.00(%)
     Dia、S = 6、200(mm)
  ---------------------------------------------------------
     GBZ10
     Uc = 0.043
     X,Y = 32.966，2.064(m)
     LCB1、LS1(X1,Y1)-(X2,Y2)、LCE1 : 0-(0、0)-(500、0)-0(mm)
     LCB2、LS2(X1,Y1)-(X2,Y2)、LCE2 : 0-(400、-400)-(400、100)-0(mm)
     AREA_S = 1600.000(cm2)
     As_Cal = 105(mm2)
     As = 800(mm2)
     Rsv = 0.00(%)
     Dia、S = 6、200(mm)
  ---------------------------------------------------------
     GBZ11
     Uc = 0.043
     X,Y = 33.366，-0.736(m)
     LCB1、LS1(X1,Y1)-(X2,Y2)、LCE1 : 0-(0、0)-(0、400)-0(mm)
     AREA_S = 800.000(cm2)
     As_Cal = 0(mm2)
     As = 452(mm2)
     Rsv = 0.00(%)
     Dia、S = 6、200(mm)
  ---------------------------------------------------------
     GBZ12
     Uc = 0.043
     X,Y = 33.366，0.464(m)
     LCB1、LS1(X1,Y1)-(X2,Y2)、LCE1 : 0-(0、-300)-(0、860)-0(mm)
     AREA_S = 2320.000(cm2)
     As_Cal = 0(mm2)
     As = 1160(mm2)
     Rsv = 0.00(%)
     Dia、S = 6、200(mm)
  ---------------------------------------------------------
     GBZ13
     Uc = 0.042
     X,Y = 33.366，-6.236(m)
     LCB1、LS1(X1,Y1)-(X2,Y2)、LCE1 : 0-(0、-100)-(0、400)-0(mm)
     LCB2、LS2(X1,Y1)-(X2,Y2)、LCE2 : 0-(-600、0)-(100、0)-0(mm)
     AREA_S = 2000.000(cm2)
     As_Cal = 195(mm2)
     As = 1000(mm2)
     Rsv = 0.00(%)
     Dia、S = 6、200(mm)
  ---------------------------------------------------------
     GBZ14
     Uc = 0.042
     X,Y = 33.366，-4.136(m)
     LCB1、LS1(X1,Y1)-(X2,Y2)、LCE1 : 0-(0、-900)-(0、0)-0(mm)
     AREA_S = 1800.000(cm2)
     As_Cal = 0(mm2)
     As = 900(mm2)
     Rsv = 0.00(%)
     Dia、S = 6、200(mm)
  ---------------------------------------------------------
     GBZ15
     Uc = 0.040
     X,Y = 28.366，-6.236(m)
     LCB1、LS1(X1,Y1)-(X2,Y2)、LCE1 : 0-(0、-100)-(0、650)-0(mm)
     LCB2、LS2(X1,Y1)-(X2,Y2)、LCE2 : 0-(-400、0)-(100、0)-0(mm)
     AREA_S = 2100.000(cm2)
     As_Cal = 417(mm2)
     As = 1050(mm2)
     Rsv = 0.00(%)
     Dia、S = 6、200(mm)
  ---------------------------------------------------------
     GBZ16
     Uc = 0.029
     X,Y = 25.266，-4.736(m)
     LCB1、LS1(X1,Y1)-(X2,Y2)、LCE1 : 0-(0、0)-(800、0)-0(mm)
     LCB2、LS2(X1,Y1)-(X2,Y2)、LCE2 : 0-(700、-400)-(700、100)-0(mm)
     AREA_S = 2200.000(cm2)
     As_Cal = 844(mm2)
     As = 1100(mm2)
     Rsv = 0.00(%)
     Dia、S = 6、200(mm)
  ---------------------------------------------------------
     GBZ17
     Uc = 0.036
     X,Y = 25.966，-6.236(m)
     LCB1、LS1(X1,Y1)-(X2,Y2)、LCE1 : 0-(0、-100)-(0、400)-0(mm)
     LCB2、LS2(X1,Y1)-(X2,Y2)、LCE2 : 0-(-100、0)-(400、0)-0(mm)
     AREA_S = 1600.000(cm2)
     As_Cal = 216(mm2)
     As = 800(mm2)
     Rsv = 0.00(%)
     Dia、S = 6、200(mm)
  ---------------------------------------------------------
     GBZ18
     Uc = 0.044
     X,Y = 30.466，-6.236(m)
     LCB1、LS1(X1,Y1)-(X2,Y2)、LCE1 : 0-(-100、0)-(700、0)-0(mm)
     LCB2、LS2(X1,Y1)-(X2,Y2)、LCE2 : 0-(0、-100)-(0、400)-0(mm)
     AREA_S = 2200.000(cm2)
     As_Cal = 59(mm2)
     As = 1100(mm2)
     Rsv = 0.00(%)
     Dia、S = 6、200(mm)
  ---------------------------------------------------------
     GBZ19
     Uc = 0.044
     X,Y = 30.466，-4.736(m)
     LCB1、LS1(X1,Y1)-(X2,Y2)、LCE1 : 0-(0、-300)-(0、300)-0(mm)
     AREA_S = 1200.000(cm2)
     As_Cal = 0(mm2)
     As = 600(mm2)
     Rsv = 0.00(%)
     Dia、S = 6、200(mm)
  ---------------------------------------------------------
     GBZ20
     Uc = 0.044
     X,Y = 30.466，-3.337(m)
     LCB1、LS1(X1,Y1)-(X2,Y2)、LCE1 : 0-(0、-400)-(0、0)-0(mm)
     AREA_S = 800.000(cm2)
     As_Cal = 0(mm2)
     As = 452(mm2)
     Rsv = 0.00(%)
     Dia、S = 6、200(mm)
  ---------------------------------------------------------
     GBZ21
     Uc = 0.048
     X,Y = 30.466，-0.937(m)
     LCB1、LS1(X1,Y1)-(X2,Y2)、LCE1 : 0-(0、0)-(0、400)-0(mm)
     AREA_S = 800.000(cm2)
     As_Cal = 0(mm2)
     As = 452(mm2)
     Rsv = 0.00(%)
     Dia、S = 6、200(mm)
  ---------------------------------------------------------
     GBZ22
     Uc = 0.048
     X,Y = 30.466，0.464(m)
     LCB1、LS1(X1,Y1)-(X2,Y2)、LCE1 : 0-(0、-300)-(0、300)-0(mm)
     AREA_S = 1200.000(cm2)
     As_Cal = 0(mm2)
     As = 600(mm2)
     Rsv = 0.00(%)
     Dia、S = 6、200(mm)
