     **********************************************************
                                     位移输出文件
     **********************************************************

     采用强制刚性楼板假定模型计算结果
     单位    : mm

     Floor   : 层号
     Tower   : 塔号
     Jmax    : 最大位移对应的节点号
     JmaxD   : 最大层间位移对应的节点号
     Max-(Z) : Z方向的节点最大位移
     h       : 层高
     Max-(X)，Max-(Y)   : X,Y方向的节点最大位移
     Ave-(X)，Ave-(Y)   : X,Y方向的层平均位移
     Max-Dx ，Max-Dy    : X,Y方向的最大层间位移
     Ave-Dx ，Ave-Dy    : X,Y方向的平均层间位移
     Ratio-(X),Ratio-(Y): 最大位移与层平均位移的比值
     Ratio-Dx,Ratio-Dy  : 最大层间位移与平均层间位移的比值
     Max-Dx/h，Max-Dy/h : X,Y方向的最大层间位移角
     DxR/Dx,DyR/Dy      : X,Y方向的有害位移角占总位移角的百分比例
     Ratio_AX,Ratio_AY  : 本层位移角与上层位移角的1.3倍及上三层平均位移角的1.2倍的比值的大者
     X-Disp，Y-Disp，Z-Disp:节点X,Y,Z方向的位移

  === 工况17 === X 方向地震作用下的楼层最大位移

  Floor  Tower    Jmax     Max-(X)   Ave-(X)        h
                  JmaxD    Max-Dx    Ave-Dx     Max-Dx/h    DxR/Dx    Ratio_AX

   29     1    29000001     50.03    40.80         4500
               29000062      1.43     1.26       1/3151      7.38%    1.00
   28     1    28000001     48.76    39.64         4500
               28000099      1.56     1.36       1/2877      5.57%    0.83
   27     1    27000097     48.06    38.72         3000
               27000097      1.10     0.93       1/2738      8.48%    0.91
   26     1    26000073     47.08    37.85         3000
               26000073      1.20     1.01       1/2493      8.46%    0.96
   25     1    25000073     46.02    36.92         3000
               25000073      1.31     1.10       1/2286      7.81%    0.97
   24     1    24000073     44.86    35.92         3000
               24000099      1.42     1.18       1/2108      6.77%    0.97
   23     1    23000099     43.61    34.85         3000
               23000099      1.53     1.26       1/1965      5.80%    0.96
   22     1    22000099     42.26    33.71         3000
               22000099      1.62     1.33       1/1849      4.95%    0.94
   21     1    21000099     40.82    32.50         3000
               21000099      1.71     1.40       1/1754      4.23%    0.93
   20     1    20000099     39.29    31.22         3000
               20000073      1.79     1.46       1/1676      3.62%    0.91
   19     1    19000099     37.68    29.89         3000
               19000073      1.86     1.51       1/1612      3.06%    0.90
   18     1    18000073     35.98    28.49         3000
               18000073      1.93     1.56       1/1558      2.47%    0.89
   17     1    17000073     34.21    27.05         3000
               17000099      1.98     1.59       1/1515      1.41%    0.88
   16     1    16000099     32.38    25.56         3000
               16000099      2.01     1.62       1/1489      1.75%    0.87
   15     1    15000073     30.50    24.04         3000
               15000099      2.06     1.64       1/1459      1.55%    0.86
   14     1    14000073     28.57    22.48         3000
               14000073      2.09     1.67       1/1432      1.28%    0.86
   13     1    13000073     26.59    20.89         3000
               13000099      2.13     1.69       1/1410      0.98%    0.86
   12     1    12000099     24.57    19.28         3000
               12000073      2.15     1.70       1/1393      0.64%    0.85
   11     1    11000099     22.51    17.64         3000
               11000073      2.17     1.71       1/1380      0.27%    0.85
   10     1    10000073     20.42    15.98         3000
               10000073      2.19     1.72       1/1373      0.21%    0.84
    9     1     9000073     18.30    14.31         3000
                9000073      2.19     1.71       1/1372      1.13%    0.83
    8     1     8000073     16.17    12.63         3000
                8000099      2.17     1.69       1/1383      0.95%    0.82
    7     1     7000073     14.05    10.97         3000
                7000099      2.15     1.67       1/1393      1.45%    0.82
    6     1     6000099     11.93     9.32         3000
                6000099      2.13     1.65       1/1410      2.25%    0.81
    5     1     5000073      9.83     7.68         3000
                5000099      2.08     1.61       1/1441      3.52%    0.80
    4     1     4000099      7.76     6.08         3000
                4000073      2.01     1.55       1/1494      5.66%    0.79
    3     1     3000099      5.76     4.53         3000
                3000073      1.89     1.46       1/1589      9.89%    0.76
    2     1     2000099      3.88     3.06         3000
                2000073      1.69     1.32       1/1779     33.48%    0.71
    1     1     1000101      2.19     1.75         6000
                1000101      2.19     1.75       1/2734    100.00%    0.51

  X向最大层间位移角：  1/1372  (9层1塔)

  === 工况18 === X 双向地震作用下的楼层最大位移

  Floor  Tower    Jmax     Max-(X)   Ave-(X)        h
                  JmaxD    Max-Dx    Ave-Dx     Max-Dx/h    DxR/Dx    Ratio_AX

   29     1    29000062     50.08    41.34         4500
               29000001      1.43     1.28       1/3149      7.42%    1.00
   28     1    28000001     48.81    40.16         4500
               28000099      1.57     1.38       1/2874      5.79%    0.83
   27     1    27000097     48.12    39.23         3000
               27000097      1.10     0.94       1/2733      8.46%    0.91
   26     1    26000099     47.14    38.35         3000
               26000073      1.21     1.03       1/2489      8.42%    0.96
   25     1    25000099     46.07    37.41         3000
               25000099      1.31     1.11       1/2282      7.78%    0.97
   24     1    24000099     44.91    36.39         3000
               24000073      1.43     1.20       1/2105      6.75%    0.97
   23     1    23000073     43.66    35.31         3000
               23000073      1.53     1.28       1/1962      5.78%    0.96
   22     1    22000099     42.31    34.15         3000
               22000099      1.63     1.35       1/1846      4.93%    0.94
   21     1    21000099     40.87    32.92         3000
               21000073      1.71     1.42       1/1752      4.22%    0.93
   20     1    20000099     39.33    31.62         3000
               20000099      1.79     1.48       1/1674      3.61%    0.91
   19     1    19000073     37.72    30.26         3000
               19000099      1.86     1.53       1/1609      3.05%    0.90
   18     1    18000099     36.02    28.85         3000
               18000099      1.93     1.58       1/1556      2.46%    0.89
   17     1    17000073     34.25    27.38         3000
               17000099      1.98     1.61       1/1513      1.40%    0.88
   16     1    16000099     32.42    25.87         3000
               16000073      2.02     1.64       1/1487      1.74%    0.87
   15     1    15000099     30.54    24.33         3000
               15000073      2.06     1.66       1/1457      1.54%    0.86
   14     1    14000099     28.60    22.75         3000
               14000099      2.10     1.69       1/1431      1.27%    0.86
   13     1    13000073     26.62    21.14         3000
               13000099      2.13     1.71       1/1408      0.97%    0.86
   12     1    12000073     24.60    19.50         3000
               12000099      2.16     1.73       1/1391      0.63%    0.85
   11     1    11000099     22.53    17.84         3000
               11000073      2.18     1.74       1/1378      0.26%    0.85
   10     1    10000099     20.44    16.16         3000
               10000099      2.19     1.74       1/1371      0.22%    0.84
    9     1     9000073     18.32    14.47         3000
                9000073      2.19     1.73       1/1370      1.13%    0.83
    8     1     8000099     16.19    12.77         3000
                8000099      2.17     1.71       1/1382      0.97%    0.82
    7     1     7000073     14.06    11.09         3000
                7000073      2.16     1.69       1/1391      1.47%    0.82
    6     1     6000099     11.94     9.41         3000
                6000073      2.13     1.67       1/1409      2.27%    0.81
    5     1     5000099      9.83     7.75         3000
                5000073      2.08     1.63       1/1439      3.55%    0.80
    4     1     4000099      7.77     6.13         3000
                4000073      2.01     1.57       1/1493      5.70%    0.79
    3     1     3000099      5.77     4.56         3000
                3000099      1.89     1.48       1/1588      9.96%    0.76
    2     1     2000073      3.88     3.09         3000
                2000099      1.69     1.33       1/1778     33.55%    0.71
    1     1     1000075      2.19     1.76         6000
                1000075      2.19     1.76       1/2734    100.00%    0.51

  X向最大层间位移角：  1/1370  (9层1塔)

  === 工况12 === X+ 偶然偏心地震作用下的楼层最大位移

  Floor  Tower    Jmax     Max-(X)   Ave-(X)        h
                  JmaxD    Max-Dx    Ave-Dx     Max-Dx/h    DxR/Dx    Ratio_AX

   29     1    29000001     46.92    41.01         4500
               29000001      1.33     1.28       1/3373      7.34%    1.00
   28     1    28000001     45.73    39.83         4500
               28000001      1.46     1.37       1/3088      4.77%    0.83
   27     1    27000071     44.96    38.82         3000
               27000071      1.02     0.94       1/2933      8.53%    0.90
   26     1    26000099     44.05    37.95         3000
               26000099      1.12     1.02       1/2668      8.34%    0.95
   25     1    25000099     43.05    37.01         3000
               25000099      1.23     1.11       1/2444      7.71%    0.97
   24     1    24000099     41.98    36.00         3000
               24000073      1.33     1.19       1/2254      6.69%    0.97
   23     1    23000073     40.81    34.92         3000
               23000099      1.43     1.27       1/2100      5.73%    0.96
   22     1    22000073     39.55    33.77         3000
               22000099      1.52     1.34       1/1976      4.89%    0.94
   21     1    21000099     38.20    32.55         3000
               21000073      1.60     1.41       1/1875      4.18%    0.93
   20     1    20000099     36.77    31.26         3000
               20000099      1.67     1.46       1/1792      3.57%    0.91
   19     1    19000099     35.26    29.91         3000
               19000073      1.74     1.52       1/1723      3.02%    0.90
   18     1    18000073     33.68    28.51         3000
               18000099      1.80     1.56       1/1666      2.43%    0.89
   17     1    17000073     32.03    27.06         3000
               17000073      1.85     1.60       1/1621      1.37%    0.88
   16     1    16000073     30.31    25.56         3000
               16000073      1.88     1.62       1/1593      1.71%    0.87
   15     1    15000099     28.56    24.04         3000
               15000099      1.92     1.65       1/1561      1.51%    0.86
   14     1    14000099     26.76    22.47         3000
               14000073      1.96     1.67       1/1533      1.24%    0.86
   13     1    13000073     24.91    20.88         3000
               13000099      1.99     1.69       1/1509      0.94%    0.86
   12     1    12000099     23.02    19.26         3000
               12000099      2.01     1.71       1/1490      0.60%    0.85
   11     1    11000099     21.10    17.62         3000
               11000099      2.03     1.72       1/1477      0.22%    0.85
   10     1    10000099     19.14    15.96         3000
               10000073      2.04     1.72       1/1469      0.26%    0.84
    9     1     9000099     17.17    14.29         3000
                9000099      2.04     1.71       1/1468      1.18%    0.83
    8     1     8000099     15.18    12.61         3000
                8000073      2.03     1.69       1/1480      1.00%    0.82
    7     1     7000099     13.19    10.95         3000
                7000073      2.01     1.67       1/1490      1.50%    0.82
    6     1     6000099     11.21     9.29         3000
                6000099      1.99     1.65       1/1508      2.29%    0.81
    5     1     5000073      9.24     7.66         3000
                5000073      1.95     1.61       1/1539      3.56%    0.80
    4     1     4000099      7.31     6.06         3000
                4000073      1.88     1.55       1/1594      5.69%    0.79
    3     1     3000073      5.44     4.51         3000
                3000073      1.77     1.46       1/1693      9.92%    0.76
    2     1     2000099      3.67     3.05         3000
                2000099      1.59     1.31       1/1889     33.44%    0.71
    1     1     1000075      2.08     1.74         6000
                1000075      2.08     1.74       1/2883    100.00%    0.51

  X向最大层间位移角：  1/1468  (9层1塔)

  === 工况13 === X- 偶然偏心地震作用下的楼层最大位移

  Floor  Tower    Jmax     Max-(X)   Ave-(X)        h
                  JmaxD    Max-Dx    Ave-Dx     Max-Dx/h    DxR/Dx    Ratio_AX

   29     1    29000062     53.15    40.65         4500
               29000062      1.52     1.25       1/2956      7.44%    1.00
   28     1    28000062     51.80    39.50         4500
               28000001      1.67     1.34       1/2691      6.42%    0.83
   27     1    27000071     51.18    38.67         3000
               27000071      1.17     0.92       1/2566      8.43%    0.92
   26     1    26000099     50.13    37.81         3000
               26000099      1.28     1.00       1/2339      8.56%    0.96
   25     1    25000099     48.99    36.89         3000
               25000073      1.40     1.09       1/2146      7.91%    0.97
   24     1    24000099     47.76    35.90         3000
               24000073      1.52     1.17       1/1980      6.85%    0.97
   23     1    23000073     46.43    34.84         3000
               23000099      1.63     1.25       1/1845      5.86%    0.96
   22     1    22000073     44.99    33.70         3000
               22000099      1.73     1.33       1/1736      5.00%    0.94
   21     1    21000073     43.46    32.50         3000
               21000099      1.82     1.39       1/1647      4.28%    0.93
   20     1    20000073     41.82    31.23         3000
               20000099      1.91     1.45       1/1574      3.67%    0.91
   19     1    19000073     40.10    29.90         3000
               19000073      1.98     1.51       1/1513      3.10%    0.90
   18     1    18000099     38.30    28.51         3000
               18000073      2.05     1.55       1/1463      2.52%    0.89
   17     1    17000073     36.41    27.07         3000
               17000073      2.11     1.59       1/1422      1.45%    0.88
   16     1    16000073     34.46    25.58         3000
               16000073      2.15     1.61       1/1397      1.79%    0.87
   15     1    15000099     32.46    24.07         3000
               15000099      2.19     1.64       1/1369      1.59%    0.86
   14     1    14000099     30.40    22.52         3000
               14000073      2.23     1.67       1/1344      1.32%    0.86
   13     1    13000099     28.29    20.93         3000
               13000073      2.27     1.69       1/1323      1.02%    0.86
   12     1    12000099     26.13    19.32         3000
               12000073      2.30     1.70       1/1307      0.68%    0.85
   11     1    11000099     23.93    17.68         3000
               11000073      2.32     1.71       1/1295      0.31%    0.85
   10     1    10000073     21.70    16.02         3000
               10000099      2.33     1.72       1/1288      0.17%    0.84
    9     1     9000099     19.45    14.35         3000
                9000099      2.33     1.71       1/1287      1.08%    0.84
    8     1     8000099     17.18    12.67         3000
                8000099      2.31     1.70       1/1298      0.91%    0.82
    7     1     7000073     14.91    11.01         3000
                7000073      2.29     1.68       1/1308      1.41%    0.82
    6     1     6000099     12.65     9.35         3000
                6000099      2.27     1.65       1/1324      2.20%    0.81
    5     1     5000073     10.41     7.71         3000
                5000099      2.22     1.62       1/1354      3.48%    0.80
    4     1     4000099      8.22     6.10         3000
                4000073      2.13     1.56       1/1405      5.63%    0.79
    3     1     3000073      6.09     4.55         3000
                3000099      2.00     1.47       1/1497      9.88%    0.76
    2     1     2000073      4.09     3.08         3000
                2000073      1.79     1.32       1/1680     33.53%    0.71
    1     1     1000101      2.31     1.76         6000
                1000101      2.31     1.76       1/2600    100.00%    0.51

  X向最大层间位移角：  1/1287  (9层1塔)

  === 工况19 === Y 方向地震作用下的楼层最大位移

  Floor  Tower    Jmax     Max-(Y)   Ave-(Y)        h
                  JmaxD    Max-Dy    Ave-Dy     Max-Dy/h    DyR/Dy    Ratio_AY

   29     1    29000102     40.89    36.51         4500
               29000102      1.42     1.30       1/3170      9.45%    1.00
   28     1    28000101     39.55    35.29         4500
               28000101      1.57     1.42       1/2875     12.75%    0.84
   27     1    27000167     38.04    33.97         3000
               27000167      1.18     1.07       1/2535      5.27%    0.98
   26     1    26000174     36.94    32.99         3000
               26000171      1.25     1.12       1/2409      5.02%    0.98
   25     1    25000171     35.78    31.96         3000
               25000174      1.31     1.18       1/2294      4.77%    0.94
   24     1    24000174     34.58    30.88         3000
               24000174      1.37     1.24       1/2188      4.33%    0.92
   23     1    23000171     33.32    29.76         3000
               23000171      1.43     1.29       1/2095      3.82%    0.91
   22     1    22000174     32.01    28.59         3000
               22000174      1.49     1.34       1/2016      3.30%    0.90
   21     1    21000174     30.64    27.37         3000
               21000174      1.54     1.38       1/1950      2.80%    0.89
   20     1    20000174     29.22    26.10         3000
               20000174      1.58     1.42       1/1896      2.34%    0.89
   19     1    19000174     27.75    24.79         3000
               19000171      1.62     1.46       1/1851      1.89%    0.88
   18     1    18000171     26.24    23.45         3000
               18000171      1.65     1.48       1/1816      1.44%    0.87
   17     1    17000174     24.69    22.07         3000
               17000171      1.68     1.50       1/1789      0.75%    0.86
   16     1    16000171     23.11    20.66         3000
               16000174      1.69     1.52       1/1775      0.74%    0.85
   15     1    15000174     21.50    19.23         3000
               15000171      1.70     1.53       1/1762      0.46%    0.85
   14     1    14000174     19.88    17.78         3000
               14000174      1.71     1.53       1/1754      0.15%    0.84
   13     1    13000174     18.24    16.32         3000
               13000174      1.71     1.54       1/1751      0.21%    0.84
   12     1    12000171     16.58    14.84         3000
               12000171      1.71     1.53       1/1754      0.63%    0.83
   11     1    11000174     14.92    13.36         3000
               11000171      1.70     1.53       1/1765      1.14%    0.83
   10     1    10000171     13.27    11.88         3000
               10000171      1.68     1.51       1/1785      1.80%    0.82
    9     1     9000171     11.62    10.41         3000
                9000174      1.65     1.48       1/1817      2.75%    0.81
    8     1     8000174      9.99     8.96         3000
                8000171      1.61     1.44       1/1868      3.31%    0.80
    7     1     7000171      8.41     7.54         3000
                7000171      1.55     1.40       1/1932      4.55%    0.79
    6     1     6000174      6.87     6.16         3000
                6000174      1.48     1.33       1/2023      6.36%    0.77
    5     1     5000171      5.39     4.85         3000
                5000174      1.39     1.25       1/2160      9.15%    0.75
    4     1     4000174      4.01     3.61         3000
                4000171      1.26     1.14       1/2376     13.62%    0.71
    3     1     3000174      2.75     2.48         3000
                3000174      1.09     0.98       1/2751     21.95%    0.66
    2     1     2000174      1.66     1.50         3000
                2000171      0.85     0.77       1/3529     52.52%    0.60
    1     1     1000175      0.81     0.73         6000
                1000175      0.81     0.73       1/7421    100.00%    0.37

  Y向最大层间位移角：  1/1751  (13层1塔)

  === 工况20 === Y 双向地震作用下的楼层最大位移

  Floor  Tower    Jmax     Max-(Y)   Ave-(Y)        h
                  JmaxD    Max-Dy    Ave-Dy     Max-Dy/h    DyR/Dy    Ratio_AY

   29     1    29000101     44.26    39.81         4500
               29000101      1.50     1.41       1/3003      9.60%    1.00
   28     1    28000102     42.89    38.54         4500
               28000102      1.66     1.54       1/2708     13.33%    0.84
   27     1    27000167     41.26    37.09         3000
               27000170      1.25     1.15       1/2405      5.49%    0.99
   26     1    26000171     40.12    36.05         3000
               26000171      1.32     1.21       1/2277      5.15%    0.98
   25     1    25000174     38.92    34.96         3000
               25000171      1.39     1.28       1/2162      4.90%    0.94
   24     1    24000174     37.67    33.81         3000
               24000174      1.46     1.34       1/2055      4.44%    0.92
   23     1    23000174     36.35    32.61         3000
               23000171      1.53     1.40       1/1963      3.92%    0.91
   22     1    22000171     34.97    31.36         3000
               22000174      1.59     1.45       1/1885      3.39%    0.91
   21     1    21000171     33.53    30.05         3000
               21000174      1.65     1.50       1/1820      2.88%    0.90
   20     1    20000174     32.03    28.68         3000
               20000171      1.70     1.55       1/1766      2.41%    0.89
   19     1    19000174     30.48    27.27         3000
               19000171      1.74     1.59       1/1721      1.96%    0.88
   18     1    18000174     28.87    25.82         3000
               18000174      1.78     1.62       1/1686      1.51%    0.87
   17     1    17000174     27.22    24.33         3000
               17000174      1.81     1.64       1/1658      0.81%    0.86
   16     1    16000174     25.53    22.80         3000
               16000171      1.83     1.66       1/1644      0.81%    0.85
   15     1    15000174     23.81    21.25         3000
               15000174      1.84     1.67       1/1628      0.54%    0.85
   14     1    14000171     22.07    19.67         3000
               14000174      1.85     1.68       1/1617      0.23%    0.84
   13     1    13000171     20.30    18.08         3000
               13000171      1.86     1.69       1/1611      0.12%    0.84
   12     1    12000174     18.52    16.47         3000
               12000171      1.86     1.69       1/1610      0.53%    0.84
   11     1    11000174     16.72    14.86         3000
               11000174      1.86     1.68       1/1616      1.03%    0.83
   10     1    10000171     14.92    13.24         3000
               10000171      1.84     1.66       1/1630      1.67%    0.82
    9     1     9000174     13.13    11.63         3000
                9000174      1.81     1.64       1/1653      2.61%    0.81
    8     1     8000171     11.35    10.03         3000
                8000174      1.77     1.60       1/1693      3.12%    0.80
    7     1     7000174      9.61     8.47         3000
                7000171      1.72     1.55       1/1742      4.31%    0.79
    6     1     6000171      7.90     6.95         3000
                6000174      1.66     1.48       1/1812      6.07%    0.77
    5     1     5000174      6.26     5.49         3000
                5000174      1.56     1.40       1/1919      8.78%    0.75
    4     1     4000174      4.71     4.11         3000
                4000171      1.44     1.28       1/2089     13.13%    0.72
    3     1     3000174      3.28     2.84         3000
                3000171      1.26     1.11       1/2382     21.21%    0.67
    2     1     2000174      2.02     1.74         3000
                2000174      1.01     0.88       1/2983     51.27%    0.61
    1     1     1000172      1.02     0.86         6000
                1000172      1.02     0.86       1/5872    100.00%    0.37

  Y向最大层间位移角：  1/1610  (12层1塔)

  === 工况14 === Y+ 偶然偏心地震作用下的楼层最大位移

  Floor  Tower    Jmax     Max-(Y)   Ave-(Y)        h
                  JmaxD    Max-Dy    Ave-Dy     Max-Dy/h    DyR/Dy    Ratio_AY

   29     1    29000002     37.86    36.38         4500
               29000002      1.39     1.29       1/3249      9.43%    1.00
   28     1    28000004     36.59    35.18         4500
               28000002      1.52     1.42       1/2968     12.62%    0.84
   27     1    27000004     35.21    33.86         3000
               27000004      1.10     1.06       1/2738      5.29%    0.98
   26     1    26000004     34.21    32.88         3000
               26000004      1.16     1.12       1/2597      5.03%    0.98
   25     1    25000004     33.17    31.86         3000
               25000001      1.22     1.17       1/2467      4.78%    0.94
   24     1    24000001     32.08    30.79         3000
               24000001      1.28     1.23       1/2351      4.33%    0.92
   23     1    23000001     30.93    29.67         3000
               23000004      1.33     1.28       1/2252      3.82%    0.91
   22     1    22000004     29.74    28.50         3000
               22000001      1.38     1.33       1/2168      3.31%    0.90
   21     1    21000004     28.50    27.28         3000
               21000004      1.43     1.38       1/2098      2.81%    0.89
   20     1    20000004     27.21    26.02         3000
               20000004      1.47     1.42       1/2040      2.34%    0.89
   19     1    19000004     25.87    24.72         3000
               19000001      1.50     1.45       1/1993      1.90%    0.88
   18     1    18000004     24.49    23.38         3000
               18000004      1.53     1.48       1/1956      1.44%    0.87
   17     1    17000004     23.08    22.01         3000
               17000001      1.56     1.50       1/1928      0.76%    0.86
   16     1    16000004     21.63    20.60         3000
               16000001      1.57     1.51       1/1913      0.75%    0.85
   15     1    15000001     20.17    19.18         3000
               15000001      1.58     1.52       1/1897      0.47%    0.85
   14     1    14000004     18.68    17.73         3000
               14000004      1.59     1.53       1/1887      0.16%    0.84
   13     1    13000001     17.17    16.27         3000
               13000004      1.59     1.53       1/1882      0.20%    0.84
   12     1    12000001     15.65    14.81         3000
               12000001      1.59     1.53       1/1884      0.62%    0.83
   11     1    11000004     14.12    13.33         3000
               11000001      1.59     1.52       1/1893      1.13%    0.83
   10     1    10000004     12.59    11.86         3000
               10000004      1.57     1.50       1/1911      1.79%    0.82
    9     1     9000001     11.06    10.39         3000
                9000001      1.55     1.48       1/1941      2.74%    0.81
    8     1     8000001      9.55     8.94         3000
                8000001      1.51     1.44       1/1991      3.30%    0.80
    7     1     7000004      8.07     7.53         3000
                7000001      1.46     1.39       1/2052      4.54%    0.79
    6     1     6000004      6.63     6.15         3000
                6000004      1.40     1.33       1/2140      6.35%    0.77
    5     1     5000001      5.24     4.84         3000
                5000004      1.32     1.25       1/2272      9.14%    0.75
    4     1     4000001      3.93     3.60         3000
                4000001      1.21     1.13       1/2482     13.60%    0.71
    3     1     3000004      2.72     2.47         3000
                3000004      1.06     0.98       1/2843     21.90%    0.66
    2     1     2000004      1.67     1.50         3000
                2000004      0.84     0.77       1/3577     52.44%    0.60
    1     1     1000004      0.83     0.73         6000
                1000004      0.83     0.73       1/7224    100.00%    0.37

  Y向最大层间位移角：  1/1882  (13层1塔)

  === 工况15 === Y- 偶然偏心地震作用下的楼层最大位移

  Floor  Tower    Jmax     Max-(Y)   Ave-(Y)        h
                  JmaxD    Max-Dy    Ave-Dy     Max-Dy/h    DyR/Dy    Ratio_AY

   29     1    29000102     46.89    36.66         4500
               29000102      1.64     1.30       1/2749      9.47%    1.00
   28     1    28000102     45.37    35.44         4500
               28000102      1.81     1.43       1/2481     12.85%    0.84
   27     1    27000167     43.59    34.11         3000
               27000167      1.34     1.07       1/2236      5.25%    0.98
   26     1    26000174     42.35    33.13         3000
               26000174      1.41     1.13       1/2123      5.01%    0.98
   25     1    25000174     41.05    32.09         3000
               25000171      1.49     1.19       1/2020      4.77%    0.94
   24     1    24000174     39.69    31.01         3000
               24000174      1.56     1.24       1/1924      4.32%    0.92
   23     1    23000174     38.26    29.88         3000
               23000171      1.63     1.30       1/1841      3.81%    0.91
   22     1    22000174     36.77    28.71         3000
               22000174      1.69     1.34       1/1770      3.29%    0.90
   21     1    21000174     35.22    27.48         3000
               21000171      1.75     1.39       1/1711      2.80%    0.89
   20     1    20000174     33.61    26.21         3000
               20000171      1.81     1.43       1/1662      2.33%    0.89
   19     1    19000171     31.95    24.89         3000
               19000171      1.85     1.46       1/1622      1.88%    0.88
   18     1    18000171     30.23    23.54         3000
               18000174      1.89     1.49       1/1590      1.43%    0.87
   17     1    17000174     28.47    22.16         3000
               17000174      1.92     1.51       1/1566      0.75%    0.86
   16     1    16000171     26.67    20.74         3000
               16000174      1.93     1.52       1/1554      0.73%    0.85
   15     1    15000171     24.84    19.30         3000
               15000174      1.95     1.53       1/1541      0.46%    0.85
   14     1    14000171     22.99    17.85         3000
               14000174      1.96     1.54       1/1532      0.14%    0.84
   13     1    13000174     21.11    16.38         3000
               13000171      1.96     1.54       1/1529      0.21%    0.84
   12     1    12000174     19.22    14.90         3000
               12000174      1.96     1.54       1/1530      0.63%    0.83
   11     1    11000174     17.33    13.41         3000
               11000174      1.95     1.53       1/1538      1.15%    0.83
   10     1    10000171     15.43    11.93         3000
               10000171      1.93     1.52       1/1553      1.81%    0.82
    9     1     9000171     13.54    10.45         3000
                9000174      1.90     1.49       1/1579      2.76%    0.81
    8     1     8000171     11.67     8.99         3000
                8000171      1.85     1.45       1/1621      3.32%    0.80
    7     1     7000171      9.84     7.57         3000
                7000174      1.79     1.40       1/1672      4.55%    0.79
    6     1     6000171      8.06     6.19         3000
                6000171      1.72     1.34       1/1746      6.37%    0.77
    5     1     5000171      6.35     4.86         3000
                5000174      1.62     1.25       1/1857      9.16%    0.75
    4     1     4000174      4.74     3.62         3000
                4000174      1.47     1.14       1/2034     13.64%    0.71
    3     1     3000174      3.27     2.49         3000
                3000174      1.28     0.99       1/2340     21.98%    0.66
    2     1     2000171      1.99     1.50         3000
                2000171      1.01     0.77       1/2972     52.58%    0.60
    1     1     1000172      0.98     0.74         6000
                1000172      0.98     0.74       1/6099    100.00%    0.36

  Y向最大层间位移角：  1/1529  (13层1塔)

  === 工况21 === 最不利地震方向 176.252 下的楼层最大位移

  Floor  Tower    Jmax     Max-(X)   Ave-(X)        h
                  JmaxD    Max-Dx    Ave-Dx     Max-Dx/h    DxR/Dx    Ratio_AX

   29     1    29000001     51.12    41.32         4500
               29000001      1.45     1.28       1/3097      7.38%    1.00
   28     1    28000001     49.83    40.14         4500
               28000001      1.59     1.38       1/2822      5.49%    0.83
   27     1    27000001     48.65    38.97         3000
               27000001      1.11     0.93       1/2707      8.48%    0.91
   26     1    26000001     47.66    38.10         3000
               26000001      1.22     1.02       1/2465      8.44%    0.96
   25     1    25000001     46.58    37.17         3000
               25000001      1.33     1.10       1/2260      7.80%    0.97
   24     1    24000001     45.41    36.16         3000
               24000001      1.44     1.19       1/2084      6.76%    0.97
   23     1    23000001     44.15    35.08         3000
               23000001      1.54     1.27       1/1942      5.79%    0.96
   22     1    22000001     42.78    33.93         3000
               22000001      1.64     1.34       1/1827      4.94%    0.94
   21     1    21000001     41.33    32.71         3000
               21000001      1.73     1.41       1/1734      4.23%    0.93
   20     1    20000001     39.78    31.42         3000
               20000001      1.81     1.47       1/1656      3.62%    0.91
   19     1    19000001     38.14    30.08         3000
               19000001      1.88     1.52       1/1592      3.06%    0.90
   18     1    18000001     36.43    28.67         3000
               18000001      1.95     1.57       1/1539      2.47%    0.89
   17     1    17000001     34.64    27.22         3000
               17000001      2.00     1.60       1/1497      1.41%    0.88
   16     1    16000001     32.79    25.72         3000
               16000001      2.04     1.63       1/1471      1.75%    0.87
   15     1    15000001     30.89    24.18         3000
               15000001      2.08     1.65       1/1441      1.55%    0.86
   14     1    14000001     28.93    22.62         3000
               14000001      2.12     1.68       1/1415      1.28%    0.86
   13     1    13000001     26.93    21.02         3000
               13000001      2.15     1.70       1/1393      0.97%    0.86
   12     1    12000001     24.88    19.39         3000
               12000001      2.18     1.71       1/1375      0.64%    0.85
   11     1    11000001     22.79    17.74         3000
               11000001      2.20     1.72       1/1363      0.26%    0.85
   10     1    10000001     20.68    16.07         3000
               10000001      2.21     1.73       1/1355      0.22%    0.84
    9     1     9000001     18.53    14.39         3000
                9000001      2.22     1.72       1/1354      1.13%    0.83
    8     1     8000001     16.37    12.70         3000
                8000001      2.20     1.70       1/1366      0.96%    0.82
    7     1     7000001     14.22    11.03         3000
                7000001      2.18     1.68       1/1375      1.46%    0.82
    6     1     6000001     12.08     9.36         3000
                6000001      2.15     1.66       1/1392      2.26%    0.81
    5     1     5000001      9.95     7.72         3000
                5000001      2.11     1.62       1/1422      3.53%    0.80
    4     1     4000001      7.85     6.10         3000
                4000001      2.03     1.56       1/1475      5.68%    0.79
    3     1     3000001      5.83     4.54         3000
                3000001      1.91     1.47       1/1570      9.92%    0.76
    2     1     2000001      3.92     3.07         3000
                2000001      1.71     1.32       1/1758     33.52%    0.71
    1     1     1000001      2.22     1.75         6000
                1000001      2.22     1.75       1/2707    100.00%    0.51

  X向最大层间位移角：  1/1354  (9层1塔)

  === 工况22 === 最不利地震方向 266.252 下的楼层最大位移

  Floor  Tower    Jmax     Max-(Y)   Ave-(Y)        h
                  JmaxD    Max-Dy    Ave-Dy     Max-Dy/h    DyR/Dy    Ratio_AY

   29     1    29000101     45.14    40.23         4500
               29000101      1.55     1.43       1/2908      9.45%    1.00
   28     1    28000101     43.68    38.90         4500
               28000101      1.71     1.57       1/2637     12.84%    0.84
   27     1    27000167     42.13    37.50         3000
               27000167      1.30     1.18       1/2314      5.27%    0.98
   26     1    26000171     40.92    36.42         3000
               26000171      1.36     1.24       1/2198      5.03%    0.98
   25     1    25000171     39.66    35.29         3000
               25000171      1.43     1.30       1/2092      4.78%    0.94
   24     1    24000171     38.33    34.10         3000
               24000171      1.50     1.36       1/1994      4.33%    0.92
   23     1    23000171     36.95    32.86         3000
               23000171      1.57     1.42       1/1908      3.82%    0.91
   22     1    22000171     35.50    31.57         3000
               22000171      1.64     1.48       1/1834      3.30%    0.90
   21     1    21000171     33.99    30.23         3000
               21000171      1.69     1.53       1/1772      2.81%    0.89
   20     1    20000171     32.42    28.83         3000
               20000171      1.74     1.57       1/1721      2.34%    0.89
   19     1    19000171     30.80    27.39         3000
               19000171      1.79     1.61       1/1679      1.89%    0.88
   18     1    18000171     29.13    25.90         3000
               18000171      1.82     1.64       1/1645      1.44%    0.87
   17     1    17000171     27.42    24.38         3000
               17000171      1.85     1.66       1/1620      0.76%    0.86
   16     1    16000171     25.67    22.83         3000
               16000171      1.87     1.67       1/1606      0.74%    0.85
   15     1    15000171     23.89    21.25         3000
               15000171      1.88     1.69       1/1593      0.47%    0.85
   14     1    14000171     22.09    19.65         3000
               14000171      1.89     1.70       1/1584      0.15%    0.84
   13     1    13000171     20.27    18.04         3000
               13000171      1.90     1.70       1/1581      0.20%    0.84
   12     1    12000171     18.43    16.41         3000
               12000171      1.90     1.70       1/1583      0.62%    0.83
   11     1    11000171     16.59    14.77         3000
               11000171      1.88     1.69       1/1592      1.14%    0.83
   10     1    10000171     14.75    13.14         3000
               10000171      1.86     1.67       1/1609      1.79%    0.82
    9     1     9000171     12.92    11.52         3000
                9000171      1.83     1.64       1/1638      2.75%    0.81
    8     1     8000171     11.11     9.91         3000
                8000171      1.78     1.59       1/1683      3.30%    0.80
    7     1     7000171      9.35     8.35         3000
                7000171      1.72     1.54       1/1740      4.53%    0.79
    6     1     6000171      7.64     6.83         3000
                6000171      1.65     1.47       1/1822      6.35%    0.77
    5     1     5000171      6.00     5.37         3000
                5000171      1.54     1.38       1/1944      9.13%    0.75
    4     1     4000171      4.46     4.00         3000
                4000171      1.40     1.26       1/2138     13.59%    0.71
    3     1     3000171      3.06     2.75         3000
                3000171      1.21     1.09       1/2473     21.90%    0.66
    2     1     2000171      1.85     1.66         3000
                2000171      0.95     0.85       1/3167     52.43%    0.60
    1     1     1000172      0.91     0.82         6000
                1000172      0.91     0.82       1/6626    100.00%    0.37

  Y向最大层间位移角：  1/1581  (13层1塔)

  === 工况2 === +X 方向风荷载作用下的楼层最大位移

  Floor  Tower    Jmax     Max-(X)   Ave-(X)    Ratio-(X)       h
                  JmaxD    Max-Dx    Ave-Dx     Ratio-Dx    Max-Dx/h    DxR/Dx    Ratio_AX

   29     1    29000017     51.84    50.02        1.04         4500
               29000101      3.29     2.03        1.62       1/1368      9.98%    1.00
   28     1    28000018     49.53    48.04        1.03         4500
               28000101      2.97     2.23        1.33       1/1515     17.58%    0.85
   27     1    27000152     46.86    45.54        1.03         3000
               27000029      1.35     1.22        1.11       1/2217      2.85%    0.72
   26     1    26000031     45.50    44.31        1.03         3000
               26000031      1.38     1.26        1.10       1/2168      4.08%    0.79
   25     1    25000155     44.12    43.04        1.03         3000
               25000155      1.43     1.31        1.10       1/2092      4.62%    0.83
   24     1    24000031     42.69    41.72        1.02         3000
               24000155      1.49     1.37        1.09       1/2012      4.67%    0.90
   23     1    23000155     41.19    40.35        1.02         3000
               23000031      1.55     1.43        1.09       1/1933      4.48%    0.91
   22     1    22000031     39.64    38.91        1.02         3000
               22000031      1.61     1.49        1.08       1/1862      4.19%    0.91
   21     1    21000031     38.03    37.40        1.02         3000
               21000031      1.67     1.56        1.07       1/1797      3.84%    0.91
   20     1    20000155     36.36    35.84        1.01         3000
               20000031      1.72     1.61        1.07       1/1740      3.47%    0.90
   19     1    19000155     34.64    34.21        1.01         3000
               19000031      1.78     1.67        1.06       1/1690      3.06%    0.90
   18     1    18000155     32.86    32.53        1.01         3000
               18000155      1.82     1.72        1.06       1/1648      2.56%    0.89
   17     1    17000155     31.04    30.80        1.01         3000
               17000031      1.86     1.76        1.05       1/1615      1.57%    0.88
   16     1    16000155     29.18    29.03        1.01         3000
               16000031      1.88     1.79        1.05       1/1597      1.90%    0.87
   15     1    15000031     27.31    27.22        1.00         3000
               15000031      1.91     1.83        1.04       1/1574      1.69%    0.87
   14     1    14000031     25.40    25.39        1.00         3000
               14000031      1.93     1.86        1.04       1/1555      1.40%    0.86
   13     1    13000099     23.58    23.53        1.00         3000
               13000155      1.95     1.88        1.04       1/1541      1.07%    0.86
   12     1    12000073     21.75    21.64        1.01         3000
               12000031      1.96     1.90        1.03       1/1532      0.69%    0.85
   11     1    11000099     19.89    19.73        1.01         3000
               11000031      1.96     1.91        1.03       1/1529      0.25%    0.85
   10     1    10000099     18.01    17.81        1.01         3000
               10000031      1.96     1.92        1.02       1/1534      0.34%    0.84
    9     1     9000099     16.12    15.89        1.01         3000
                9000155      1.94     1.91        1.01       1/1549      1.35%    0.83
    8     1     8000099     14.23    13.97        1.02         3000
                8000031      1.90     1.88        1.01       1/1579      1.29%    0.82
    7     1     7000073     12.35    12.08        1.02         3000
                7000073      1.86     1.86        1.00       1/1611      1.93%    0.81
    6     1     6000073     10.49    10.22        1.03         3000
                6000099      1.84     1.82        1.01       1/1633      2.87%    0.81
    5     1     5000099      8.65     8.39        1.03         3000
                5000099      1.80     1.77        1.02       1/1671      4.24%    0.80
    4     1     4000099      6.85     6.62        1.03         3000
                4000073      1.73     1.69        1.02       1/1734      6.37%    0.78
    3     1     3000073      5.12     4.93        1.04         3000
                3000099      1.63     1.58        1.03       1/1839     10.21%    0.75
    2     1     2000073      3.49     3.35        1.04         3000
                2000099      1.48     1.42        1.04       1/2032     32.19%    0.71
    1     1     1000101      2.02     1.92        1.05         6000
                1000101      2.02     1.92        1.05       1/2976    100.00%    0.52

  X向最大层间位移角：  1/1368  (29层1塔)
  X方向最大位移与层平均位移的比值：  1.05  (1层1塔)
  X方向最大层间位移与平均层间位移的比值：  1.62  (29层1塔)

  === 工况3 === -X 方向风荷载作用下的楼层最大位移

  Floor  Tower    Jmax     Max-(X)   Ave-(X)    Ratio-(X)       h
                  JmaxD    Max-Dx    Ave-Dx     Ratio-Dx    Max-Dx/h    DxR/Dx    Ratio_AX

   29     1    29000017     51.84    50.02        1.04         4500
               29000101      3.29     2.03        1.62       1/1368      9.98%    1.00
   28     1    28000018     49.53    48.04        1.03         4500
               28000101      2.97     2.23        1.33       1/1515     17.58%    0.85
   27     1    27000152     46.86    45.54        1.03         3000
               27000029      1.35     1.22        1.11       1/2217      2.85%    0.72
   26     1    26000031     45.50    44.31        1.03         3000
               26000031      1.38     1.26        1.10       1/2168      4.08%    0.79
   25     1    25000155     44.12    43.04        1.03         3000
               25000155      1.43     1.31        1.10       1/2092      4.62%    0.83
   24     1    24000031     42.69    41.72        1.02         3000
               24000155      1.49     1.37        1.09       1/2012      4.67%    0.90
   23     1    23000155     41.19    40.35        1.02         3000
               23000031      1.55     1.43        1.09       1/1933      4.48%    0.91
   22     1    22000031     39.64    38.91        1.02         3000
               22000031      1.61     1.49        1.08       1/1862      4.19%    0.91
   21     1    21000031     38.03    37.40        1.02         3000
               21000031      1.67     1.56        1.07       1/1797      3.84%    0.91
   20     1    20000155     36.36    35.84        1.01         3000
               20000031      1.72     1.61        1.07       1/1740      3.47%    0.90
   19     1    19000155     34.64    34.21        1.01         3000
               19000031      1.78     1.67        1.06       1/1690      3.06%    0.90
   18     1    18000155     32.86    32.53        1.01         3000
               18000155      1.82     1.72        1.06       1/1648      2.56%    0.89
   17     1    17000155     31.04    30.80        1.01         3000
               17000031      1.86     1.76        1.05       1/1615      1.57%    0.88
   16     1    16000155     29.18    29.03        1.01         3000
               16000031      1.88     1.79        1.05       1/1597      1.90%    0.87
   15     1    15000031     27.31    27.22        1.00         3000
               15000031      1.91     1.83        1.04       1/1574      1.69%    0.87
   14     1    14000031     25.40    25.39        1.00         3000
               14000031      1.93     1.86        1.04       1/1555      1.40%    0.86
   13     1    13000099     23.58    23.53        1.00         3000
               13000155      1.95     1.88        1.04       1/1541      1.07%    0.86
   12     1    12000073     21.75    21.64        1.01         3000
               12000031      1.96     1.90        1.03       1/1532      0.69%    0.85
   11     1    11000099     19.89    19.73        1.01         3000
               11000031      1.96     1.91        1.03       1/1529      0.25%    0.85
   10     1    10000099     18.01    17.81        1.01         3000
               10000031      1.96     1.92        1.02       1/1534      0.34%    0.84
    9     1     9000099     16.12    15.89        1.01         3000
                9000155      1.94     1.91        1.01       1/1549      1.35%    0.83
    8     1     8000099     14.23    13.97        1.02         3000
                8000031      1.90     1.88        1.01       1/1579      1.29%    0.82
    7     1     7000073     12.35    12.08        1.02         3000
                7000073      1.86     1.86        1.00       1/1611      1.93%    0.81
    6     1     6000073     10.49    10.22        1.03         3000
                6000099      1.84     1.82        1.01       1/1633      2.87%    0.81
    5     1     5000099      8.65     8.39        1.03         3000
                5000099      1.80     1.77        1.02       1/1671      4.24%    0.80
    4     1     4000099      6.85     6.62        1.03         3000
                4000073      1.73     1.69        1.02       1/1734      6.37%    0.78
    3     1     3000073      5.12     4.93        1.04         3000
                3000099      1.63     1.58        1.03       1/1839     10.21%    0.75
    2     1     2000073      3.49     3.35        1.04         3000
                2000099      1.48     1.42        1.04       1/2032     32.19%    0.71
    1     1     1000101      2.02     1.92        1.05         6000
                1000101      2.02     1.92        1.05       1/2976    100.00%    0.52

  X向最大层间位移角：  1/1368  (29层1塔)
  X方向最大位移与层平均位移的比值：  1.05  (1层1塔)
  X方向最大层间位移与平均层间位移的比值：  1.62  (29层1塔)

  === 工况4 === +Y 方向风荷载作用下的楼层最大位移

  Floor  Tower    Jmax     Max-(Y)   Ave-(Y)    Ratio-(Y)       h
                  JmaxD    Max-Dy    Ave-Dy     Ratio-Dy    Max-Dy/h    DyR/Dy    Ratio_AY

   29     1    29000101     64.15    61.19        1.05         4500
               29000093      4.07     2.66        1.53       1/1105     12.81%    1.00
   28     1    28000101     60.29    58.17        1.04         4500
               28000097      4.39     2.98        1.47       1/1025     10.38%    0.87
   27     1    27000170     56.01    54.05        1.04         3000
               27000167      1.83     1.75        1.05       1/1642      2.73%    0.79
   26     1    26000171     54.18    52.30        1.04         3000
               26000171      1.88     1.79        1.05       1/1599      3.14%    0.83
   25     1    25000171     52.31    50.51        1.04         3000
               25000171      1.93     1.85        1.05       1/1552      3.19%    0.84
   24     1    24000171     50.37    48.66        1.04         3000
               24000171      1.99     1.91        1.04       1/1505      3.22%    0.89
   23     1    23000171     48.38    46.75        1.03         3000
               23000174      2.06     1.97        1.04       1/1459      3.10%    0.89
   22     1    22000171     46.33    44.78        1.03         3000
               22000174      2.12     2.03        1.04       1/1417      2.91%    0.89
   21     1    21000171     44.21    42.75        1.03         3000
               21000174      2.18     2.09        1.04       1/1378      2.66%    0.88
   20     1    20000174     42.03    40.66        1.03         3000
               20000171      2.23     2.15        1.04       1/1343      2.37%    0.88
   19     1    19000174     39.80    38.51        1.03         3000
               19000171      2.28     2.20        1.04       1/1313      2.03%    0.88
   18     1    18000171     37.51    36.32        1.03         3000
               18000171      2.33     2.24        1.04       1/1288      1.63%    0.87
   17     1    17000171     35.18    34.08        1.03         3000
               17000171      2.37     2.28        1.04       1/1268      0.97%    0.86
   16     1    16000171     32.82    31.80        1.03         3000
               16000171      2.39     2.30        1.04       1/1257      0.93%    0.86
   15     1    15000174     30.43    29.50        1.03         3000
               15000171      2.41     2.32        1.04       1/1246      0.62%    0.85
   14     1    14000171     28.02    27.18        1.03         3000
               14000171      2.42     2.34        1.04       1/1239      0.25%    0.85
   13     1    13000171     25.60    24.84        1.03         3000
               13000171      2.43     2.34        1.04       1/1237      0.18%    0.84
   12     1    12000174     23.18    22.50        1.03         3000
               12000171      2.42     2.34        1.04       1/1240      0.70%    0.83
   11     1    11000174     20.76    20.16        1.03         3000
               11000174      2.40     2.32        1.03       1/1250      1.33%    0.83
   10     1    10000174     18.36    17.84        1.03         3000
               10000174      2.37     2.29        1.03       1/1267      2.11%    0.82
    9     1     9000174     15.99    15.55        1.03         3000
                9000171      2.32     2.24        1.03       1/1295      3.18%    0.81
    8     1     8000174     13.67    13.31        1.03         3000
                8000171      2.24     2.17        1.03       1/1338      3.82%    0.79
    7     1     7000174     11.43    11.14        1.03         3000
                7000174      2.15     2.09        1.03       1/1393      5.15%    0.78
    6     1     6000174      9.28     9.05        1.02         3000
                6000171      2.04     1.98        1.03       1/1469      7.03%    0.76
    5     1     5000171      7.23     7.08        1.02         3000
                5000171      1.90     1.84        1.03       1/1582      9.82%    0.74
    4     1     4000171      5.34     5.23        1.02         3000
                4000174      1.71     1.66        1.03       1/1757     14.21%    0.70
    3     1     3000174      3.63     3.57        1.02         3000
                3000174      1.46     1.42        1.03       1/2054     22.37%    0.66
    2     1     2000171      2.17     2.15        1.01         3000
                2000174      1.13     1.11        1.02       1/2666     52.71%    0.60
    1     1     1000172      1.05     1.05        1.00         6000
                1000172      1.05     1.05        1.00       1/5737    100.00%    0.36

  Y向最大层间位移角：  1/1025  (28层1塔)
  Y方向最大位移与层平均位移的比值：  1.05  (29层1塔)
  Y方向最大层间位移与平均层间位移的比值：  1.53  (29层1塔)

  === 工况5 === -Y 方向风荷载作用下的楼层最大位移

  Floor  Tower    Jmax     Max-(Y)   Ave-(Y)    Ratio-(Y)       h
                  JmaxD    Max-Dy    Ave-Dy     Ratio-Dy    Max-Dy/h    DyR/Dy    Ratio_AY

   29     1    29000101     64.15    61.19        1.05         4500
               29000093      4.07     2.66        1.53       1/1105     12.81%    1.00
   28     1    28000101     60.29    58.17        1.04         4500
               28000097      4.39     2.98        1.47       1/1025     10.38%    0.87
   27     1    27000170     56.01    54.05        1.04         3000
               27000167      1.83     1.75        1.05       1/1642      2.73%    0.79
   26     1    26000171     54.18    52.30        1.04         3000
               26000171      1.88     1.79        1.05       1/1599      3.14%    0.83
   25     1    25000171     52.31    50.51        1.04         3000
               25000171      1.93     1.85        1.05       1/1552      3.19%    0.84
   24     1    24000171     50.37    48.66        1.04         3000
               24000171      1.99     1.91        1.04       1/1505      3.22%    0.89
   23     1    23000171     48.38    46.75        1.03         3000
               23000174      2.06     1.97        1.04       1/1459      3.10%    0.89
   22     1    22000171     46.33    44.78        1.03         3000
               22000174      2.12     2.03        1.04       1/1417      2.91%    0.89
   21     1    21000171     44.21    42.75        1.03         3000
               21000174      2.18     2.09        1.04       1/1378      2.66%    0.88
   20     1    20000174     42.03    40.66        1.03         3000
               20000171      2.23     2.15        1.04       1/1343      2.37%    0.88
   19     1    19000174     39.80    38.51        1.03         3000
               19000171      2.28     2.20        1.04       1/1313      2.03%    0.88
   18     1    18000171     37.51    36.32        1.03         3000
               18000171      2.33     2.24        1.04       1/1288      1.63%    0.87
   17     1    17000171     35.18    34.08        1.03         3000
               17000171      2.37     2.28        1.04       1/1268      0.97%    0.86
   16     1    16000171     32.82    31.80        1.03         3000
               16000171      2.39     2.30        1.04       1/1257      0.93%    0.86
   15     1    15000174     30.43    29.50        1.03         3000
               15000171      2.41     2.32        1.04       1/1246      0.62%    0.85
   14     1    14000171     28.02    27.18        1.03         3000
               14000171      2.42     2.34        1.04       1/1239      0.25%    0.85
   13     1    13000171     25.60    24.84        1.03         3000
               13000171      2.43     2.34        1.04       1/1237      0.18%    0.84
   12     1    12000174     23.18    22.50        1.03         3000
               12000171      2.42     2.34        1.04       1/1240      0.70%    0.83
   11     1    11000174     20.76    20.16        1.03         3000
               11000174      2.40     2.32        1.03       1/1250      1.33%    0.83
   10     1    10000174     18.36    17.84        1.03         3000
               10000174      2.37     2.29        1.03       1/1267      2.11%    0.82
    9     1     9000174     15.99    15.55        1.03         3000
                9000171      2.32     2.24        1.03       1/1295      3.18%    0.81
    8     1     8000174     13.67    13.31        1.03         3000
                8000171      2.24     2.17        1.03       1/1338      3.82%    0.79
    7     1     7000174     11.43    11.14        1.03         3000
                7000174      2.15     2.09        1.03       1/1393      5.15%    0.78
    6     1     6000174      9.28     9.05        1.02         3000
                6000171      2.04     1.98        1.03       1/1469      7.03%    0.76
    5     1     5000171      7.23     7.08        1.02         3000
                5000171      1.90     1.84        1.03       1/1582      9.82%    0.74
    4     1     4000171      5.34     5.23        1.02         3000
                4000174      1.71     1.66        1.03       1/1757     14.21%    0.70
    3     1     3000174      3.63     3.57        1.02         3000
                3000174      1.46     1.42        1.03       1/2054     22.37%    0.66
    2     1     2000171      2.17     2.15        1.01         3000
                2000174      1.13     1.11        1.02       1/2666     52.71%    0.60
    1     1     1000172      1.05     1.05        1.00         6000
                1000172      1.05     1.05        1.00       1/5737    100.00%    0.36

  Y向最大层间位移角：  1/1025  (28层1塔)
  Y方向最大位移与层平均位移的比值：  1.05  (29层1塔)
  Y方向最大层间位移与平均层间位移的比值：  1.53  (29层1塔)

  === 工况16 === 竖向恒载作用下的楼层最大位移

  Floor  Tower    Jmax       Max-(Z)

   29      1  29000046        -2.10
   28      1  28000046        -2.28
   27      1  27000087        -3.34
   26      1  26000078        -3.38
   25      1  25000157        -4.05
   24      1  24000157        -4.74
   23      1  23000157        -5.37
   22      1  22000157        -5.92
   21      1  21000157        -6.40
   20      1  20000157        -6.81
   19      1  19000157        -7.15
   18      1  18000157        -7.42
   17      1  17000157        -7.61
   16      1  16000157        -7.72
   15      1  15000157        -7.81
   14      1  14000157        -7.83
   13      1  13000157        -7.78
   12      1  12000157        -7.67
   11      1  11000157        -7.49
   10      1  10000157        -7.25
    9      1   9000157        -6.93
    8      1   8000157        -6.54
    7      1   7000157        -6.13
    6      1   6000157        -5.66
    5      1   5000157        -5.12
    4      1   4000157        -4.51
    3      1   3000157        -3.84
    2      1   2000157        -3.10
    1      1   1000080        -2.76

  === 工况1 === 竖向活载作用下的楼层最大位移

  Floor  Tower    Jmax       Max-(Z)

   29      1  29000062        -2.66
   28      1  28000062        -2.66
   27      1  27000096        -2.76
   26      1  26000098        -2.79
   25      1  25000098        -2.77
   24      1  24000098        -2.75
   23      1  23000098        -2.72
   22      1  22000098        -2.68
   21      1  21000098        -2.64
   20      1  20000098        -2.58
   19      1  19000098        -2.52
   18      1  18000098        -2.46
   17      1  17000098        -2.38
   16      1  16000098        -2.29
   15      1  15000098        -2.21
   14      1  14000098        -2.12
   13      1  13000098        -2.02
   12      1  12000098        -1.92
   11      1  11000022        -1.81
   10      1  10000022        -1.70
    9      1   9000022        -1.58
    8      1   8000022        -1.46
    7      1   7000022        -1.34
    6      1   6000022        -1.21
    5      1   5000022        -1.07
    4      1   4000022        -0.93
    3      1   3000022        -0.78
    2      1   2000143        -0.62
    1      1   1000080        -0.51

  === 工况6 === X 方向规定水平力作用下的楼层最大位移

  Floor  Tower    Jmax     Max-(X)   Ave-(X)    Ratio-(X)       h
                  JmaxD    Max-Dx    Ave-Dx     Ratio-Dx         

   29     1    29000001     47.06    43.77        1.08         4500
               29000092      1.51     1.45        1.04
   28     1    28000001     45.65    42.31        1.08         4500
               28000092      1.58     1.54        1.03
   27     1    27000071     44.31    40.82        1.09         3000
               27000029      1.04     1.02        1.02
   26     1    26000073     43.28    39.78        1.09         3000
               26000073      1.11     1.10        1.02
   25     1    25000073     42.17    38.68        1.09         3000
               25000073      1.20     1.17        1.03
   24     1    24000099     40.96    37.49        1.09         3000
               24000073      1.29     1.25        1.03
   23     1    23000099     39.67    36.24        1.09         3000
               23000073      1.37     1.32        1.04
   22     1    22000099     38.30    34.91        1.10         3000
               22000099      1.45     1.38        1.05
   21     1    21000073     36.86    33.52        1.10         3000
               21000073      1.51     1.43        1.06
   20     1    20000099     35.34    32.08        1.10         3000
               20000073      1.57     1.48        1.06
   19     1    19000099     33.77    30.58        1.10         3000
               19000073      1.63     1.53        1.07
   18     1    18000073     32.14    29.04        1.11         3000
               18000099      1.68     1.57        1.07
   17     1    17000073     30.46    27.47        1.11         3000
               17000073      1.72     1.60        1.08
   16     1    16000099     28.74    25.86        1.11         3000
               16000099      1.75     1.62        1.08
   15     1    15000073     26.99    24.23        1.11         3000
               15000099      1.78     1.64        1.08
   14     1    14000099     25.21    22.58        1.12         3000
               14000099      1.81     1.66        1.09
   13     1    13000099     23.40    20.91        1.12         3000
               13000073      1.84     1.68        1.09
   12     1    12000073     21.57    19.23        1.12         3000
               12000099      1.86     1.69        1.10
   11     1    11000099     19.71    17.53        1.12         3000
               11000073      1.87     1.70        1.10
   10     1    10000099     17.84    15.83        1.13         3000
               10000073      1.88     1.70        1.11
    9     1     9000073     15.96    14.13        1.13         3000
                9000073      1.88     1.69        1.11
    8     1     8000099     14.08    12.43        1.13         3000
                8000073      1.86     1.67        1.12
    7     1     7000073     12.22    10.76        1.13         3000
                7000073      1.85     1.64        1.12
    6     1     6000099     10.37     9.12        1.14         3000
                6000099      1.82     1.62        1.13
    5     1     5000099      8.54     7.50        1.14         3000
                5000073      1.79     1.57        1.13
    4     1     4000073      6.76     5.92        1.14         3000
                4000073      1.73     1.51        1.14
    3     1     3000073      5.03     4.41        1.14         3000
                3000073      1.63     1.42        1.14
    2     1     2000099      3.41     2.99        1.14         3000
                2000073      1.46     1.28        1.14
    1     1     1000075      1.94     1.71        1.14         6000
                1000075      1.94     1.71        1.14

  X方向最大位移与层平均位移的比值：  1.14  (3层1塔)
  X方向最大层间位移与平均层间位移的比值：  1.14  (2层1塔)

  === 工况7 === X+ 偶然偏心规定水平力作用下的楼层最大位移

  Floor  Tower    Jmax     Max-(X)   Ave-(X)    Ratio-(X)       h
                  JmaxD    Max-Dx    Ave-Dx     Ratio-Dx         

   29     1    29000018     44.85    44.16        1.02         4500
               29000018      1.68     1.48        1.14
   28     1    28000018     43.17    42.67        1.01         4500
               28000018      1.77     1.56        1.13
   27     1    27000029     41.41    41.09        1.01         3000
               27000152      1.16     1.03        1.12
   26     1    26000031     40.25    40.04        1.01         3000
               26000031      1.23     1.11        1.10
   25     1    25000155     39.02    38.91        1.00         3000
               25000031      1.30     1.19        1.09
   24     1    24000031     37.72    37.71        1.00         3000
               24000031      1.36     1.26        1.08
   23     1    23000099     36.52    36.44        1.00         3000
               23000031      1.43     1.33        1.07
   22     1    22000073     35.26    35.10        1.00         3000
               22000155      1.48     1.39        1.06
   21     1    21000073     33.93    33.69        1.01         3000
               21000155      1.53     1.45        1.06
   20     1    20000073     32.54    32.23        1.01         3000
               20000031      1.57     1.50        1.05
   19     1    19000099     31.09    30.72        1.01         3000
               19000031      1.61     1.54        1.04
   18     1    18000073     29.59    29.17        1.01         3000
               18000155      1.64     1.58        1.04
   17     1    17000099     28.05    27.58        1.02         3000
               17000031      1.66     1.61        1.03
   16     1    16000099     26.47    25.96        1.02         3000
               16000031      1.67     1.63        1.03
   15     1    15000073     24.87    24.32        1.02         3000
               15000155      1.69     1.65        1.02
   14     1    14000073     23.23    22.66        1.03         3000
               14000155      1.70     1.67        1.02
   13     1    13000073     21.57    20.97        1.03         3000
               13000031      1.71     1.69        1.01
   12     1    12000073     19.89    19.28        1.03         3000
               12000155      1.71     1.70        1.01
   11     1    11000073     18.18    17.57        1.03         3000
               11000099      1.72     1.71        1.01
   10     1    10000073     16.46    15.86        1.04         3000
               10000099      1.73     1.70        1.01
    9     1     9000073     14.74    14.15        1.04         3000
                9000073      1.73     1.69        1.02
    8     1     8000073     13.01    12.44        1.05         3000
                8000099      1.71     1.67        1.02
    7     1     7000073     11.30    10.77        1.05         3000
                7000073      1.70     1.65        1.03
    6     1     6000099      9.60     9.12        1.05         3000
                6000099      1.68     1.62        1.04
    5     1     5000099      7.93     7.49        1.06         3000
                5000073      1.64     1.57        1.04
    4     1     4000099      6.28     5.92        1.06         3000
                4000099      1.59     1.51        1.05
    3     1     3000099      4.69     4.40        1.07         3000
                3000073      1.51     1.42        1.06
    2     1     2000099      3.19     2.98        1.07         3000
                2000073      1.36     1.28        1.07
    1     1     1000101      1.82     1.70        1.07         6000
                1000101      1.82     1.70        1.07

  X方向最大位移与层平均位移的比值：  1.07  (1层1塔)
  X方向最大层间位移与平均层间位移的比值：  1.14  (29层1塔)

  === 工况8 === X- 偶然偏心规定水平力作用下的楼层最大位移

  Floor  Tower    Jmax     Max-(X)   Ave-(X)    Ratio-(X)       h
                  JmaxD    Max-Dx    Ave-Dx     Ratio-Dx         

   29     1    29000001     50.65    43.38        1.17         4500
               29000001      1.53     1.43        1.07
   28     1    28000001     49.12    41.94        1.17         4500
               28000001      1.65     1.52        1.09
   27     1    27000097     47.84    40.55        1.18         3000
               27000071      1.11     1.00        1.11
   26     1    26000099     46.73    39.53        1.18         3000
               26000099      1.21     1.08        1.12
   25     1    25000099     45.53    38.44        1.18         3000
               25000073      1.30     1.16        1.12
   24     1    24000073     44.23    37.27        1.19         3000
               24000099      1.39     1.23        1.13
   23     1    23000073     42.83    36.03        1.19         3000
               23000073      1.48     1.30        1.14
   22     1    22000099     41.35    34.72        1.19         3000
               22000099      1.56     1.36        1.15
   21     1    21000073     39.79    33.35        1.19         3000
               21000073      1.64     1.42        1.15
   20     1    20000099     38.15    31.92        1.20         3000
               20000099      1.70     1.47        1.16
   19     1    19000099     36.45    30.44        1.20         3000
               19000073      1.76     1.52        1.16
   18     1    18000073     34.69    28.92        1.20         3000
               18000073      1.82     1.56        1.17
   17     1    17000099     32.87    27.35        1.20         3000
               17000073      1.86     1.59        1.17
   16     1    16000073     31.01    25.76        1.20         3000
               16000073      1.89     1.61        1.18
   15     1    15000099     29.12    24.15        1.21         3000
               15000073      1.93     1.63        1.18
   14     1    14000073     27.19    22.51        1.21         3000
               14000073      1.96     1.65        1.19
   13     1    13000099     25.23    20.85        1.21         3000
               13000099      1.99     1.67        1.19
   12     1    12000073     23.25    19.18        1.21         3000
               12000073      2.01     1.68        1.19
   11     1    11000073     21.24    17.49        1.21         3000
               11000073      2.02     1.69        1.20
   10     1    10000073     19.21    15.80        1.22         3000
               10000099      2.03     1.69        1.20
    9     1     9000099     17.18    14.11        1.22         3000
                9000099      2.03     1.68        1.21
    8     1     8000099     15.15    12.42        1.22         3000
                8000073      2.01     1.66        1.21
    7     1     7000073     13.13    10.76        1.22         3000
                7000099      2.00     1.64        1.22
    6     1     6000073     11.13     9.12        1.22         3000
                6000099      1.97     1.61        1.22
    5     1     5000099      9.16     7.50        1.22         3000
                5000073      1.93     1.57        1.23
    4     1     4000099      7.23     5.93        1.22         3000
                4000099      1.86     1.52        1.23
    3     1     3000073      5.38     4.42        1.22         3000
                3000099      1.75     1.43        1.23
    2     1     2000099      3.63     2.99        1.21         3000
                2000099      1.57     1.28        1.22
    1     1     1000101      2.06     1.71        1.20         6000
                1000101      2.06     1.71        1.20

  X方向最大位移与层平均位移的比值：  1.22  (6层1塔)
  X方向最大层间位移与平均层间位移的比值：  1.23  (4层1塔)

  === 工况9 === Y 方向规定水平力作用下的楼层最大位移

  Floor  Tower    Jmax     Max-(Y)   Ave-(Y)    Ratio-(Y)       h
                  JmaxD    Max-Dy    Ave-Dy     Ratio-Dy         

   29     1    29000101     43.94    41.97        1.05         4500
               29000101      1.62     1.56        1.04
   28     1    28000102     42.33    40.41        1.05         4500
               28000102      1.77     1.70        1.04
   27     1    27000170     40.54    38.71        1.05         3000
               27000170      1.31     1.24        1.05
   26     1    26000174     39.23    37.47        1.05         3000
               26000171      1.36     1.30        1.05
   25     1    25000174     37.87    36.17        1.05         3000
               25000174      1.42     1.35        1.05
   24     1    24000171     36.45    34.82        1.05         3000
               24000174      1.47     1.40        1.05
   23     1    23000174     34.98    33.42        1.05         3000
               23000171      1.53     1.45        1.05
   22     1    22000171     33.45    31.96        1.05         3000
               22000171      1.57     1.50        1.05
   21     1    21000174     31.88    30.47        1.05         3000
               21000174      1.61     1.54        1.05
   20     1    20000171     30.27    28.93        1.05         3000
               20000174      1.65     1.57        1.05
   19     1    19000171     28.62    27.36        1.05         3000
               19000174      1.68     1.60        1.05
   18     1    18000171     26.95    25.76        1.05         3000
               18000171      1.70     1.62        1.05
   17     1    17000171     25.25    24.14        1.05         3000
               17000174      1.72     1.64        1.05
   16     1    16000171     23.53    22.50        1.05         3000
               16000174      1.72     1.65        1.05
   15     1    15000171     21.81    20.85        1.05         3000
               15000171      1.73     1.65        1.05
   14     1    14000171     20.08    19.20        1.05         3000
               14000171      1.73     1.66        1.05
   13     1    13000174     18.34    17.54        1.05         3000
               13000171      1.73     1.65        1.05
   12     1    12000174     16.61    15.88        1.05         3000
               12000174      1.72     1.65        1.05
   11     1    11000174     14.89    14.24        1.05         3000
               11000174      1.71     1.63        1.05
   10     1    10000174     13.18    12.61        1.05         3000
               10000174      1.68     1.61        1.05
    9     1     9000171     11.50    11.00        1.05         3000
                9000174      1.65     1.58        1.05
    8     1     8000171      9.85     9.42        1.05         3000
                8000174      1.60     1.53        1.05
    7     1     7000174      8.25     7.89        1.05         3000
                7000171      1.54     1.47        1.05
    6     1     6000174      6.71     6.42        1.04         3000
                6000171      1.46     1.40        1.05
    5     1     5000174      5.25     5.02        1.04         3000
                5000174      1.37     1.30        1.05
    4     1     4000174      3.88     3.72        1.04         3000
                4000171      1.24     1.18        1.05
    3     1     3000171      2.65     2.54        1.04         3000
                3000174      1.06     1.01        1.05
    2     1     2000171      1.59     1.53        1.04         3000
                2000174      0.82     0.79        1.04
    1     1     1000172      0.77     0.74        1.04         6000
                1000172      0.77     0.74        1.00

  Y方向最大位移与层平均位移的比值：  1.05  (28层1塔)
  Y方向最大层间位移与平均层间位移的比值：  1.05  (27层1塔)

  === 工况10 === Y+ 偶然偏心规定水平力作用下的楼层最大位移

  Floor  Tower    Jmax     Max-(Y)   Ave-(Y)    Ratio-(Y)       h
                  JmaxD    Max-Dy    Ave-Dy     Ratio-Dy         

   29     1    29000004     46.92    41.83        1.12         4500
               29000004      1.78     1.55        1.14
   28     1    28000002     45.14    40.27        1.12         4500
               28000002      1.93     1.69        1.14
   27     1    27000001     43.16    38.58        1.12         3000
               27000001      1.36     1.24        1.10
   26     1    26000001     41.80    37.35        1.12         3000
               26000001      1.42     1.29        1.10
   25     1    25000001     40.38    36.05        1.12         3000
               25000004      1.48     1.35        1.10
   24     1    24000004     38.90    34.71        1.12         3000
               24000001      1.54     1.40        1.10
   23     1    23000001     37.36    33.31        1.12         3000
               23000001      1.60     1.45        1.10
   22     1    22000001     35.76    31.86        1.12         3000
               22000001      1.65     1.49        1.11
   21     1    21000004     34.11    30.37        1.12         3000
               21000001      1.69     1.53        1.11
   20     1    20000004     32.42    28.84        1.12         3000
               20000004      1.73     1.56        1.11
   19     1    19000004     30.68    27.27        1.12         3000
               19000001      1.77     1.59        1.11
   18     1    18000004     28.92    25.68        1.13         3000
               18000004      1.79     1.62        1.11
   17     1    17000001     27.12    24.06        1.13         3000
               17000004      1.82     1.63        1.11
   16     1    16000001     25.31    22.43        1.13         3000
               16000004      1.82     1.64        1.11
   15     1    15000004     23.48    20.79        1.13         3000
               15000001      1.83     1.65        1.11
   14     1    14000001     21.65    19.14        1.13         3000
               14000001      1.84     1.65        1.11
   13     1    13000004     19.81    17.49        1.13         3000
               13000004      1.84     1.65        1.12
   12     1    12000001     17.97    15.84        1.13         3000
               12000001      1.83     1.64        1.12
   11     1    11000001     16.13    14.20        1.14         3000
               11000004      1.82     1.63        1.12
   10     1    10000001     14.31    12.57        1.14         3000
               10000001      1.80     1.60        1.12
    9     1     9000001     12.51    10.97        1.14         3000
                9000001      1.76     1.57        1.12
    8     1     8000004     10.75     9.40        1.14         3000
                8000004      1.71     1.52        1.12
    7     1     7000004      9.04     7.88        1.15         3000
                7000004      1.65     1.47        1.13
    6     1     6000004      7.38     6.41        1.15         3000
                6000001      1.58     1.40        1.13
    5     1     5000004      5.81     5.01        1.16         3000
                5000001      1.48     1.30        1.14
    4     1     4000001      4.33     3.71        1.17         3000
                4000001      1.34     1.18        1.14
    3     1     3000004      2.98     2.54        1.18         3000
                3000001      1.17     1.01        1.15
    2     1     2000001      1.82     1.52        1.19         3000
                2000001      0.92     0.78        1.17
    1     1     1000001      0.90     0.74        1.21         6000
                1000001      0.90     0.74        1.00

  Y方向最大位移与层平均位移的比值：  1.21  (1层1塔)
  Y方向最大层间位移与平均层间位移的比值：  1.17  (2层1塔)

  === 工况11 === Y- 偶然偏心规定水平力作用下的楼层最大位移

  Floor  Tower    Jmax     Max-(Y)   Ave-(Y)    Ratio-(Y)       h
                  JmaxD    Max-Dy    Ave-Dy     Ratio-Dy         

   29     1    29000102     51.15    42.11        1.21         4500
               29000101      1.90     1.57        1.21
   28     1    28000102     49.25    40.55        1.21         4500
               28000102      2.09     1.70        1.23
   27     1    27000167     47.07    38.84        1.21         3000
               27000170      1.50     1.25        1.20
   26     1    26000174     45.58    37.60        1.21         3000
               26000171      1.56     1.30        1.20
   25     1    25000174     44.01    36.29        1.21         3000
               25000171      1.63     1.36        1.20
   24     1    24000171     42.38    34.93        1.21         3000
               24000174      1.69     1.41        1.20
   23     1    23000171     40.69    33.52        1.21         3000
               23000171      1.75     1.46        1.20
   22     1    22000174     38.94    32.07        1.21         3000
               22000171      1.81     1.50        1.20
   21     1    21000171     37.13    30.56        1.21         3000
               21000174      1.86     1.54        1.20
   20     1    20000171     35.28    29.02        1.22         3000
               20000174      1.90     1.58        1.20
   19     1    19000171     33.38    27.44        1.22         3000
               19000174      1.93     1.61        1.20
   18     1    18000174     31.45    25.84        1.22         3000
               18000174      1.96     1.63        1.20
   17     1    17000174     29.49    24.21        1.22         3000
               17000171      1.98     1.65        1.20
   16     1    16000171     27.51    22.56        1.22         3000
               16000171      1.99     1.65        1.20
   15     1    15000174     25.51    20.91        1.22         3000
               15000174      2.00     1.66        1.21
   14     1    14000174     23.51    19.25        1.22         3000
               14000171      2.01     1.66        1.21
   13     1    13000171     21.51    17.59        1.22         3000
               13000171      2.00     1.66        1.21
   12     1    12000174     19.51    15.93        1.22         3000
               12000171      2.00     1.65        1.21
   11     1    11000171     17.51    14.28        1.23         3000
               11000171      1.98     1.64        1.21
   10     1    10000174     15.53    12.64        1.23         3000
               10000174      1.96     1.61        1.21
    9     1     9000171     13.57    11.02        1.23         3000
                9000174      1.92     1.58        1.21
    8     1     8000174     11.65     9.44        1.23         3000
                8000174      1.86     1.53        1.22
    7     1     7000174      9.79     7.91        1.24         3000
                7000171      1.80     1.48        1.22
    6     1     6000174      7.99     6.44        1.24         3000
                6000171      1.72     1.40        1.22
    5     1     5000171      6.27     5.03        1.25         3000
                5000171      1.61     1.31        1.23
    4     1     4000171      4.66     3.73        1.25         3000
                4000174      1.46     1.18        1.24
    3     1     3000174      3.20     2.54        1.26         3000
                3000174      1.26     1.02        1.24
    2     1     2000174      1.94     1.53        1.27         3000
                2000171      0.99     0.79        1.25
    1     1     1000175      0.95     0.74        1.28         6000
                1000175      0.95     0.74        1.00

  Y方向最大位移与层平均位移的比值：  1.28  (1层1塔)
  Y方向最大层间位移与平均层间位移的比值：  1.25  (2层1塔)

