
     **********************************************************
     *               第 29 层构件配筋设计及验算                *
     **********************************************************
  ---------------------------------------------------------
  N-C=1  (I=28000001, J=29000001)(7)B*H*U*T*D*F(mm)=350*350*16*16*16*16
  Cx=2.15 Cy=1.15 Lcx=9.00(m) Lcy=4.50(m) Nfc=3 Nfc_gz=3 Rsc=235
  钢柱 角柱 箱形
  **长细比超限：Rmdx=141.8 Rmdy=37.8 Rmd_max=80.0             《高钢规》7.3.9
  ---------------------------------------------------------
  N-C=7  (I=28000080, J=29000080)(7)B*H*U*T*D*F(mm)=350*350*16*16*16*16
  Cx=1.28 Cy=2.17 Lcx=4.50(m) Lcy=9.00(m) Nfc=3 Nfc_gz=3 Rsc=235
  钢柱 箱形
  **长细比超限：Rmdx=42.3 Rmdy=143.0 Rmd_max=80.0             《高钢规》7.3.9
  ---------------------------------------------------------
  N-C=12  (I=28000099, J=29000099)(7)B*H*U*T*D*F(mm)=350*350*16*16*16*16
  Cx=2.15 Cy=1.15 Lcx=9.00(m) Lcy=4.50(m) Nfc=3 Nfc_gz=3 Rsc=235
  钢柱 角柱 箱形
  **长细比超限：Rmdx=141.8 Rmdy=37.8 Rmd_max=80.0             《高钢规》7.3.9
  ---------------------------------------------------------
  N-C=14  (I=28000010, J=29000010)(7)B*H*U*T*D*F(mm)=350*350*16*16*16*16
  Cx=4.88 Cy=1.04 Lcx=9.00(m) Lcy=4.50(m) Nfc=3 Nfc_gz=3 Rsc=235
  钢柱 箱形
  **长细比超限：Rmdx=321.6 Rmdy=34.4 Rmd_max=80.0             《高钢规》7.3.9
  ---------------------------------------------------------
  N-C=15  (I=28000093, J=29000093)(7)B*H*U*T*D*F(mm)=350*350*16*16*16*16
  Cx=4.88 Cy=1.04 Lcx=9.00(m) Lcy=4.50(m) Nfc=3 Nfc_gz=3 Rsc=235
  钢柱 箱形
  **长细比超限：Rmdx=321.6 Rmdy=34.4 Rmd_max=80.0             《高钢规》7.3.9
  ---------------------------------------------------------
  N-C=21  (I=28000028, J=29000028)(7)B*H*U*T*D*F(mm)=350*350*16*16*16*16
  Cx=1.06 Cy=2.03 Lcx=4.50(m) Lcy=9.00(m) Nfc=3 Nfc_gz=3 Rsc=235
  钢柱 箱形
  **长细比超限：Rmdx=35.0 Rmdy=134.1 Rmd_max=80.0             《高钢规》7.3.9
  ---------------------------------------------------------
  N-C=22  (I=28000063, J=29000063)(7)B*H*U*T*D*F(mm)=350*350*16*16*16*16
  Cx=1.06 Cy=2.03 Lcx=4.50(m) Lcy=9.00(m) Nfc=3 Nfc_gz=3 Rsc=235
  钢柱 箱形
  **长细比超限：Rmdx=35.0 Rmdy=134.1 Rmd_max=80.0             《高钢规》7.3.9
  ---------------------------------------------------------
  N-C=24  (I=28000023, J=29000023)(7)B*H*U*T*D*F(mm)=350*350*16*16*16*16
  Cx=1.28 Cy=2.17 Lcx=4.50(m) Lcy=9.00(m) Nfc=3 Nfc_gz=3 Rsc=235
  钢柱 箱形
  **长细比超限：Rmdx=42.3 Rmdy=143.0 Rmd_max=80.0             《高钢规》7.3.9
  ---------------------------------------------------------
  N-C=26  (I=28000021, J=29000021)(7)B*H*U*T*D*F(mm)=350*350*16*16*16*16
  Cx=2.03 Cy=1.14 Lcx=9.00(m) Lcy=4.50(m) Nfc=3 Nfc_gz=3 Rsc=235
  钢柱 箱形
  **长细比超限：Rmdx=134.1 Rmdy=37.5 Rmd_max=80.0             《高钢规》7.3.9
  ---------------------------------------------------------
  N-C=27  (I=28000020, J=29000020)(7)B*H*U*T*D*F(mm)=350*350*16*16*16*16
  Cx=2.03 Cy=1.06 Lcx=9.00(m) Lcy=4.50(m) Nfc=3 Nfc_gz=3 Rsc=235
  钢柱 箱形
  **长细比超限：Rmdx=134.1 Rmdy=35.0 Rmd_max=80.0             《高钢规》7.3.9
  ---------------------------------------------------------
  N-C=28  (I=28000011, J=29000011)(7)B*H*U*T*D*F(mm)=350*350*16*16*16*16
  Cx=2.03 Cy=1.06 Lcx=9.00(m) Lcy=4.50(m) Nfc=3 Nfc_gz=3 Rsc=235
  钢柱 箱形
  **长细比超限：Rmdx=134.1 Rmdy=35.0 Rmd_max=80.0             《高钢规》7.3.9
  ---------------------------------------------------------
  N-C=31  (I=28000051, J=29000051)(7)B*H*U*T*D*F(mm)=350*350*16*16*16*16
  Cx=2.03 Cy=1.07 Lcx=9.00(m) Lcy=4.50(m) Nfc=3 Nfc_gz=3 Rsc=235
  钢柱 箱形
  **长细比超限：Rmdx=134.1 Rmdy=35.1 Rmd_max=80.0             《高钢规》7.3.9
  ---------------------------------------------------------
  N-C=35  (I=28000082, J=29000082)(7)B*H*U*T*D*F(mm)=350*350*16*16*16*16
  Cx=2.03 Cy=1.14 Lcx=9.00(m) Lcy=4.50(m) Nfc=3 Nfc_gz=3 Rsc=235
  钢柱 箱形
  **长细比超限：Rmdx=134.1 Rmdy=37.5 Rmd_max=80.0             《高钢规》7.3.9
  ---------------------------------------------------------
  N-C=36  (I=28000084, J=29000084)(7)B*H*U*T*D*F(mm)=350*350*16*16*16*16
  Cx=2.03 Cy=1.06 Lcx=9.00(m) Lcy=4.50(m) Nfc=3 Nfc_gz=3 Rsc=235
  钢柱 箱形
  **长细比超限：Rmdx=134.1 Rmdy=35.0 Rmd_max=80.0             《高钢规》7.3.9
  ---------------------------------------------------------
  N-C=37  (I=28000089, J=29000089)(7)B*H*U*T*D*F(mm)=350*350*16*16*16*16
  Cx=2.03 Cy=1.06 Lcx=9.00(m) Lcy=4.50(m) Nfc=3 Nfc_gz=3 Rsc=235
  钢柱 箱形
  **长细比超限：Rmdx=134.1 Rmdy=35.0 Rmd_max=80.0             《高钢规》7.3.9
  ---------------------------------------------------------
  N-C=38  (I=28000006, J=29000006)(7)B*H*U*T*D*F(mm)=350*350*16*16*16*16
  Cx=1.05 Cy=2.03 Lcx=4.50(m) Lcy=9.00(m) Nfc=3 Nfc_gz=3 Rsc=235
  钢柱 箱形
  **长细比超限：Rmdx=34.7 Rmdy=134.1 Rmd_max=80.0             《高钢规》7.3.9
  ---------------------------------------------------------
  N-C=39  (I=28000008, J=29000008)(7)B*H*U*T*D*F(mm)=350*350*16*16*16*16
  Cx=1.05 Cy=2.03 Lcx=4.50(m) Lcy=9.00(m) Nfc=3 Nfc_gz=3 Rsc=235
  钢柱 箱形
  **长细比超限：Rmdx=34.6 Rmdy=134.1 Rmd_max=80.0             《高钢规》7.3.9
  ---------------------------------------------------------
  N-C=40  (I=28000014, J=29000014)(7)B*H*U*T*D*F(mm)=350*350*16*16*16*16
  Cx=1.06 Cy=2.03 Lcx=4.50(m) Lcy=9.00(m) Nfc=3 Nfc_gz=3 Rsc=235
  钢柱 箱形
  **长细比超限：Rmdx=35.0 Rmdy=134.1 Rmd_max=80.0             《高钢规》7.3.9
  ---------------------------------------------------------
  N-C=41  (I=28000086, J=29000086)(7)B*H*U*T*D*F(mm)=350*350*16*16*16*16
  Cx=1.06 Cy=2.03 Lcx=4.50(m) Lcy=9.00(m) Nfc=3 Nfc_gz=3 Rsc=235
  钢柱 箱形
  **长细比超限：Rmdx=35.0 Rmdy=134.1 Rmd_max=80.0             《高钢规》7.3.9
  ---------------------------------------------------------
  N-C=42  (I=28000095, J=29000095)(7)B*H*U*T*D*F(mm)=350*350*16*16*16*16
  Cx=1.05 Cy=2.03 Lcx=4.50(m) Lcy=9.00(m) Nfc=3 Nfc_gz=3 Rsc=235
  钢柱 箱形
  **长细比超限：Rmdx=34.7 Rmdy=134.1 Rmd_max=80.0             《高钢规》7.3.9
  ---------------------------------------------------------
  N-C=43  (I=28000097, J=29000097)(7)B*H*U*T*D*F(mm)=350*350*16*16*16*16
  Cx=1.05 Cy=2.03 Lcx=4.50(m) Lcy=9.00(m) Nfc=3 Nfc_gz=3 Rsc=235
  钢柱 箱形
  **长细比超限：Rmdx=34.6 Rmdy=134.1 Rmd_max=80.0             《高钢规》7.3.9
  ---------------------------------------------------------
  N-C=44  (I=28000002, J=29000002)(7)B*H*U*T*D*F(mm)=350*350*16*16*16*16
  Cx=1.11 Cy=4.78 Lcx=4.50(m) Lcy=9.00(m) Nfc=3 Nfc_gz=3 Rsc=235
  钢柱 箱形
  **长细比超限：Rmdx=36.6 Rmdy=315.0 Rmd_max=80.0             《高钢规》7.3.9
  ---------------------------------------------------------
  N-C=45  (I=28000101, J=29000101)(7)B*H*U*T*D*F(mm)=350*350*16*16*16*16
  Cx=1.11 Cy=4.78 Lcx=4.50(m) Lcy=9.00(m) Nfc=3 Nfc_gz=3 Rsc=235
  钢柱 箱形
  **长细比超限：Rmdx=36.6 Rmdy=315.0 Rmd_max=80.0             《高钢规》7.3.9

     **********************************************************
     *               第 28 层构件配筋设计及验算                *
     **********************************************************
  ---------------------------------------------------------
  N-C=1  (I=27000171, J=28000001)(7)B*H*U*T*D*F(mm)=350*350*16*16*16*16
  Cx=2.15 Cy=1.16 Lcx=9.00(m) Lcy=4.50(m) Nfc=3 Nfc_gz=3 Rsc=235
  钢柱 角柱 箱形
  **长细比超限：Rmdx=141.8 Rmdy=38.3 Rmd_max=80.0             《高钢规》7.3.9
  ---------------------------------------------------------
  N-C=7  (I=27000177, J=28000080)(7)B*H*U*T*D*F(mm)=350*350*16*16*16*16
  Cx=1.48 Cy=2.17 Lcx=4.50(m) Lcy=9.00(m) Nfc=3 Nfc_gz=3 Rsc=235
  钢柱 箱形
  **长细比超限：Rmdx=48.7 Rmdy=143.0 Rmd_max=80.0             《高钢规》7.3.9
  ---------------------------------------------------------
  N-C=12  (I=27000182, J=28000099)(7)B*H*U*T*D*F(mm)=350*350*16*16*16*16
  Cx=2.15 Cy=1.16 Lcx=9.00(m) Lcy=4.50(m) Nfc=3 Nfc_gz=3 Rsc=235
  钢柱 角柱 箱形
  **长细比超限：Rmdx=141.8 Rmdy=38.3 Rmd_max=80.0             《高钢规》7.3.9
  ---------------------------------------------------------
  N-C=14  (I=27000184, J=28000010)(7)B*H*U*T*D*F(mm)=350*350*16*16*16*16
  Cx=4.88 Cy=1.10 Lcx=9.00(m) Lcy=4.50(m) Nfc=3 Nfc_gz=3 Rsc=235
  钢柱 箱形
  **长细比超限：Rmdx=321.6 Rmdy=36.4 Rmd_max=80.0             《高钢规》7.3.9
  ---------------------------------------------------------
  N-C=15  (I=27000185, J=28000093)(7)B*H*U*T*D*F(mm)=350*350*16*16*16*16
  Cx=4.88 Cy=1.10 Lcx=9.00(m) Lcy=4.50(m) Nfc=3 Nfc_gz=3 Rsc=235
  钢柱 箱形
  **长细比超限：Rmdx=321.6 Rmdy=36.4 Rmd_max=80.0             《高钢规》7.3.9
  ---------------------------------------------------------
  N-C=21  (I=27000049, J=28000028)(7)B*H*U*T*D*F(mm)=350*350*16*16*16*16
  Cx=1.06 Cy=2.03 Lcx=4.50(m) Lcy=9.00(m) Nfc=3 Nfc_gz=3 Rsc=235
  钢柱 箱形
  **长细比超限：Rmdx=34.9 Rmdy=134.1 Rmd_max=80.0             《高钢规》7.3.9
  ---------------------------------------------------------
  N-C=22  (I=27000104, J=28000063)(7)B*H*U*T*D*F(mm)=350*350*16*16*16*16
  Cx=1.06 Cy=2.03 Lcx=4.50(m) Lcy=9.00(m) Nfc=3 Nfc_gz=3 Rsc=235
  钢柱 箱形
  **长细比超限：Rmdx=34.9 Rmdy=134.1 Rmd_max=80.0             《高钢规》7.3.9
  ---------------------------------------------------------
  N-C=24  (I=27000186, J=28000023)(7)B*H*U*T*D*F(mm)=350*350*16*16*16*16
  Cx=1.48 Cy=2.17 Lcx=4.50(m) Lcy=9.00(m) Nfc=3 Nfc_gz=3 Rsc=235
  钢柱 箱形
  **长细比超限：Rmdx=48.7 Rmdy=143.0 Rmd_max=80.0             《高钢规》7.3.9
  ---------------------------------------------------------
  N-C=26  (I=27000036, J=28000021)(7)B*H*U*T*D*F(mm)=350*350*16*16*16*16
  Cx=2.03 Cy=1.11 Lcx=9.00(m) Lcy=4.50(m) Nfc=3 Nfc_gz=3 Rsc=235
  钢柱 箱形
  **长细比超限：Rmdx=134.1 Rmdy=36.5 Rmd_max=80.0             《高钢规》7.3.9
  ---------------------------------------------------------
  N-C=27  (I=27000032, J=28000020)(7)B*H*U*T*D*F(mm)=350*350*16*16*16*16
  Cx=2.03 Cy=1.06 Lcx=9.00(m) Lcy=4.50(m) Nfc=3 Nfc_gz=3 Rsc=235
  钢柱 箱形
  **长细比超限：Rmdx=134.1 Rmdy=34.8 Rmd_max=80.0             《高钢规》7.3.9
  ---------------------------------------------------------
  N-C=28  (I=27000019, J=28000011)(7)B*H*U*T*D*F(mm)=350*350*16*16*16*16
  Cx=2.03 Cy=1.06 Lcx=9.00(m) Lcy=4.50(m) Nfc=3 Nfc_gz=3 Rsc=235
  钢柱 箱形
  **长细比超限：Rmdx=134.1 Rmdy=34.8 Rmd_max=80.0             《高钢规》7.3.9
  ---------------------------------------------------------
  N-C=31  (I=27000086, J=28000051)(7)B*H*U*T*D*F(mm)=350*350*16*16*16*16
  Cx=2.03 Cy=1.06 Lcx=9.00(m) Lcy=4.50(m) Nfc=3 Nfc_gz=3 Rsc=235
  钢柱 箱形
  **长细比超限：Rmdx=134.1 Rmdy=34.9 Rmd_max=80.0             《高钢规》7.3.9
  ---------------------------------------------------------
  N-C=35  (I=27000135, J=28000082)(7)B*H*U*T*D*F(mm)=350*350*16*16*16*16
  Cx=2.03 Cy=1.11 Lcx=9.00(m) Lcy=4.50(m) Nfc=3 Nfc_gz=3 Rsc=235
  钢柱 箱形
  **长细比超限：Rmdx=134.1 Rmdy=36.5 Rmd_max=80.0             《高钢规》7.3.9
  ---------------------------------------------------------
  N-C=36  (I=27000137, J=28000084)(7)B*H*U*T*D*F(mm)=350*350*16*16*16*16
  Cx=2.03 Cy=1.06 Lcx=9.00(m) Lcy=4.50(m) Nfc=3 Nfc_gz=3 Rsc=235
  钢柱 箱形
  **长细比超限：Rmdx=134.1 Rmdy=34.8 Rmd_max=80.0             《高钢规》7.3.9
  ---------------------------------------------------------
  N-C=37  (I=27000149, J=28000089)(7)B*H*U*T*D*F(mm)=350*350*16*16*16*16
  Cx=2.03 Cy=1.06 Lcx=9.00(m) Lcy=4.50(m) Nfc=3 Nfc_gz=3 Rsc=235
  钢柱 箱形
  **长细比超限：Rmdx=134.1 Rmdy=34.8 Rmd_max=80.0             《高钢规》7.3.9
  ---------------------------------------------------------
  N-C=38  (I=27000009, J=28000006)(7)B*H*U*T*D*F(mm)=350*350*16*16*16*16
  Cx=1.05 Cy=2.03 Lcx=4.50(m) Lcy=9.00(m) Nfc=3 Nfc_gz=3 Rsc=235
  钢柱 箱形
  **长细比超限：Rmdx=34.7 Rmdy=134.1 Rmd_max=80.0             《高钢规》7.3.9
  ---------------------------------------------------------
  N-C=39  (I=27000012, J=28000008)(7)B*H*U*T*D*F(mm)=350*350*16*16*16*16
  Cx=1.05 Cy=2.03 Lcx=4.50(m) Lcy=9.00(m) Nfc=3 Nfc_gz=3 Rsc=235
  钢柱 箱形
  **长细比超限：Rmdx=34.6 Rmdy=134.1 Rmd_max=80.0             《高钢规》7.3.9
  ---------------------------------------------------------
  N-C=40  (I=27000023, J=28000014)(7)B*H*U*T*D*F(mm)=350*350*16*16*16*16
  Cx=1.06 Cy=2.03 Lcx=4.50(m) Lcy=9.00(m) Nfc=3 Nfc_gz=3 Rsc=235
  钢柱 箱形
  **长细比超限：Rmdx=34.8 Rmdy=134.1 Rmd_max=80.0             《高钢规》7.3.9
  ---------------------------------------------------------
  N-C=41  (I=27000144, J=28000086)(7)B*H*U*T*D*F(mm)=350*350*16*16*16*16
  Cx=1.06 Cy=2.03 Lcx=4.50(m) Lcy=9.00(m) Nfc=3 Nfc_gz=3 Rsc=235
  钢柱 箱形
  **长细比超限：Rmdx=34.8 Rmdy=134.1 Rmd_max=80.0             《高钢规》7.3.9
  ---------------------------------------------------------
  N-C=42  (I=27000159, J=28000095)(7)B*H*U*T*D*F(mm)=350*350*16*16*16*16
  Cx=1.05 Cy=2.03 Lcx=4.50(m) Lcy=9.00(m) Nfc=3 Nfc_gz=3 Rsc=235
  钢柱 箱形
  **长细比超限：Rmdx=34.7 Rmdy=134.1 Rmd_max=80.0             《高钢规》7.3.9
  ---------------------------------------------------------
  N-C=43  (I=27000162, J=28000097)(7)B*H*U*T*D*F(mm)=350*350*16*16*16*16
  Cx=1.05 Cy=2.03 Lcx=4.50(m) Lcy=9.00(m) Nfc=3 Nfc_gz=3 Rsc=235
  钢柱 箱形
  **长细比超限：Rmdx=34.6 Rmdy=134.1 Rmd_max=80.0             《高钢规》7.3.9
  ---------------------------------------------------------
  N-C=44  (I=27000187, J=28000002)(7)B*H*U*T*D*F(mm)=350*350*16*16*16*16
  Cx=1.10 Cy=4.78 Lcx=4.50(m) Lcy=9.00(m) Nfc=3 Nfc_gz=3 Rsc=235
  钢柱 箱形
  **长细比超限：Rmdx=36.2 Rmdy=315.0 Rmd_max=80.0             《高钢规》7.3.9
  ---------------------------------------------------------
  N-C=45  (I=27000188, J=28000101)(7)B*H*U*T*D*F(mm)=350*350*16*16*16*16
  Cx=1.10 Cy=4.78 Lcx=4.50(m) Lcy=9.00(m) Nfc=3 Nfc_gz=3 Rsc=235
  钢柱 箱形
  **长细比超限：Rmdx=36.2 Rmdy=315.0 Rmd_max=80.0             《高钢规》7.3.9

     **********************************************************
     *               第 27 层构件配筋设计及验算                *
     **********************************************************
  ---------------------------------------------------------
  N-WC=48 (I=27000105 J=27000107) B*H*Lwc(m)=0.20*0.35*3.00
  Cover= 15(mm) aa=40(mm) Nfw=3 Nfw_gz=3 Rcw=30.0 Fy=360 Fyv=270 Fyw=300 Rwv=0.30
  砼墙
  **最大配筋率超限 5.30%>5.00%

     **********************************************************
     *               第 26 层构件配筋设计及验算                *
     **********************************************************

     **********************************************************
     *               第 25 层构件配筋设计及验算                *
     **********************************************************

     **********************************************************
     *               第 24 层构件配筋设计及验算                *
     **********************************************************

     **********************************************************
     *               第 23 层构件配筋设计及验算                *
     **********************************************************

     **********************************************************
     *               第 22 层构件配筋设计及验算                *
     **********************************************************

     **********************************************************
     *               第 21 层构件配筋设计及验算                *
     **********************************************************

     **********************************************************
     *               第 20 层构件配筋设计及验算                *
     **********************************************************
  ---------------------------------------------------------
  N-WB=2 (I=20000061, J=20000062) B*H(mm)=200*600
  Lwb=1.00(m) Cover=20(mm) Nfwb=3 Nfwb_gz=3 Rcwb=30.0 Fy=360 Fyv=360
  砼梁 连梁
  **位置:1 (组合号:14) 截面不满足抗剪要求 V/b/h0=3.63>0.25*βc*fc=3.58             《砼规范》6.3.1
  **位置:2 (组合号:14) 截面不满足抗剪要求 V/b/h0=3.64>0.25*βc*fc=3.58             《砼规范》6.3.1
  **位置:3 (组合号:14) 截面不满足抗剪要求 V/b/h0=3.65>0.25*βc*fc=3.58             《砼规范》6.3.1
  **位置:4 (组合号:14) 截面不满足抗剪要求 V/b/h0=3.66>0.25*βc*fc=3.58             《砼规范》6.3.1
  **位置:5 (组合号:14) 截面不满足抗剪要求 V/b/h0=3.67>0.25*βc*fc=3.58             《砼规范》6.3.1
  **位置:6 (组合号:14) 截面不满足抗剪要求 V/b/h0=3.68>0.25*βc*fc=3.58             《砼规范》6.3.1
  **位置:7 (组合号:14) 截面不满足抗剪要求 V/b/h0=3.69>0.25*βc*fc=3.58             《砼规范》6.3.1
  **位置:8 (组合号:14) 截面不满足抗剪要求 V/b/h0=3.70>0.25*βc*fc=3.58             《砼规范》6.3.1
  **位置:9 (组合号:14) 截面不满足抗剪要求 V/b/h0=3.71>0.25*βc*fc=3.58             《砼规范》6.3.1

     **********************************************************
     *               第 19 层构件配筋设计及验算                *
     **********************************************************
  ---------------------------------------------------------
  N-WC=3 (I=19000128 J=19000129) B*H*Lwc(m)=0.20*0.40*3.00
  Cover= 15(mm) aa=40(mm) Nfw=3 Nfw_gz=3 Rcw=30.0 Fy=360 Fyv=270 Fyw=300 Rwv=0.30
  砼墙
  **最大配筋率超限 5.08%>5.00%
  ---------------------------------------------------------
  N-WC=51 (I=19000048 J=19000070) B*H*Lwc(m)=0.20*0.40*3.00
  Cover= 15(mm) aa=40(mm) Nfw=3 Nfw_gz=3 Rcw=30.0 Fy=360 Fyv=270 Fyw=300 Rwv=0.30
  砼墙
  **最大配筋率超限 5.09%>5.00%
  ---------------------------------------------------------
  N-WB=2 (I=19000061, J=19000062) B*H(mm)=200*600
  Lwb=1.00(m) Cover=20(mm) Nfwb=3 Nfwb_gz=3 Rcwb=30.0 Fy=360 Fyv=360
  砼梁 连梁
  **位置:1 (组合号:14) 截面不满足抗剪要求 V/b/h0=3.78>0.25*βc*fc=3.58             《砼规范》6.3.1
  **位置:2 (组合号:14) 截面不满足抗剪要求 V/b/h0=3.79>0.25*βc*fc=3.58             《砼规范》6.3.1
  **位置:3 (组合号:14) 截面不满足抗剪要求 V/b/h0=3.80>0.25*βc*fc=3.58             《砼规范》6.3.1
  **位置:4 (组合号:14) 截面不满足抗剪要求 V/b/h0=3.81>0.25*βc*fc=3.58             《砼规范》6.3.1
  **位置:5 (组合号:14) 截面不满足抗剪要求 V/b/h0=3.81>0.25*βc*fc=3.58             《砼规范》6.3.1
  **位置:6 (组合号:14) 截面不满足抗剪要求 V/b/h0=3.82>0.25*βc*fc=3.58             《砼规范》6.3.1
  **位置:7 (组合号:14) 截面不满足抗剪要求 V/b/h0=3.83>0.25*βc*fc=3.58             《砼规范》6.3.1
  **位置:8 (组合号:14) 截面不满足抗剪要求 V/b/h0=3.84>0.25*βc*fc=3.58             《砼规范》6.3.1
  **位置:9 (组合号:14) 截面不满足抗剪要求 V/b/h0=3.85>0.25*βc*fc=3.58             《砼规范》6.3.1

     **********************************************************
     *               第 18 层构件配筋设计及验算                *
     **********************************************************
  ---------------------------------------------------------
  N-WC=3 (I=18000128 J=18000129) B*H*Lwc(m)=0.20*0.40*3.00
  Cover= 15(mm) aa=40(mm) Nfw=3 Nfw_gz=3 Rcw=30.0 Fy=360 Fyv=270 Fyw=300 Rwv=0.30
  砼墙
  **最大配筋率超限 5.47%>5.00%
  ---------------------------------------------------------
  N-WC=51 (I=18000048 J=18000070) B*H*Lwc(m)=0.20*0.40*3.00
  Cover= 15(mm) aa=40(mm) Nfw=3 Nfw_gz=3 Rcw=30.0 Fy=360 Fyv=270 Fyw=300 Rwv=0.30
  砼墙
  **最大配筋率超限 5.48%>5.00%
  ---------------------------------------------------------
  N-WB=2 (I=18000061, J=18000062) B*H(mm)=200*600
  Lwb=1.00(m) Cover=20(mm) Nfwb=3 Nfwb_gz=3 Rcwb=30.0 Fy=360 Fyv=360
  砼梁 连梁
  **位置:1 (组合号:14) 截面不满足抗剪要求 V/b/h0=3.91>0.25*βc*fc=3.58             《砼规范》6.3.1
  **位置:2 (组合号:14) 截面不满足抗剪要求 V/b/h0=3.91>0.25*βc*fc=3.58             《砼规范》6.3.1
  **位置:3 (组合号:14) 截面不满足抗剪要求 V/b/h0=3.92>0.25*βc*fc=3.58             《砼规范》6.3.1
  **位置:4 (组合号:14) 截面不满足抗剪要求 V/b/h0=3.93>0.25*βc*fc=3.58             《砼规范》6.3.1
  **位置:5 (组合号:14) 截面不满足抗剪要求 V/b/h0=3.94>0.25*βc*fc=3.58             《砼规范》6.3.1
  **位置:6 (组合号:14) 截面不满足抗剪要求 V/b/h0=3.95>0.25*βc*fc=3.58             《砼规范》6.3.1
  **位置:7 (组合号:14) 截面不满足抗剪要求 V/b/h0=3.96>0.25*βc*fc=3.58             《砼规范》6.3.1
  **位置:8 (组合号:14) 截面不满足抗剪要求 V/b/h0=3.97>0.25*βc*fc=3.58             《砼规范》6.3.1
  **位置:9 (组合号:14) 截面不满足抗剪要求 V/b/h0=3.98>0.25*βc*fc=3.58             《砼规范》6.3.1

     **********************************************************
     *               第 17 层构件配筋设计及验算                *
     **********************************************************
  ---------------------------------------------------------
  N-WC=3 (I=17000128 J=17000129) B*H*Lwc(m)=0.20*0.40*3.00
  Cover= 15(mm) aa=40(mm) Nfw=3 Nfw_gz=3 Rcw=30.0 Fy=360 Fyv=270 Fyw=300 Rwv=0.30
  砼墙
  **最大配筋率超限 5.87%>5.00%
  ---------------------------------------------------------
  N-WC=51 (I=17000048 J=17000070) B*H*Lwc(m)=0.20*0.40*3.00
  Cover= 15(mm) aa=40(mm) Nfw=3 Nfw_gz=3 Rcw=30.0 Fy=360 Fyv=270 Fyw=300 Rwv=0.30
  砼墙
  **最大配筋率超限 5.87%>5.00%
  ---------------------------------------------------------
  N-WB=2 (I=17000061, J=17000062) B*H(mm)=200*600
  Lwb=1.00(m) Cover=20(mm) Nfwb=3 Nfwb_gz=3 Rcwb=30.0 Fy=360 Fyv=360
  砼梁 连梁
  **位置:1 (组合号:14) 截面不满足抗剪要求 V/b/h0=4.01>0.25*βc*fc=3.58             《砼规范》6.3.1
  **位置:2 (组合号:14) 截面不满足抗剪要求 V/b/h0=4.02>0.25*βc*fc=3.58             《砼规范》6.3.1
  **位置:3 (组合号:14) 截面不满足抗剪要求 V/b/h0=4.03>0.25*βc*fc=3.58             《砼规范》6.3.1
  **位置:4 (组合号:14) 截面不满足抗剪要求 V/b/h0=4.04>0.25*βc*fc=3.58             《砼规范》6.3.1
  **位置:5 (组合号:14) 截面不满足抗剪要求 V/b/h0=4.05>0.25*βc*fc=3.58             《砼规范》6.3.1
  **位置:6 (组合号:14) 截面不满足抗剪要求 V/b/h0=4.06>0.25*βc*fc=3.58             《砼规范》6.3.1
  **位置:7 (组合号:14) 截面不满足抗剪要求 V/b/h0=4.07>0.25*βc*fc=3.58             《砼规范》6.3.1
  **位置:8 (组合号:14) 截面不满足抗剪要求 V/b/h0=4.08>0.25*βc*fc=3.58             《砼规范》6.3.1
  **位置:9 (组合号:14) 截面不满足抗剪要求 V/b/h0=4.08>0.25*βc*fc=3.58             《砼规范》6.3.1

     **********************************************************
     *               第 16 层构件配筋设计及验算                *
     **********************************************************
  ---------------------------------------------------------
  N-WC=3 (I=16000128 J=16000129) B*H*Lwc(m)=0.20*0.40*3.00
  Cover= 15(mm) aa=40(mm) Nfw=3 Nfw_gz=3 Rcw=40.0 Fy=360 Fyv=270 Fyw=300 Rwv=0.30
  砼墙
  **最大配筋率超限 6.05%>5.00%
  ---------------------------------------------------------
  N-WC=48 (I=16000107 J=16000109) B*H*Lwc(m)=0.20*0.35*3.00
  Cover= 15(mm) aa=40(mm) Nfw=3 Nfw_gz=3 Rcw=40.0 Fy=360 Fyv=270 Fyw=300 Rwv=0.30
  砼墙
  **最大配筋率超限 5.04%>5.00%
  ---------------------------------------------------------
  N-WC=51 (I=16000048 J=16000070) B*H*Lwc(m)=0.20*0.40*3.00
  Cover= 15(mm) aa=40(mm) Nfw=3 Nfw_gz=3 Rcw=40.0 Fy=360 Fyv=270 Fyw=300 Rwv=0.30
  砼墙
  **最大配筋率超限 6.05%>5.00%
  ---------------------------------------------------------
  N-B=41 (I=16000057, J=16000058)(1)B*H(mm)=200*600
  Lb=0.70(m) Cover= 20(mm) Nfb=3 Nfb_gz=3 Rcb=30.0 Fy=360 Fyv=360
  砼梁 框架梁 调幅梁 矩形
  **位置:4 (组合号:14) 截面不满足剪扭要求 V/b/h0+T/0.8/Wt=3.59>0.25*βc*fc=3.58             《砼规范》6.4.1
  **位置:5 (组合号:14) 截面不满足剪扭要求 V/b/h0+T/0.8/Wt=3.60>0.25*βc*fc=3.58             《砼规范》6.4.1
  **位置:6 (组合号:14) 截面不满足剪扭要求 V/b/h0+T/0.8/Wt=3.61>0.25*βc*fc=3.58             《砼规范》6.4.1
  **位置:7 (组合号:14) 截面不满足剪扭要求 V/b/h0+T/0.8/Wt=3.62>0.25*βc*fc=3.58             《砼规范》6.4.1
  **位置:8 (组合号:14) 截面不满足剪扭要求 V/b/h0+T/0.8/Wt=3.63>0.25*βc*fc=3.58             《砼规范》6.4.1
  **位置:9 (组合号:14) 截面不满足剪扭要求 V/b/h0+T/0.8/Wt=3.64>0.25*βc*fc=3.58             《砼规范》6.4.1

     **********************************************************
     *               第 15 层构件配筋设计及验算                *
     **********************************************************
  ---------------------------------------------------------
  N-WC=3 (I=15000128 J=15000129) B*H*Lwc(m)=0.20*0.40*3.00
  Cover= 15(mm) aa=40(mm) Nfw=3 Nfw_gz=3 Rcw=40.0 Fy=360 Fyv=270 Fyw=300 Rwv=0.30
  砼墙
  **最大配筋率超限 6.43%>5.00%
  ---------------------------------------------------------
  N-WC=48 (I=15000107 J=15000109) B*H*Lwc(m)=0.20*0.35*3.00
  Cover= 15(mm) aa=40(mm) Nfw=3 Nfw_gz=3 Rcw=40.0 Fy=360 Fyv=270 Fyw=300 Rwv=0.30
  砼墙
  **最大配筋率超限 5.07%>5.00%
  ---------------------------------------------------------
  N-WC=51 (I=15000048 J=15000070) B*H*Lwc(m)=0.20*0.40*3.00
  Cover= 15(mm) aa=40(mm) Nfw=3 Nfw_gz=3 Rcw=40.0 Fy=360 Fyv=270 Fyw=300 Rwv=0.30
  砼墙
  **最大配筋率超限 6.42%>5.00%
  ---------------------------------------------------------
  N-B=41 (I=15000057, J=15000058)(1)B*H(mm)=200*600
  Lb=0.70(m) Cover= 20(mm) Nfb=3 Nfb_gz=3 Rcb=30.0 Fy=360 Fyv=360
  砼梁 框架梁 调幅梁 矩形
  **位置:1 (组合号:14) 截面不满足剪扭要求 V/b/h0+T/0.8/Wt=3.63>0.25*βc*fc=3.58             《砼规范》6.4.1
  **位置:2 (组合号:14) 截面不满足剪扭要求 V/b/h0+T/0.8/Wt=3.64>0.25*βc*fc=3.58             《砼规范》6.4.1
  **位置:3 (组合号:14) 截面不满足剪扭要求 V/b/h0+T/0.8/Wt=3.65>0.25*βc*fc=3.58             《砼规范》6.4.1
  **位置:4 (组合号:14) 截面不满足剪扭要求 V/b/h0+T/0.8/Wt=3.66>0.25*βc*fc=3.58             《砼规范》6.4.1
  **位置:5 (组合号:14) 截面不满足剪扭要求 V/b/h0+T/0.8/Wt=3.67>0.25*βc*fc=3.58             《砼规范》6.4.1
  **位置:6 (组合号:14) 截面不满足剪扭要求 V/b/h0+T/0.8/Wt=3.68>0.25*βc*fc=3.58             《砼规范》6.4.1
  **位置:7 (组合号:14) 截面不满足剪扭要求 V/b/h0+T/0.8/Wt=3.69>0.25*βc*fc=3.58             《砼规范》6.4.1
  **位置:8 (组合号:14) 截面不满足剪扭要求 V/b/h0+T/0.8/Wt=3.70>0.25*βc*fc=3.58             《砼规范》6.4.1
  **位置:9 (组合号:14) 截面不满足剪扭要求 V/b/h0+T/0.8/Wt=3.71>0.25*βc*fc=3.58             《砼规范》6.4.1

     **********************************************************
     *               第 14 层构件配筋设计及验算                *
     **********************************************************
  ---------------------------------------------------------
  N-WC=3 (I=14000128 J=14000129) B*H*Lwc(m)=0.20*0.40*3.00
  Cover= 15(mm) aa=40(mm) Nfw=3 Nfw_gz=3 Rcw=40.0 Fy=360 Fyv=270 Fyw=300 Rwv=0.30
  砼墙
  **最大配筋率超限 6.78%>5.00%
  ---------------------------------------------------------
  N-WC=48 (I=14000107 J=14000109) B*H*Lwc(m)=0.20*0.35*3.00
  Cover= 15(mm) aa=40(mm) Nfw=3 Nfw_gz=3 Rcw=40.0 Fy=360 Fyv=270 Fyw=300 Rwv=0.30
  砼墙
  **最大配筋率超限 5.15%>5.00%
  ---------------------------------------------------------
  N-WC=51 (I=14000048 J=14000070) B*H*Lwc(m)=0.20*0.40*3.00
  Cover= 15(mm) aa=40(mm) Nfw=3 Nfw_gz=3 Rcw=40.0 Fy=360 Fyv=270 Fyw=300 Rwv=0.30
  砼墙
  **最大配筋率超限 6.77%>5.00%
  ---------------------------------------------------------
  N-WB=2 (I=14000061, J=14000062) B*H(mm)=200*600
  Lwb=1.00(m) Cover=20(mm) Nfwb=3 Nfwb_gz=3 Rcwb=40.0 Fy=360 Fyv=360
  砼梁 连梁
  **下截面，位置:1 最大配筋率超限 1.20%>1.20%
  ---------------------------------------------------------
  N-B=41 (I=14000057, J=14000058)(1)B*H(mm)=200*600
  Lb=0.70(m) Cover= 20(mm) Nfb=3 Nfb_gz=3 Rcb=30.0 Fy=360 Fyv=360
  砼梁 框架梁 调幅梁 矩形
  **位置:1 (组合号:14) 截面不满足剪扭要求 V/b/h0+T/0.8/Wt=3.69>0.25*βc*fc=3.58             《砼规范》6.4.1
  **位置:2 (组合号:14) 截面不满足剪扭要求 V/b/h0+T/0.8/Wt=3.70>0.25*βc*fc=3.58             《砼规范》6.4.1
  **位置:3 (组合号:14) 截面不满足剪扭要求 V/b/h0+T/0.8/Wt=3.71>0.25*βc*fc=3.58             《砼规范》6.4.1
  **位置:4 (组合号:14) 截面不满足剪扭要求 V/b/h0+T/0.8/Wt=3.72>0.25*βc*fc=3.58             《砼规范》6.4.1
  **位置:5 (组合号:14) 截面不满足剪扭要求 V/b/h0+T/0.8/Wt=3.73>0.25*βc*fc=3.58             《砼规范》6.4.1
  **位置:6 (组合号:14) 截面不满足剪扭要求 V/b/h0+T/0.8/Wt=3.74>0.25*βc*fc=3.58             《砼规范》6.4.1
  **位置:7 (组合号:14) 截面不满足剪扭要求 V/b/h0+T/0.8/Wt=3.75>0.25*βc*fc=3.58             《砼规范》6.4.1
  **位置:8 (组合号:14) 截面不满足剪扭要求 V/b/h0+T/0.8/Wt=3.76>0.25*βc*fc=3.58             《砼规范》6.4.1
  **位置:9 (组合号:14) 截面不满足剪扭要求 V/b/h0+T/0.8/Wt=3.77>0.25*βc*fc=3.58             《砼规范》6.4.1

     **********************************************************
     *               第 13 层构件配筋设计及验算                *
     **********************************************************
  ---------------------------------------------------------
  N-WC=3 (I=13000128 J=13000129) B*H*Lwc(m)=0.20*0.40*3.00
  Cover= 15(mm) aa=40(mm) Nfw=3 Nfw_gz=3 Rcw=40.0 Fy=360 Fyv=270 Fyw=300 Rwv=0.30
  砼墙
  **最大配筋率超限 7.16%>5.00%
  ---------------------------------------------------------
  N-WC=48 (I=13000107 J=13000109) B*H*Lwc(m)=0.20*0.35*3.00
  Cover= 15(mm) aa=40(mm) Nfw=3 Nfw_gz=3 Rcw=40.0 Fy=360 Fyv=270 Fyw=300 Rwv=0.30
  砼墙
  **最大配筋率超限 5.22%>5.00%
  ---------------------------------------------------------
  N-WC=51 (I=13000048 J=13000070) B*H*Lwc(m)=0.20*0.40*3.00
  Cover= 15(mm) aa=40(mm) Nfw=3 Nfw_gz=3 Rcw=40.0 Fy=360 Fyv=270 Fyw=300 Rwv=0.30
  砼墙
  **最大配筋率超限 7.14%>5.00%
  ---------------------------------------------------------
  N-WB=2 (I=13000061, J=13000062) B*H(mm)=200*600
  Lwb=1.00(m) Cover=20(mm) Nfwb=3 Nfwb_gz=3 Rcwb=40.0 Fy=360 Fyv=360
  砼梁 连梁
  **下截面，位置:1 最大配筋率超限 1.23%>1.20%
  ---------------------------------------------------------
  N-B=41 (I=13000057, J=13000058)(1)B*H(mm)=200*600
  Lb=0.70(m) Cover= 20(mm) Nfb=3 Nfb_gz=3 Rcb=30.0 Fy=360 Fyv=360
  砼梁 框架梁 调幅梁 矩形
  **位置:1 (组合号:14) 截面不满足剪扭要求 V/b/h0+T/0.8/Wt=3.74>0.25*βc*fc=3.58             《砼规范》6.4.1
  **位置:2 (组合号:14) 截面不满足剪扭要求 V/b/h0+T/0.8/Wt=3.75>0.25*βc*fc=3.58             《砼规范》6.4.1
  **位置:3 (组合号:14) 截面不满足剪扭要求 V/b/h0+T/0.8/Wt=3.76>0.25*βc*fc=3.58             《砼规范》6.4.1
  **位置:4 (组合号:14) 截面不满足剪扭要求 V/b/h0+T/0.8/Wt=3.77>0.25*βc*fc=3.58             《砼规范》6.4.1
  **位置:5 (组合号:14) 截面不满足剪扭要求 V/b/h0+T/0.8/Wt=3.78>0.25*βc*fc=3.58             《砼规范》6.4.1
  **位置:6 (组合号:14) 截面不满足剪扭要求 V/b/h0+T/0.8/Wt=3.79>0.25*βc*fc=3.58             《砼规范》6.4.1
  **位置:7 (组合号:14) 截面不满足剪扭要求 V/b/h0+T/0.8/Wt=3.80>0.25*βc*fc=3.58             《砼规范》6.4.1
  **位置:8 (组合号:14) 截面不满足剪扭要求 V/b/h0+T/0.8/Wt=3.81>0.25*βc*fc=3.58             《砼规范》6.4.1
  **位置:9 (组合号:14) 截面不满足剪扭要求 V/b/h0+T/0.8/Wt=3.82>0.25*βc*fc=3.58             《砼规范》6.4.1

     **********************************************************
     *               第 12 层构件配筋设计及验算                *
     **********************************************************
  ---------------------------------------------------------
  N-WC=3 (I=12000128 J=12000129) B*H*Lwc(m)=0.20*0.40*3.00
  Cover= 15(mm) aa=40(mm) Nfw=3 Nfw_gz=3 Rcw=40.0 Fy=360 Fyv=270 Fyw=300 Rwv=0.30
  砼墙
  **最大配筋率超限 7.53%>5.00%
  ---------------------------------------------------------
  N-WC=48 (I=12000107 J=12000109) B*H*Lwc(m)=0.20*0.35*3.00
  Cover= 15(mm) aa=40(mm) Nfw=3 Nfw_gz=3 Rcw=40.0 Fy=360 Fyv=270 Fyw=300 Rwv=0.30
  砼墙
  **最大配筋率超限 5.27%>5.00%
  ---------------------------------------------------------
  N-WC=51 (I=12000048 J=12000070) B*H*Lwc(m)=0.20*0.40*3.00
  Cover= 15(mm) aa=40(mm) Nfw=3 Nfw_gz=3 Rcw=40.0 Fy=360 Fyv=270 Fyw=300 Rwv=0.30
  砼墙
  **最大配筋率超限 7.50%>5.00%
  ---------------------------------------------------------
  N-WB=2 (I=12000061, J=12000062) B*H(mm)=200*600
  Lwb=1.00(m) Cover=20(mm) Nfwb=3 Nfwb_gz=3 Rcwb=40.0 Fy=360 Fyv=360
  砼梁 连梁
  **下截面，位置:1 最大配筋率超限 1.25%>1.20%
  **位置:4 (组合号:14) 截面不满足抗剪要求 V/b/h0=4.78>0.25*βc*fc=4.78             《砼规范》6.3.1
  **位置:5 (组合号:14) 截面不满足抗剪要求 V/b/h0=4.79>0.25*βc*fc=4.78             《砼规范》6.3.1
  **位置:6 (组合号:14) 截面不满足抗剪要求 V/b/h0=4.80>0.25*βc*fc=4.78             《砼规范》6.3.1
  **位置:7 (组合号:14) 截面不满足抗剪要求 V/b/h0=4.81>0.25*βc*fc=4.78             《砼规范》6.3.1
  **位置:8 (组合号:14) 截面不满足抗剪要求 V/b/h0=4.82>0.25*βc*fc=4.78             《砼规范》6.3.1
  **位置:9 (组合号:14) 截面不满足抗剪要求 V/b/h0=4.83>0.25*βc*fc=4.78             《砼规范》6.3.1
  ---------------------------------------------------------
  N-B=41 (I=12000057, J=12000058)(1)B*H(mm)=200*600
  Lb=0.70(m) Cover= 20(mm) Nfb=3 Nfb_gz=3 Rcb=30.0 Fy=360 Fyv=360
  砼梁 框架梁 调幅梁 矩形
  **位置:1 (组合号:14) 截面不满足剪扭要求 V/b/h0+T/0.8/Wt=3.77>0.25*βc*fc=3.58             《砼规范》6.4.1
  **位置:2 (组合号:14) 截面不满足剪扭要求 V/b/h0+T/0.8/Wt=3.79>0.25*βc*fc=3.58             《砼规范》6.4.1
  **位置:3 (组合号:14) 截面不满足剪扭要求 V/b/h0+T/0.8/Wt=3.80>0.25*βc*fc=3.58             《砼规范》6.4.1
  **位置:4 (组合号:14) 截面不满足剪扭要求 V/b/h0+T/0.8/Wt=3.81>0.25*βc*fc=3.58             《砼规范》6.4.1
  **位置:5 (组合号:14) 截面不满足剪扭要求 V/b/h0+T/0.8/Wt=3.82>0.25*βc*fc=3.58             《砼规范》6.4.1
  **位置:6 (组合号:14) 截面不满足剪扭要求 V/b/h0+T/0.8/Wt=3.83>0.25*βc*fc=3.58             《砼规范》6.4.1
  **位置:7 (组合号:14) 截面不满足剪扭要求 V/b/h0+T/0.8/Wt=3.84>0.25*βc*fc=3.58             《砼规范》6.4.1
  **位置:8 (组合号:14) 截面不满足剪扭要求 V/b/h0+T/0.8/Wt=3.85>0.25*βc*fc=3.58             《砼规范》6.4.1
  **位置:9 (组合号:14) 截面不满足剪扭要求 V/b/h0+T/0.8/Wt=3.86>0.25*βc*fc=3.58             《砼规范》6.4.1

     **********************************************************
     *               第 11 层构件配筋设计及验算                *
     **********************************************************
  ---------------------------------------------------------
  N-WC=3 (I=11000128 J=11000129) B*H*Lwc(m)=0.20*0.40*3.00
  Cover= 15(mm) aa=40(mm) Nfw=3 Nfw_gz=3 Rcw=40.0 Fy=360 Fyv=270 Fyw=300 Rwv=0.30
  砼墙
  **最大配筋率超限 7.90%>5.00%
  ---------------------------------------------------------
  N-WC=48 (I=11000107 J=11000109) B*H*Lwc(m)=0.20*0.35*3.00
  Cover= 15(mm) aa=40(mm) Nfw=3 Nfw_gz=3 Rcw=40.0 Fy=360 Fyv=270 Fyw=300 Rwv=0.30
  砼墙
  **最大配筋率超限 5.30%>5.00%
  ---------------------------------------------------------
  N-WC=51 (I=11000048 J=11000070) B*H*Lwc(m)=0.20*0.40*3.00
  Cover= 15(mm) aa=40(mm) Nfw=3 Nfw_gz=3 Rcw=40.0 Fy=360 Fyv=270 Fyw=300 Rwv=0.30
  砼墙
  **最大配筋率超限 7.87%>5.00%
  ---------------------------------------------------------
  N-WB=2 (I=11000061, J=11000062) B*H(mm)=200*600
  Lwb=1.00(m) Cover=20(mm) Nfwb=3 Nfwb_gz=3 Rcwb=40.0 Fy=360 Fyv=360
  砼梁 连梁
  **下截面，位置:1 最大配筋率超限 1.27%>1.20%
  **位置:1 (组合号:14) 截面不满足抗剪要求 V/b/h0=4.82>0.25*βc*fc=4.78             《砼规范》6.3.1
  **位置:2 (组合号:14) 截面不满足抗剪要求 V/b/h0=4.83>0.25*βc*fc=4.78             《砼规范》6.3.1
  **位置:3 (组合号:14) 截面不满足抗剪要求 V/b/h0=4.84>0.25*βc*fc=4.78             《砼规范》6.3.1
  **位置:4 (组合号:14) 截面不满足抗剪要求 V/b/h0=4.85>0.25*βc*fc=4.78             《砼规范》6.3.1
  **位置:5 (组合号:14) 截面不满足抗剪要求 V/b/h0=4.86>0.25*βc*fc=4.78             《砼规范》6.3.1
  **位置:6 (组合号:14) 截面不满足抗剪要求 V/b/h0=4.87>0.25*βc*fc=4.78             《砼规范》6.3.1
  **位置:7 (组合号:14) 截面不满足抗剪要求 V/b/h0=4.87>0.25*βc*fc=4.78             《砼规范》6.3.1
  **位置:8 (组合号:14) 截面不满足抗剪要求 V/b/h0=4.88>0.25*βc*fc=4.78             《砼规范》6.3.1
  **位置:9 (组合号:14) 截面不满足抗剪要求 V/b/h0=4.89>0.25*βc*fc=4.78             《砼规范》6.3.1
  ---------------------------------------------------------
  N-B=41 (I=11000057, J=11000058)(1)B*H(mm)=200*600
  Lb=0.70(m) Cover= 20(mm) Nfb=3 Nfb_gz=3 Rcb=30.0 Fy=360 Fyv=360
  砼梁 框架梁 调幅梁 矩形
  **位置:1 (组合号:14) 截面不满足剪扭要求 V/b/h0+T/0.8/Wt=3.80>0.25*βc*fc=3.58             《砼规范》6.4.1
  **位置:2 (组合号:14) 截面不满足剪扭要求 V/b/h0+T/0.8/Wt=3.81>0.25*βc*fc=3.58             《砼规范》6.4.1
  **位置:3 (组合号:14) 截面不满足剪扭要求 V/b/h0+T/0.8/Wt=3.82>0.25*βc*fc=3.58             《砼规范》6.4.1
  **位置:4 (组合号:14) 截面不满足剪扭要求 V/b/h0+T/0.8/Wt=3.83>0.25*βc*fc=3.58             《砼规范》6.4.1
  **位置:5 (组合号:14) 截面不满足剪扭要求 V/b/h0+T/0.8/Wt=3.84>0.25*βc*fc=3.58             《砼规范》6.4.1
  **位置:6 (组合号:14) 截面不满足剪扭要求 V/b/h0+T/0.8/Wt=3.85>0.25*βc*fc=3.58             《砼规范》6.4.1
  **位置:7 (组合号:14) 截面不满足剪扭要求 V/b/h0+T/0.8/Wt=3.86>0.25*βc*fc=3.58             《砼规范》6.4.1
  **位置:8 (组合号:14) 截面不满足剪扭要求 V/b/h0+T/0.8/Wt=3.87>0.25*βc*fc=3.58             《砼规范》6.4.1
  **位置:9 (组合号:14) 截面不满足剪扭要求 V/b/h0+T/0.8/Wt=3.88>0.25*βc*fc=3.58             《砼规范》6.4.1

     **********************************************************
     *               第 10 层构件配筋设计及验算                *
     **********************************************************
  ---------------------------------------------------------
  N-WC=3 (I=10000128 J=10000129) B*H*Lwc(m)=0.20*0.40*3.00
  Cover= 15(mm) aa=40(mm) Nfw=3 Nfw_gz=3 Rcw=40.0 Fy=360 Fyv=270 Fyw=300 Rwv=0.30
  砼墙
  **最大配筋率超限 8.26%>5.00%
  ---------------------------------------------------------
  N-WC=48 (I=10000107 J=10000109) B*H*Lwc(m)=0.20*0.35*3.00
  Cover= 15(mm) aa=40(mm) Nfw=3 Nfw_gz=3 Rcw=40.0 Fy=360 Fyv=270 Fyw=300 Rwv=0.30
  砼墙
  **最大配筋率超限 5.31%>5.00%
  ---------------------------------------------------------
  N-WC=51 (I=10000048 J=10000070) B*H*Lwc(m)=0.20*0.40*3.00
  Cover= 15(mm) aa=40(mm) Nfw=3 Nfw_gz=3 Rcw=40.0 Fy=360 Fyv=270 Fyw=300 Rwv=0.30
  砼墙
  **最大配筋率超限 8.22%>5.00%
  ---------------------------------------------------------
  N-WB=2 (I=10000061, J=10000062) B*H(mm)=200*600
  Lwb=1.00(m) Cover=20(mm) Nfwb=3 Nfwb_gz=3 Rcwb=40.0 Fy=360 Fyv=360
  砼梁 连梁
  **下截面，位置:1 最大配筋率超限 1.29%>1.20%
  **位置:1 (组合号:14) 截面不满足抗剪要求 V/b/h0=4.87>0.25*βc*fc=4.78             《砼规范》6.3.1
  **位置:2 (组合号:14) 截面不满足抗剪要求 V/b/h0=4.88>0.25*βc*fc=4.78             《砼规范》6.3.1
  **位置:3 (组合号:14) 截面不满足抗剪要求 V/b/h0=4.89>0.25*βc*fc=4.78             《砼规范》6.3.1
  **位置:4 (组合号:14) 截面不满足抗剪要求 V/b/h0=4.90>0.25*βc*fc=4.78             《砼规范》6.3.1
  **位置:5 (组合号:14) 截面不满足抗剪要求 V/b/h0=4.90>0.25*βc*fc=4.78             《砼规范》6.3.1
  **位置:6 (组合号:14) 截面不满足抗剪要求 V/b/h0=4.91>0.25*βc*fc=4.78             《砼规范》6.3.1
  **位置:7 (组合号:14) 截面不满足抗剪要求 V/b/h0=4.92>0.25*βc*fc=4.78             《砼规范》6.3.1
  **位置:8 (组合号:14) 截面不满足抗剪要求 V/b/h0=4.93>0.25*βc*fc=4.78             《砼规范》6.3.1
  **位置:9 (组合号:14) 截面不满足抗剪要求 V/b/h0=4.94>0.25*βc*fc=4.78             《砼规范》6.3.1
  ---------------------------------------------------------
  N-B=41 (I=10000057, J=10000058)(1)B*H(mm)=200*600
  Lb=0.70(m) Cover= 20(mm) Nfb=3 Nfb_gz=3 Rcb=30.0 Fy=360 Fyv=360
  砼梁 框架梁 调幅梁 矩形
  **位置:1 (组合号:14) 截面不满足剪扭要求 V/b/h0+T/0.8/Wt=3.80>0.25*βc*fc=3.58             《砼规范》6.4.1
  **位置:2 (组合号:14) 截面不满足剪扭要求 V/b/h0+T/0.8/Wt=3.81>0.25*βc*fc=3.58             《砼规范》6.4.1
  **位置:3 (组合号:14) 截面不满足剪扭要求 V/b/h0+T/0.8/Wt=3.82>0.25*βc*fc=3.58             《砼规范》6.4.1
  **位置:4 (组合号:14) 截面不满足剪扭要求 V/b/h0+T/0.8/Wt=3.84>0.25*βc*fc=3.58             《砼规范》6.4.1
  **位置:5 (组合号:14) 截面不满足剪扭要求 V/b/h0+T/0.8/Wt=3.85>0.25*βc*fc=3.58             《砼规范》6.4.1
  **位置:6 (组合号:14) 截面不满足剪扭要求 V/b/h0+T/0.8/Wt=3.86>0.25*βc*fc=3.58             《砼规范》6.4.1
  **位置:7 (组合号:14) 截面不满足剪扭要求 V/b/h0+T/0.8/Wt=3.87>0.25*βc*fc=3.58             《砼规范》6.4.1
  **位置:8 (组合号:14) 截面不满足剪扭要求 V/b/h0+T/0.8/Wt=3.88>0.25*βc*fc=3.58             《砼规范》6.4.1
  **位置:9 (组合号:14) 截面不满足剪扭要求 V/b/h0+T/0.8/Wt=3.88>0.25*βc*fc=3.58             《砼规范》6.4.1

     **********************************************************
     *               第 9 层构件配筋设计及验算                *
     **********************************************************
  ---------------------------------------------------------
  N-WC=3 (I=9000128 J=9000129) B*H*Lwc(m)=0.20*0.40*3.00
  Cover= 15(mm) aa=40(mm) Nfw=3 Nfw_gz=3 Rcw=40.0 Fy=360 Fyv=270 Fyw=300 Rwv=0.30
  砼墙
  **最大配筋率超限 8.61%>5.00%
  ---------------------------------------------------------
  N-WC=48 (I=9000107 J=9000109) B*H*Lwc(m)=0.20*0.35*3.00
  Cover= 15(mm) aa=40(mm) Nfw=3 Nfw_gz=3 Rcw=40.0 Fy=360 Fyv=270 Fyw=300 Rwv=0.30
  砼墙
  **最大配筋率超限 5.24%>5.00%
  ---------------------------------------------------------
  N-WC=51 (I=9000048 J=9000070) B*H*Lwc(m)=0.20*0.40*3.00
  Cover= 15(mm) aa=40(mm) Nfw=3 Nfw_gz=3 Rcw=40.0 Fy=360 Fyv=270 Fyw=300 Rwv=0.30
  砼墙
  **最大配筋率超限 8.57%>5.00%
  ---------------------------------------------------------
  N-WB=2 (I=9000061, J=9000062) B*H(mm)=200*600
  Lwb=1.00(m) Cover=20(mm) Nfwb=3 Nfwb_gz=3 Rcwb=40.0 Fy=360 Fyv=360
  砼梁 连梁
  **下截面，位置:1 最大配筋率超限 1.29%>1.20%
  **位置:1 (组合号:14) 截面不满足抗剪要求 V/b/h0=4.90>0.25*βc*fc=4.78             《砼规范》6.3.1
  **位置:2 (组合号:14) 截面不满足抗剪要求 V/b/h0=4.91>0.25*βc*fc=4.78             《砼规范》6.3.1
  **位置:3 (组合号:14) 截面不满足抗剪要求 V/b/h0=4.91>0.25*βc*fc=4.78             《砼规范》6.3.1
  **位置:4 (组合号:14) 截面不满足抗剪要求 V/b/h0=4.92>0.25*βc*fc=4.78             《砼规范》6.3.1
  **位置:5 (组合号:14) 截面不满足抗剪要求 V/b/h0=4.93>0.25*βc*fc=4.78             《砼规范》6.3.1
  **位置:6 (组合号:14) 截面不满足抗剪要求 V/b/h0=4.94>0.25*βc*fc=4.78             《砼规范》6.3.1
  **位置:7 (组合号:14) 截面不满足抗剪要求 V/b/h0=4.95>0.25*βc*fc=4.78             《砼规范》6.3.1
  **位置:8 (组合号:14) 截面不满足抗剪要求 V/b/h0=4.96>0.25*βc*fc=4.78             《砼规范》6.3.1
  **位置:9 (组合号:14) 截面不满足抗剪要求 V/b/h0=4.97>0.25*βc*fc=4.78             《砼规范》6.3.1
  ---------------------------------------------------------
  N-B=41 (I=9000057, J=9000058)(1)B*H(mm)=200*600
  Lb=0.70(m) Cover= 20(mm) Nfb=3 Nfb_gz=3 Rcb=30.0 Fy=360 Fyv=360
  砼梁 框架梁 调幅梁 矩形
  **位置:1 (组合号:14) 截面不满足剪扭要求 V/b/h0+T/0.8/Wt=3.77>0.25*βc*fc=3.58             《砼规范》6.4.1
  **位置:2 (组合号:14) 截面不满足剪扭要求 V/b/h0+T/0.8/Wt=3.79>0.25*βc*fc=3.58             《砼规范》6.4.1
  **位置:3 (组合号:14) 截面不满足剪扭要求 V/b/h0+T/0.8/Wt=3.80>0.25*βc*fc=3.58             《砼规范》6.4.1
  **位置:4 (组合号:14) 截面不满足剪扭要求 V/b/h0+T/0.8/Wt=3.81>0.25*βc*fc=3.58             《砼规范》6.4.1
  **位置:5 (组合号:14) 截面不满足剪扭要求 V/b/h0+T/0.8/Wt=3.82>0.25*βc*fc=3.58             《砼规范》6.4.1
  **位置:6 (组合号:14) 截面不满足剪扭要求 V/b/h0+T/0.8/Wt=3.83>0.25*βc*fc=3.58             《砼规范》6.4.1
  **位置:7 (组合号:14) 截面不满足剪扭要求 V/b/h0+T/0.8/Wt=3.84>0.25*βc*fc=3.58             《砼规范》6.4.1
  **位置:8 (组合号:14) 截面不满足剪扭要求 V/b/h0+T/0.8/Wt=3.85>0.25*βc*fc=3.58             《砼规范》6.4.1
  **位置:9 (组合号:14) 截面不满足剪扭要求 V/b/h0+T/0.8/Wt=3.86>0.25*βc*fc=3.58             《砼规范》6.4.1

     **********************************************************
     *               第 8 层构件配筋设计及验算                *
     **********************************************************
  ---------------------------------------------------------
  N-WC=3 (I=8000128 J=8000129) B*H*Lwc(m)=0.20*0.40*3.00
  Cover= 15(mm) aa=40(mm) Nfw=3 Nfw_gz=3 Rcw=50.0 Fy=360 Fyv=270 Fyw=300 Rwv=0.30
  砼墙
  **最大配筋率超限 8.75%>5.00%
  ---------------------------------------------------------
  N-WC=48 (I=8000107 J=8000109) B*H*Lwc(m)=0.20*0.35*3.00
  Cover= 15(mm) aa=40(mm) Nfw=3 Nfw_gz=3 Rcw=50.0 Fy=360 Fyv=270 Fyw=300 Rwv=0.30
  砼墙
  **最大配筋率超限 5.08%>5.00%
  ---------------------------------------------------------
  N-WC=51 (I=8000048 J=8000070) B*H*Lwc(m)=0.20*0.40*3.00
  Cover= 15(mm) aa=40(mm) Nfw=3 Nfw_gz=3 Rcw=50.0 Fy=360 Fyv=270 Fyw=300 Rwv=0.30
  砼墙
  **最大配筋率超限 8.69%>5.00%
  ---------------------------------------------------------
  N-WB=2 (I=8000061, J=8000062) B*H(mm)=200*600
  Lwb=1.00(m) Cover=20(mm) Nfwb=3 Nfwb_gz=3 Rcwb=50.0 Fy=360 Fyv=360
  砼梁 连梁
  **下截面，位置:1 最大配筋率超限 1.33%>1.20%
  ---------------------------------------------------------
  N-B=41 (I=8000057, J=8000058)(1)B*H(mm)=200*600
  Lb=0.70(m) Cover= 20(mm) Nfb=3 Nfb_gz=3 Rcb=30.0 Fy=360 Fyv=360
  砼梁 框架梁 调幅梁 矩形
  **位置:1 (组合号:14) 截面不满足剪扭要求 V/b/h0+T/0.8/Wt=3.74>0.25*βc*fc=3.58             《砼规范》6.4.1
  **位置:2 (组合号:14) 截面不满足剪扭要求 V/b/h0+T/0.8/Wt=3.76>0.25*βc*fc=3.58             《砼规范》6.4.1
  **位置:3 (组合号:14) 截面不满足剪扭要求 V/b/h0+T/0.8/Wt=3.77>0.25*βc*fc=3.58             《砼规范》6.4.1
  **位置:4 (组合号:14) 截面不满足剪扭要求 V/b/h0+T/0.8/Wt=3.78>0.25*βc*fc=3.58             《砼规范》6.4.1
  **位置:5 (组合号:14) 截面不满足剪扭要求 V/b/h0+T/0.8/Wt=3.79>0.25*βc*fc=3.58             《砼规范》6.4.1
  **位置:6 (组合号:14) 截面不满足剪扭要求 V/b/h0+T/0.8/Wt=3.80>0.25*βc*fc=3.58             《砼规范》6.4.1
  **位置:7 (组合号:14) 截面不满足剪扭要求 V/b/h0+T/0.8/Wt=3.81>0.25*βc*fc=3.58             《砼规范》6.4.1
  **位置:8 (组合号:14) 截面不满足剪扭要求 V/b/h0+T/0.8/Wt=3.82>0.25*βc*fc=3.58             《砼规范》6.4.1
  **位置:9 (组合号:14) 截面不满足剪扭要求 V/b/h0+T/0.8/Wt=3.83>0.25*βc*fc=3.58             《砼规范》6.4.1

     **********************************************************
     *               第 7 层构件配筋设计及验算                *
     **********************************************************
  ---------------------------------------------------------
  N-WC=3 (I=7000128 J=7000129) B*H*Lwc(m)=0.20*0.40*3.00
  Cover= 15(mm) aa=40(mm) Nfw=3 Nfw_gz=3 Rcw=50.0 Fy=360 Fyv=270 Fyw=300 Rwv=0.30
  砼墙
  **最大配筋率超限 9.07%>5.00%
  ---------------------------------------------------------
  N-WC=51 (I=7000048 J=7000070) B*H*Lwc(m)=0.20*0.40*3.00
  Cover= 15(mm) aa=40(mm) Nfw=3 Nfw_gz=3 Rcw=50.0 Fy=360 Fyv=270 Fyw=300 Rwv=0.30
  砼墙
  **最大配筋率超限 9.01%>5.00%
  ---------------------------------------------------------
  N-WB=2 (I=7000061, J=7000062) B*H(mm)=200*600
  Lwb=1.00(m) Cover=20(mm) Nfwb=3 Nfwb_gz=3 Rcwb=50.0 Fy=360 Fyv=360
  砼梁 连梁
  **下截面，位置:1 最大配筋率超限 1.34%>1.20%
  **上截面，位置:9 最大配筋率超限 1.21%>1.20%             《高规》7.2.25
  ---------------------------------------------------------
  N-B=41 (I=7000057, J=7000058)(1)B*H(mm)=200*600
  Lb=0.70(m) Cover= 20(mm) Nfb=3 Nfb_gz=3 Rcb=30.0 Fy=360 Fyv=360
  砼梁 框架梁 调幅梁 矩形
  **位置:1 (组合号:14) 截面不满足剪扭要求 V/b/h0+T/0.8/Wt=3.68>0.25*βc*fc=3.58             《砼规范》6.4.1
  **位置:2 (组合号:14) 截面不满足剪扭要求 V/b/h0+T/0.8/Wt=3.69>0.25*βc*fc=3.58             《砼规范》6.4.1
  **位置:3 (组合号:14) 截面不满足剪扭要求 V/b/h0+T/0.8/Wt=3.70>0.25*βc*fc=3.58             《砼规范》6.4.1
  **位置:4 (组合号:14) 截面不满足剪扭要求 V/b/h0+T/0.8/Wt=3.71>0.25*βc*fc=3.58             《砼规范》6.4.1
  **位置:5 (组合号:14) 截面不满足剪扭要求 V/b/h0+T/0.8/Wt=3.72>0.25*βc*fc=3.58             《砼规范》6.4.1
  **位置:6 (组合号:14) 截面不满足剪扭要求 V/b/h0+T/0.8/Wt=3.73>0.25*βc*fc=3.58             《砼规范》6.4.1
  **位置:7 (组合号:14) 截面不满足剪扭要求 V/b/h0+T/0.8/Wt=3.74>0.25*βc*fc=3.58             《砼规范》6.4.1
  **位置:8 (组合号:14) 截面不满足剪扭要求 V/b/h0+T/0.8/Wt=3.75>0.25*βc*fc=3.58             《砼规范》6.4.1
  **位置:9 (组合号:14) 截面不满足剪扭要求 V/b/h0+T/0.8/Wt=3.76>0.25*βc*fc=3.58             《砼规范》6.4.1

     **********************************************************
     *               第 6 层构件配筋设计及验算                *
     **********************************************************
  ---------------------------------------------------------
  N-WC=3 (I=6000128 J=6000129) B*H*Lwc(m)=0.20*0.40*3.00
  Cover= 15(mm) aa=40(mm) Nfw=3 Nfw_gz=3 Rcw=50.0 Fy=360 Fyv=270 Fyw=300 Rwv=0.30
  砼墙
  **最大配筋率超限 9.35%>5.00%
  ---------------------------------------------------------
  N-WC=51 (I=6000048 J=6000070) B*H*Lwc(m)=0.20*0.40*3.00
  Cover= 15(mm) aa=40(mm) Nfw=3 Nfw_gz=3 Rcw=50.0 Fy=360 Fyv=270 Fyw=300 Rwv=0.30
  砼墙
  **最大配筋率超限 9.27%>5.00%
  ---------------------------------------------------------
  N-WB=2 (I=6000061, J=6000062) B*H(mm)=200*600
  Lwb=1.00(m) Cover=20(mm) Nfwb=3 Nfwb_gz=3 Rcwb=50.0 Fy=360 Fyv=360
  砼梁 连梁
  **下截面，位置:1 最大配筋率超限 1.34%>1.20%
  **上截面，位置:9 最大配筋率超限 1.21%>1.20%             《高规》7.2.25
  ---------------------------------------------------------
  N-B=41 (I=6000057, J=6000058)(1)B*H(mm)=200*600
  Lb=0.70(m) Cover= 20(mm) Nfb=3 Nfb_gz=3 Rcb=30.0 Fy=360 Fyv=360
  砼梁 框架梁 调幅梁 矩形
  **位置:2 (组合号:14) 截面不满足剪扭要求 V/b/h0+T/0.8/Wt=3.58>0.25*βc*fc=3.58             《砼规范》6.4.1
  **位置:3 (组合号:14) 截面不满足剪扭要求 V/b/h0+T/0.8/Wt=3.60>0.25*βc*fc=3.58             《砼规范》6.4.1
  **位置:4 (组合号:14) 截面不满足剪扭要求 V/b/h0+T/0.8/Wt=3.61>0.25*βc*fc=3.58             《砼规范》6.4.1
  **位置:5 (组合号:14) 截面不满足剪扭要求 V/b/h0+T/0.8/Wt=3.62>0.25*βc*fc=3.58             《砼规范》6.4.1
  **位置:6 (组合号:14) 截面不满足剪扭要求 V/b/h0+T/0.8/Wt=3.63>0.25*βc*fc=3.58             《砼规范》6.4.1
  **位置:7 (组合号:14) 截面不满足剪扭要求 V/b/h0+T/0.8/Wt=3.64>0.25*βc*fc=3.58             《砼规范》6.4.1
  **位置:8 (组合号:14) 截面不满足剪扭要求 V/b/h0+T/0.8/Wt=3.65>0.25*βc*fc=3.58             《砼规范》6.4.1
  **位置:9 (组合号:14) 截面不满足剪扭要求 V/b/h0+T/0.8/Wt=3.66>0.25*βc*fc=3.58             《砼规范》6.4.1

     **********************************************************
     *               第 5 层构件配筋设计及验算                *
     **********************************************************
  ---------------------------------------------------------
  N-WC=3 (I=5000128 J=5000129) B*H*Lwc(m)=0.20*0.40*3.00
  Cover= 15(mm) aa=40(mm) Nfw=3 Nfw_gz=3 Rcw=50.0 Fy=360 Fyv=270 Fyw=300 Rwv=0.30
  砼墙
  **最大配筋率超限 9.60%>5.00%
  ---------------------------------------------------------
  N-WC=51 (I=5000048 J=5000070) B*H*Lwc(m)=0.20*0.40*3.00
  Cover= 15(mm) aa=40(mm) Nfw=3 Nfw_gz=3 Rcw=50.0 Fy=360 Fyv=270 Fyw=300 Rwv=0.30
  砼墙
  **最大配筋率超限 9.50%>5.00%
  ---------------------------------------------------------
  N-WB=2 (I=5000061, J=5000062) B*H(mm)=200*600
  Lwb=1.00(m) Cover=20(mm) Nfwb=3 Nfwb_gz=3 Rcwb=50.0 Fy=360 Fyv=360
  砼梁 连梁
  **下截面，位置:1 最大配筋率超限 1.33%>1.20%
  **上截面，位置:9 最大配筋率超限 1.20%>1.20%             《高规》7.2.25

     **********************************************************
     *               第 4 层(约束边缘构件层)构件配筋设计及验算                *
     **********************************************************
  ---------------------------------------------------------
  N-WC=3 (I=4000128 J=4000129) B*H*Lwc(m)=0.20*0.40*3.00
  Cover= 15(mm) aa=40(mm) Nfw=3 Nfw_gz=3 Rcw=50.0 Fy=360 Fyv=270 Fyw=300 Rwv=0.30
  砼墙
  **最大配筋率超限 9.76%>5.00%
  ---------------------------------------------------------
  N-WC=51 (I=4000048 J=4000070) B*H*Lwc(m)=0.20*0.40*3.00
  Cover= 15(mm) aa=40(mm) Nfw=3 Nfw_gz=3 Rcw=50.0 Fy=360 Fyv=270 Fyw=300 Rwv=0.30
  砼墙
  **最大配筋率超限 9.66%>5.00%
  ---------------------------------------------------------
  N-WB=2 (I=4000061, J=4000062) B*H(mm)=200*600
  Lwb=1.00(m) Cover=20(mm) Nfwb=3 Nfwb_gz=3 Rcwb=50.0 Fy=360 Fyv=360
  砼梁 连梁
  **下截面，位置:1 最大配筋率超限 1.31%>1.20%

     **********************************************************
     *               第 3 层(底部加强区 约束边缘构件层)构件配筋设计及验算                *
     **********************************************************
  ---------------------------------------------------------
  N-WC=3 (I=3000128 J=3000129) B*H*Lwc(m)=0.20*0.40*3.00
  Cover= 15(mm) aa=40(mm) Nfw=3 Nfw_gz=3 Rcw=50.0 Fy=360 Fyv=270 Fyw=300 Rwv=0.30
  砼墙 加强区
  **最大配筋率超限 9.77%>5.00%
  ---------------------------------------------------------
  N-WC=51 (I=3000048 J=3000070) B*H*Lwc(m)=0.20*0.40*3.00
  Cover= 15(mm) aa=40(mm) Nfw=3 Nfw_gz=3 Rcw=50.0 Fy=360 Fyv=270 Fyw=300 Rwv=0.30
  砼墙 加强区
  **最大配筋率超限 9.64%>5.00%
  ---------------------------------------------------------
  N-WB=2 (I=3000061, J=3000062) B*H(mm)=200*600
  Lwb=1.00(m) Cover=20(mm) Nfwb=3 Nfwb_gz=3 Rcwb=50.0 Fy=360 Fyv=360
  砼梁 连梁
  **下截面，位置:1 最大配筋率超限 1.26%>1.20%

     **********************************************************
     *               第 2 层(底部加强区 约束边缘构件层)构件配筋设计及验算                *
     **********************************************************
  ---------------------------------------------------------
  N-WC=3 (I=2000128 J=2000129) B*H*Lwc(m)=0.20*0.40*3.00
  Cover= 15(mm) aa=40(mm) Nfw=3 Nfw_gz=3 Rcw=50.0 Fy=360 Fyv=270 Fyw=300 Rwv=0.30
  砼墙 加强区
  **最大配筋率超限 9.79%>5.00%
  ---------------------------------------------------------
  N-WC=51 (I=2000048 J=2000070) B*H*Lwc(m)=0.20*0.40*3.00
  Cover= 15(mm) aa=40(mm) Nfw=3 Nfw_gz=3 Rcw=50.0 Fy=360 Fyv=270 Fyw=300 Rwv=0.30
  砼墙 加强区
  **最大配筋率超限 9.67%>5.00%
  ---------------------------------------------------------
  N-WB=4 (I=2000131, J=2000132) B*H(mm)=200*600
  Lwb=0.80(m) Cover=20(mm) Nfwb=3 Nfwb_gz=3 Rcwb=50.0 Fy=360 Fyv=360
  砼梁 连梁
  **上截面，位置:9 最大配筋率超限 1.21%>1.20%             《高规》7.2.25

     **********************************************************
     *               第 1 层(底部加强区 约束边缘构件层)构件配筋设计及验算                *
     **********************************************************
  ---------------------------------------------------------
  N-WC=2 (I=1000130 J=1000131) B*H*Lwc(m)=0.25*0.40*6.00
  Cover= 15(mm) aa=40(mm) Nfw=3 Nfw_gz=3 Rcw=50.0 Fy=360 Fyv=270 Fyw=300 Rwv=0.30
  砼墙 加强区
  **最大配筋率超限 6.72%>5.00%
  ---------------------------------------------------------
  N-WC=12 (I=1000134 J=1000141) B*H*Lwc(m)=0.30*2.40*6.00
  Cover= 15(mm) aa=200(mm) Nfw=3 Nfw_gz=3 Rcw=50.0 Fy=360 Fyv=270 Fyw=300 Rwv=0.30
  砼墙 加强区
  **整体稳定验算超限 ( 12)N=     -7919 > 1.2*Ec*Imin/h/h=      6220             《高规》D.0.4
  ---------------------------------------------------------
  N-WC=20 (I=1000058 J=1000061) B*H*Lwc(m)=0.20*2.80*6.00
  Cover= 15(mm) aa=200(mm) Nfw=3 Nfw_gz=3 Rcw=50.0 Fy=360 Fyv=270 Fyw=300 Rwv=0.30
  砼墙 加强区
  **工字形(或槽型)墙翼缘单肢稳定验算超限 ( 13)q=      2780 > Ec*(T**3)/(Lo**2)/10=      1649 N=     -7783 Beta=     0.682             《高规》D.0.1
  ---------------------------------------------------------
  N-WC=49 (I=1000048 J=1000072) B*H*Lwc(m)=0.25*0.40*6.00
  Cover= 15(mm) aa=40(mm) Nfw=3 Nfw_gz=3 Rcw=50.0 Fy=360 Fyv=270 Fyw=300 Rwv=0.30
  砼墙 加强区
  **最大配筋率超限 6.42%>5.00%
  ---------------------------------------------------------
  N-WC=52 (I=1000036 J=1000042) B*H*Lwc(m)=0.30*2.40*6.00
  Cover= 15(mm) aa=200(mm) Nfw=3 Nfw_gz=3 Rcw=50.0 Fy=360 Fyv=270 Fyw=300 Rwv=0.30
  砼墙 加强区
  **整体稳定验算超限 ( 13)N=     -7676 > 1.2*Ec*Imin/h/h=      6220             《高规》D.0.4
  ---------------------------------------------------------
  N-WC=54 (I=1000008 J=1000010) B*H*Lwc(m)=0.30*4.30*6.00
  Cover= 15(mm) aa=215(mm) Nfw=3 Nfw_gz=3 Rcw=50.0 Fy=360 Fyv=270 Fyw=300 Rwv=0.30
  砼墙 加强区
  **整体稳定验算超限 ( 15)N=    -17813 > 1.2*Ec*Imin/h/h=     15022             《高规》D.0.4
  ---------------------------------------------------------
  N-WC=58 (I=1000163 J=1000165) B*H*Lwc(m)=0.30*4.30*6.00
  Cover= 15(mm) aa=215(mm) Nfw=3 Nfw_gz=3 Rcw=50.0 Fy=360 Fyv=270 Fyw=300 Rwv=0.30
  砼墙 加强区
  **整体稳定验算超限 ( 15)N=    -17982 > 1.2*Ec*Imin/h/h=     15022             《高规》D.0.4
