
     ----------------------------------------------------------------------

                                   总信息文件

     ----------------------------------------------------------------------

            工程名称：hezheng3-1taloutiziqian
            工程代号：
             设计人：
             校核人：
            软件名称：盈建科建筑结构设计软件
              版本：1.8.2.0
            计算日期：2017/12/07
     ----------------------------------------------------------------------

     **********************************************************
                              设计参数输出
     **********************************************************

     结构总体信息 ........................................
       结构体系:                                              框剪结构
       结构材料信息:                                          钢筋混凝土
       结构所在地区:                                          广东高规DBJ15-92-2013
       地下室层数:                                            0
       嵌固端所在层号(层顶嵌固):                              0
       与基础相连构件最大底标高(m):                           0.000
       裙房层数:                                              0
       转换层所在层号:                                        0
       加强层所在层号:                                        0
       竖向荷载计算信息:                                      施工模拟三
       风荷载计算信息:                                        一般计算方式
       地震力计算信息:                                        计算水平地震作用
       是否计算吊车荷载:                                      否
       是否计算人防荷载:                                      否
       是否考虑预应力等效荷载工况:                            否
       是否生成绘等值线用数据:                                否
       是否计算温度荷载:                                      否
       竖向荷载砼墙轴向刚度考虑徐变收缩影响:                  否
       是否生成传给基础的刚度:                                否
       上部结构计算考虑基础结构:                              否
       施工模拟加载层步长:                                    1

     计算控制信息 ........................................
       水平力与整体坐标夹角:                                  0.00
       梁刚度放大系数按2010《混凝土规范》取值:                是
       中梁刚度放大系数上限:                                  2.00
       边梁刚度放大系数上限:                                  1.50
       连梁刚度折减系数(地震):                                0.70
       连梁刚度折减系数(风):                                  1.00
       连梁按墙元计算控制跨高比:                              5.00
       连梁材料强度默认同墙:                                  是
       墙元细分最大控制长度(m):                               1.00
       板元细分最大控制长度(m):                               1.00
       短墙肢自动加密:                                        是
       弹性板荷载计算方式:                                    平面导荷
       膜单元类型:                                            经典膜元(QA4)
       考虑梁端刚域:                                          否
       考虑柱端刚域:                                          否
       是否输出节点位移:                                      否
       墙梁跨中节点作为刚性楼板从节点:                        是
       结构计算时考虑楼梯刚度:                                否
       梁与弹性板变形协调:                                    是
       弹性板与梁协调时考虑梁向下相对偏移:                    否
       梁墙自重扣除与柱重叠部分:                              是
       楼板自重扣除与梁墙重叠部分:                            否
       刚性楼板假定 :                                         整体指标计算采用强刚，其它计算非强刚
       地下室楼板强制采用刚性楼板假定:                        否
       是否自动划分多塔:                                      否
       计算现浇空心板:                                        否
       增加计算连梁刚度不折减模型下的地震位移:                否
       地震内力按全楼弹性板6计算:                             否
       求解器设定内存:                                        0

     二阶效应信息 ..........................................
       是否考虑 P-Delt 效应:                                  否

     风荷载信息 ..........................................
       使用指定风荷载数据:                                    否
       执行规范:                                              GB50009-2012
       地面粗糙程度 :                                         C
       修正后的基本风压 (kN/m2):                              0.70
       结构X向基本周期（秒）:                                 2.30
       结构Y向基本周期（秒）:                                 2.20
       风荷载计算用阻尼比 :                                   0.050
       承载力设计时的风荷载效应放大系数:                      1.1
       考虑顺风向风振:                                        是
       多方向风角度:                                          
       舒适度验算用基本风压 (kN/m2):                          0.45
       舒适度验算用阻尼比 :                                   0.020
       水平风荷载体型分段数:                                  1
       分段号  最高层号    X迎风    X背风    X侧风    X挡风    Y迎风    Y背风    Y侧风    Y挡风
         1        29       0.80    -0.60     0.00     1.00     0.80    -0.60     0.00     1.00
       自动计算结构宽深:                                      是
       考虑横向风振:                                          否
       考虑扭转风振:                                          否

     地震信息 ............................................
       按地震动区划图GB18306-2015计算:                        否
       设计地震分组:                                          一
       地震烈度:                                              7 (0.1g)
       场地类别:                                              Ⅱ
       特征周期:                                              0.35
       阻尼比确定方法:                                        全楼统一
       结构的阻尼比:                                          0.050
       周期折减系数:                                          0.90
       特征值分析类型:                                        WYD-RITZ
       振型数确定方式:                                        程序自动计算
       自动计算振型数时，振型参与质量系数需达到总质量的百分比:95%
       自动计算振型数时，是否指定最多振型数量:                否
       自动计算振型数时，最多振型数量:                        150
       按主振型确定地震内力符号:                              否
       框架的抗震等级:                                        3
       钢框架的抗震等级:                                      3
       剪力墙的抗震等级:                                      3
       抗震构造措施的抗震等级:                                不改变
       框支剪力墙结构底部加强区剪力墙抗震等级自动提高一级:    是
       地下一层以下抗震构造措施抗震等级逐层降级及抗震措施4级: 是
       是否考虑偶然偏心:                                      是
       X向偶然偏心值:                                         0.05
       Y向偶然偏心值:                                         0.05
       偶然偏心计算方法:                                      等效扭矩法(传统法)
       是否考虑双向地震扭转效应:                              是
       自动计算最不利地震方向的作用:                          是
       斜交抗侧力构件方向的附加地震数:                        0
       活荷重力荷载代表值组合系数:                            0.50
       使用自定义地震影响系数曲线:                              否
       地震影响系数最大值:                                    0.080
       罕遇地震影响系数最大值:                                0.500
       地震作用放大方法:                                      全楼统一
       全楼地震力放大系数:                                    1.00
       减震隔震附加阻尼比算法:                                强制解耦
       最大附加阻尼比:                                        0.25
       调整后的水平向减震系数:                                1.00
       地震计算时不考虑地下室以下的结构质量:                    否
       连接单元的有效刚度和阻尼自动采用直接积分法时程计算结果:  否

     性能设计信息 ........................................
       是否考虑性能设计:                                      否

     设计信息 ............................................
       是否按抗震规范5.2.5调整楼层地震力:                     是
       是否扭转效应明显:                                      是
       是否自动计算动位移比例系数:                            否
       第一平动周期方向动位移比例（0~1）:                     0.50
       第二平动周期方向动位移比例（0~1）:                     0.50
       梁端弯矩调幅系数:                                      0.85
       框架梁调幅后不小于简支梁跨中弯矩的倍数:                0.50
       非框架梁调幅后不小于简支梁跨中弯矩的倍数:              0.33
       梁扭矩折减系数:                                        0.40
       九度结构及一级框架梁柱超配筋系数:                      1.15
       按层刚度比判断薄弱层方法:                              高规和抗规从严
       底部嵌固楼层刚度比执行《高规》3.5.2-2:                 否
       自动对层间受剪承载力突变形成的薄弱层放大调整:          否
       自动根据层间受剪承载力比值调整配筋:                    否
       是否转换层指定为薄弱层:                                是
       薄弱层地震内力放大系数:                                1.25
       强制指定的薄弱层层号:                                  0
       与柱相连的框架梁端M、V不调整:                          否
       0.2V0 调整分段数:                                      0
       分段号     起始层号    终止层号
       0.2V0调整规则:                                         min(0.20V0,1.50Vfmax)
       0.2V0调整时楼层剪力最小倍数:                           0.20
       0.2V0调整时各层框架剪力最大值的倍数:                   1.50
       0.2V0 调整上限:                                        2.00
       框支柱调整上限:                                        5.00
       支撑按柱设计临界角:                                    20
       按竖向构件内力统计层地震剪力:                          否
       位移角小于此值时，位移比设置为1:                       0.00020
       剪力墙承担全部地震剪力:                                否

     活荷载信息 ..........................................
       柱、墙活荷载是否折减:                                  是
       计算截面以上层数           折减系数:
                 1                 1.00
                2-3                0.85
                4-5                0.70
                6-8                0.65
                9-20               0.60
                20层以上           0.55
       考虑活荷不利布置的最高层号:                            0
       梁活荷载内力放大系数:                                  1.00
       楼面梁活荷载折减:                                      不折减

     构件设计信息 ........................................
       柱配筋计算原则:                                        单偏压
       连梁按对称配筋设计:                                    否
       抗震设计的框架梁端配筋考虑受压钢筋:                    是
       矩形混凝土梁按T形梁配筋:                               否
       按简化方法计算柱剪跨比（Hn/2h0）:                      是
       墙柱配筋设计考虑端柱:                                  否
       墙柱配筋设计考虑翼缘墙:                                否
       与剪力墙面外相连的梁按框架梁设计:                      是
       验算一级抗震墙施工缝:                                  否
       梁压弯设计控制轴压比:                                  0.40
       梁端配筋内力取值位置(0-节点，1-支座边):                0.00
       钢构件截面净毛面积比:                                  0.85
       X向钢柱计算长度是否按有侧移计算:                       是
       Y向钢柱计算长度是否按有侧移计算:                       是
       按《钢规》5.3.3-2自动判断强弱支撑:                     否
       执行门规GB51022附录A:                                 是
       执行门规GB51022附录A.0.8:                             否
       不计算地震作用时按重力荷载代表值计算柱轴压比:          否
       框架柱的轴压比限值按框架结构采用:                      否
       梁保护层厚度 (mm):                                     20
       柱保护层厚度 (mm):                                     20
       型钢混凝土构件设计依据:                                《型钢规程》JGJ138-2001
       执行《高钢规》JGJ99-2015:                              是
       按叠合柱设计的叠合比:                                  0.00
       剪力墙构造边缘构件的设计执行高规7.2.16-4:              否
       底部加强区全部设为约束边缘构件:                        否
       面外梁下生成暗柱边缘构件:                              全都生成
       归入阴影区的λ/2区最大长度:                            0
       边缘构件合并距离 (mm):                                 300
       短肢边缘构件合并距离 (mm):                             600
       边缘构件尺寸取整模数 (mm):                             10
       构造边缘构件尺寸设计依据:                              《高规》JGJ3-2010 第7.2.16条
       约束边缘构件尺寸依据《广东高规》设计:                            否
       按边缘构件轮廓计算配筋:                                          否
       组合梁施工荷载(kN/m2):                                           1.5

     包络设计 ........................................
       是否分塔与整体分别计算，并取大:                        否
       自动取框架和框架-抗震墙模型计算大值:                   否
       是否与其它模型进行包络取大:                            否

     鉴定加固 ........................................
       是否鉴定加固:                                          否

     装配式 ..........................................
       是否是装配式结构:                                      否

     材料信息 ........................................
       混凝土容重 (kN/m3):                                    26.00
       砌体容重 (kN/m3):                                      22.00
       钢材容重 (kN/m3):                                      78.00
       轻骨料混凝土容重 (kN/m3):                              18.50
       轻骨料混凝土密度等级:                                  1800
       梁箍筋间距 (mm):                                       100
       柱箍筋间距 (mm):                                       100
       墙水平分布筋最大间距 (mm):                             150
       墙竖向分布筋最小配筋率 (%):                            0.30
       结构底部单独指定墙竖向分布筋配筋率的层号:              0
       结构底部NSW层的墙竖向分布配筋率:                       0.60

     钢筋强度 ........................................
       HPB300钢筋强度设计值（N/mm2）:                         270
       HRB335钢筋强度设计值（N/mm2）:                         300
       HRB400钢筋强度设计值（N/mm2）:                         360

     地下室信息 ..........................................
       土的水平抗力系数的比例系数(MN/m4):                     10.00
       扣除地面以下几层回填土约束:                            0
       外墙分布筋保护层厚度(mm):                               35
       回填土容重 (kN/m3):                                    18.00
       回填土侧压力系数:                                      0.50
       室外地平标高 (m):                                      -0.35
       地下水位标高 (m):                                      -20.00
       室外地面附加荷载 (kN/m2):                              0.00
       基础水工况组合方式:                                    叠加
       按反应位移法计算地下结构的地震作用:                    否

     荷载组合 ......................................
       结构重要性系数:                                        1.00
       恒载分项系数:                                          1.20
       活载分项系数:                                          1.40
       活荷载组合值系数:                                      0.70
       活荷载频遇值系数:                                      0.60
       活荷载准永久值系数:                                    0.50
       考虑结构设计使用年限的活荷载调整系数:                  1.00
       风荷载分项系数:                                        1.40
       风荷载组合值系数:                                      0.60
       风荷载频遇值系数:                                      0.40
       风荷载是否参与地震组合:                                是
       水平地震力分项系数:                                    1.30

     **********************************************************
                                 楼层属性
     **********************************************************

  层号    塔号       属性
   29      1         无
   28      1         无
   27      1         无
   26      1         无
   25      1         无
   24      1         无
   23      1         无
   22      1         无
   21      1         无
   20      1         无
   19      1         无
   18      1         无
   17      1         无
   16      1         无
   15      1         无
   14      1         无
   13      1         无
   12      1         无
   11      1         无
   10      1         无
    9      1         无
    8      1         无
    7      1         无
    6      1         无
    5      1         无
    4      1         约束边缘构件层
    3      1         底部加强区 约束边缘构件层
    2      1         底部加强区 约束边缘构件层
    1      1         底部加强区 约束边缘构件层

     **********************************************************
                           塔属性
     **********************************************************

  塔号 1
       结构体系:                                              框剪结构
       结构X向基本周期（秒）:                                 2.30
       结构Y向基本周期（秒）:                                 2.20
       水平风荷载体型分段数:                                  1
       分段号  最高层号    挡风系数    迎风面系数    背风面系数    侧风面系数
         1        29        1.00         0.80          -0.60          0.00
       0.2V0 调整分段数:                                      0
       分段号     起始层号    终止层号
       0.2V0调整时楼层剪力最小倍数:                           0.20
       0.2V0调整时各层框架剪力最大值的倍数:                   1.50

     **********************************************************
                 各层质量、质心坐标，层质量比
     **********************************************************

  层号    塔号    质心X       质心Y       质心Z       恒载质量    活载质量    活载质量   附加质量     质量比
                   (m)         (m)         (m)          (t)         (t)     (不折减)(t)    (t)
   29      1      29.743     -1.419      93.000       204.7         9.3        18.6         0.0        1.00
   28      1      29.743     -1.419      88.500       204.7         9.3        18.6         0.0        0.23
   27      1      29.683     -2.906      84.000       878.2        60.9       121.7         0.0        1.14
   26      1      29.684     -2.822      81.000       759.2        67.9       135.9         0.0        1.00
   25      1      29.684     -2.822      78.000       759.2        67.9       135.9         0.0        1.00
   24      1      29.684     -2.822      75.000       759.2        67.9       135.9         0.0        1.00
   23      1      29.684     -2.822      72.000       759.2        67.9       135.9         0.0        1.00
   22      1      29.684     -2.822      69.000       759.2        67.9       135.9         0.0        1.00
   21      1      29.684     -2.822      66.000       759.2        67.9       135.9         0.0        1.00
   20      1      29.684     -2.822      63.000       759.2        67.9       135.9         0.0        1.00
   19      1      29.684     -2.822      60.000       759.2        67.9       135.9         0.0        1.00
   18      1      29.684     -2.822      57.000       759.2        67.9       135.9         0.0        1.00
   17      1      29.684     -2.822      54.000       759.2        67.9       135.9         0.0        1.00
   16      1      29.684     -2.822      51.000       759.2        67.9       135.9         0.0        1.00
   15      1      29.684     -2.822      48.000       759.2        67.9       135.9         0.0        1.00
   14      1      29.684     -2.822      45.000       759.2        67.9       135.9         0.0        1.00
   13      1      29.684     -2.822      42.000       759.2        67.9       135.9         0.0        1.00
   12      1      29.684     -2.822      39.000       759.2        67.9       135.9         0.0        1.00
   11      1      29.684     -2.822      36.000       759.2        67.9       135.9         0.0        1.00
   10      1      29.684     -2.822      33.000       759.2        67.9       135.9         0.0        1.00
    9      1      29.684     -2.822      30.000       759.2        67.9       135.9         0.0        1.00
    8      1      29.684     -2.822      27.000       759.2        67.9       135.9         0.0        1.00
    7      1      29.684     -2.822      24.000       759.2        67.9       135.9         0.0        1.00
    6      1      29.684     -2.822      21.000       759.2        67.9       135.9         0.0        1.00
    5      1      29.684     -2.822      18.000       759.2        67.9       135.9         0.0        1.00
    4      1      29.684     -2.822      15.000       759.2        67.9       135.9         0.0        1.00
    3      1      29.684     -2.822      12.000       759.2        67.9       135.9         0.0        1.00
    2      1      29.684     -2.822       9.000       759.2        67.9       135.9         0.0        0.72
    1      1      29.715     -2.657       6.000      1080.4        66.9       133.8         0.0        1.00

  合计             --          --          --       21348.5      1844.6      3689.3         0.0

  活载总质量 (t):          1844.640
  恒载总质量 (t):         21348.496
  附加总质量 (t):             0.000
  结构总质量 (t):         23193.135
  恒载产生的总质量包括结构自重和外加恒载
  活载质量 = 活荷载重力荷载代表值系数*活载等效质量
  总质量 = 恒载质量+活载质量+附加质量

     **********************************************************
                       各层构件数量、构件材料和层高
     **********************************************************

  层号    塔号    梁数    柱数    支撑数    墙数      层高(m)    累计高度(m)

   29      1        98      45         0      19       4.500       93.000
   28      1        98      45         0      19       4.500       88.500
   27      1       117      18         0      59       3.000       84.000
   26      1       117      18         0      59       3.000       81.000
   25      1       117      18         0      59       3.000       78.000
   24      1       117      18         0      59       3.000       75.000
   23      1       117      18         0      59       3.000       72.000
   22      1       117      18         0      59       3.000       69.000
   21      1       117      18         0      59       3.000       66.000
   20      1       117      18         0      59       3.000       63.000
   19      1       117      18         0      59       3.000       60.000
   18      1       117      18         0      59       3.000       57.000
   17      1       117      18         0      59       3.000       54.000
   16      1       117      18         0      59       3.000       51.000
   15      1       117      18         0      59       3.000       48.000
   14      1       117      18         0      59       3.000       45.000
   13      1       117      18         0      59       3.000       42.000
   12      1       117      18         0      59       3.000       39.000
   11      1       117      18         0      59       3.000       36.000
   10      1       117      18         0      59       3.000       33.000
    9      1       117      18         0      59       3.000       30.000
    8      1       117      18         0      59       3.000       27.000
    7      1       117      18         0      59       3.000       24.000
    6      1       117      18         0      59       3.000       21.000
    5      1       117      18         0      59       3.000       18.000
    4      1       117      18         0      59       3.000       15.000
    3      1       117      18         0      59       3.000       12.000
    2      1       117      18         0      59       3.000        9.000
    1      1       117      18         0      59       6.000        6.000

   ----------------------------------------------------------
  保护层：

  层号    塔号       梁保护层(mm)       柱保护层(mm)       墙保护层(mm)

   29      1          20                 20                 15
   28      1          20                 20                 15
   27      1          20                 20                 15
   26      1          20                 20                 15
   25      1          20                 20                 15
   24      1          20                 20                 15
   23      1          20                 20                 15
   22      1          20                 20                 15
   21      1          20                 20                 15
   20      1          20                 20                 15
   19      1          20                 20                 15
   18      1          20                 20                 15
   17      1          20                 20                 15
   16      1          20                 20                 15
   15      1          20                 20                 15
   14      1          20                 20                 15
   13      1          20                 20                 15
   12      1          20                 20                 15
   11      1          20                 20                 15
   10      1          20                 20                 15
    9      1          20                 20                 15
    8      1          20                 20                 15
    7      1          20                 20                 15
    6      1          20                 20                 15
    5      1          20                 20                 15
    4      1          20                 20                 15
    3      1          20                 20                 15
    2      1          20                 20                 15
    1      1          20                 20                 15

   ----------------------------------------------------------
  混凝土构件：

  层号    塔号       梁数             柱数           支撑数             墙数
                (混凝土/主筋)    (混凝土/主筋)    (混凝土/主筋)    (混凝土/主筋)

   29      1      20(C30/360)         ---              ---           19(C30/360)
   28      1      20(C30/360)         ---              ---           19(C30/360)
   27      1     117(C30/360)      18(C30/360)         ---           59(C30/360)
   26      1     117(C30/360)      18(C30/360)         ---           59(C30/360)
   25      1     117(C30/360)      18(C30/360)         ---           59(C30/360)
   24      1     117(C30/360)      18(C30/360)         ---           59(C30/360)
   23      1     117(C30/360)      18(C30/360)         ---           59(C30/360)
   22      1     117(C30/360)      18(C30/360)         ---           59(C30/360)
   21      1     117(C30/360)      18(C30/360)         ---           59(C30/360)
   20      1     117(C30/360)      18(C30/360)         ---           59(C30/360)
   19      1     117(C30/360)      18(C30/360)         ---           59(C30/360)
   18      1     117(C30/360)      18(C30/360)         ---           59(C30/360)
   17      1     117(C30/360)      18(C30/360)         ---           59(C30/360)
   16      1     117(C30/360)      18(C40/360)         ---           59(C40/360)
   15      1     117(C30/360)      18(C40/360)         ---           59(C40/360)
   14      1     117(C30/360)      18(C40/360)         ---           59(C40/360)
   13      1     117(C30/360)      18(C40/360)         ---           59(C40/360)
   12      1     117(C30/360)      18(C40/360)         ---           59(C40/360)
   11      1     117(C30/360)      18(C40/360)         ---           59(C40/360)
   10      1     117(C30/360)      18(C40/360)         ---           59(C40/360)
    9      1     117(C30/360)      18(C40/360)         ---           59(C40/360)
    8      1     117(C30/360)      18(C50/360)         ---           59(C50/360)
    7      1     117(C30/360)      18(C50/360)         ---           59(C50/360)
    6      1     117(C30/360)      18(C50/360)         ---           59(C50/360)
    5      1     117(C30/360)      18(C50/360)         ---           59(C50/360)
    4      1     117(C30/360)      18(C50/360)         ---           59(C50/360)
    3      1     117(C30/360)      18(C50/360)         ---           59(C50/360)
    2      1     117(C30/360)      18(C50/360)         ---           59(C50/360)
    1      1     117(C30/360)      18(C50/360)         ---           59(C50/360)

   ----------------------------------------------------------
  钢构件：

  层号    塔号       梁数             柱数           支撑数
                    (钢号)           (钢号)          (钢号)

   29      1       78(235)          45(235)         ---   
   28      1       78(235)          45(235)         ---   


   ----------------------------------------------------------
  箍筋（墙分布筋）：

  层号    塔号     梁数       柱数      支撑数        墙数       边缘构件
                  (箍筋)     (箍筋)     (箍筋)     (水平/竖向)    (箍筋)

   29      1     21(360)       ---        ---      19(270/300)      (270)
   28      1     21(360)       ---        ---      19(270/300)      (270)
   27      1    123(360)    18(360)       ---      59(270/300)      (270)
   26      1    123(360)    18(360)       ---      59(270/300)      (270)
   25      1    123(360)    18(360)       ---      59(270/300)      (270)
   24      1    123(360)    18(360)       ---      59(270/300)      (270)
   23      1    123(360)    18(360)       ---      59(270/300)      (270)
   22      1    123(360)    18(360)       ---      59(270/300)      (270)
   21      1    123(360)    18(360)       ---      59(270/300)      (270)
   20      1    123(360)    18(360)       ---      59(270/300)      (270)
   19      1    123(360)    18(360)       ---      59(270/300)      (270)
   18      1    123(360)    18(360)       ---      59(270/300)      (270)
   17      1    123(360)    18(360)       ---      59(270/300)      (270)
   16      1    123(360)    18(360)       ---      59(270/300)      (270)
   15      1    123(360)    18(360)       ---      59(270/300)      (270)
   14      1    123(360)    18(360)       ---      59(270/300)      (270)
   13      1    123(360)    18(360)       ---      59(270/300)      (270)
   12      1    123(360)    18(360)       ---      59(270/300)      (270)
   11      1    123(360)    18(360)       ---      59(270/300)      (270)
   10      1    123(360)    18(360)       ---      59(270/300)      (270)
    9      1    123(360)    18(360)       ---      59(270/300)      (270)
    8      1    123(360)    18(360)       ---      59(270/300)      (270)
    7      1    123(360)    18(360)       ---      59(270/300)      (270)
    6      1    123(360)    18(360)       ---      59(270/300)      (270)
    5      1    123(360)    18(360)       ---      59(270/300)      (270)
    4      1    123(360)    18(360)       ---      59(270/300)      (270)
    3      1    123(360)    18(360)       ---      59(270/300)      (270)
    2      1    123(360)    18(360)       ---      59(270/300)      (270)
    1      1    123(360)    18(360)       ---      59(270/300)      (270)

     **********************************************************
                         X、Y方向剪力墙截面面积
     **********************************************************

  层号    塔号    X向墙截面积(m2)    Y向墙截面积(m2)

   29      1       2.380              3.490
   28      1       2.380              3.490
   27      1       6.140             12.030
   26      1       6.140             12.030
   25      1       6.140             12.030
   24      1       6.140             12.030
   23      1       6.140             12.030
   22      1       6.140             12.030
   21      1       6.140             12.030
   20      1       6.140             12.030
   19      1       6.140             12.030
   18      1       6.140             12.030
   17      1       6.140             12.030
   16      1       6.140             12.030
   15      1       6.140             12.030
   14      1       6.140             12.030
   13      1       6.140             12.030
   12      1       6.140             12.030
   11      1       6.140             12.030
   10      1       6.140             12.030
    9      1       6.140             12.030
    8      1       6.140             12.030
    7      1       6.140             12.030
    6      1       6.140             12.030
    5      1       6.140             12.030
    4      1       6.140             12.030
    3      1       6.140             12.030
    2      1       6.140             12.030
    1      1       8.440             17.230

     **********************************************************
                                风荷载信息
     **********************************************************

  层号   塔号  风荷载X    剪力X   倾覆弯矩X  风荷载Y   剪力Y   倾覆弯矩Y

   29     1    299.2     299.2     1346.4    421.5     421.5     1896.9
   28     1    288.7     587.9     3992.2    406.9     828.4     5624.9
   27     1    206.7     794.7     6376.1    261.6    1090.1     8895.1
   26     1    201.6     996.3     9365.0    255.3    1345.3    12931.0
   25     1    196.6    1192.9    12943.7    248.9    1594.2    17713.7
   24     1    191.6    1384.5    17097.1    242.6    1836.8    23224.1
   23     1    186.6    1571.0    21810.3    236.3    2073.1    29443.4
   22     1    181.5    1752.6    27068.0    230.0    2303.1    36352.6
   21     1    176.5    1929.1    32855.4    223.6    2526.7    43932.7
   20     1    171.5    2100.6    39157.2    217.3    2744.0    52164.8
   19     1    166.4    2267.1    45958.4    210.9    2955.0    61029.7
   18     1    161.4    2428.4    53243.6    204.5    3159.5    70508.1
   17     1    156.2    2584.6    60997.6    198.1    3357.6    80580.8
   16     1    151.0    2735.7    69204.7    191.5    3549.1    91228.1
   15     1    145.8    2881.5    77849.2    184.9    3734.0   102430.1
   14     1    140.5    3022.0    86915.1    178.2    3912.2   114166.8
   13     1    135.1    3157.0    96386.3    171.4    4083.6   126417.5
   12     1    129.5    3286.6   106246.0    164.4    4248.0   139161.4
   11     1    123.9    3410.5   116477.5    157.2    4405.2   152377.0
   10     1    118.1    3528.6   127063.1    149.9    4555.1   166042.3
    9     1    112.1    3640.6   137985.0    142.3    4697.4   180134.6
    8     1    105.9    3746.5   149224.6    134.5    4831.9   194630.3
    7     1     99.4    3845.9   160762.3    126.3    4958.2   209504.8
    6     1     92.6    3938.5   172577.8    117.7    5075.8   224732.2
    5     1     85.4    4023.9   184649.3    108.5    5184.3   240285.3
    4     1     77.6    4101.5   196953.8     98.7    5283.0   256134.4
    3     1     74.4    4175.9   209481.4     94.7    5377.8   272267.7
    2     1     71.0    4246.9   222222.0     90.5    5468.2   288672.3
    1     1    134.5    4381.4   248510.1    171.6    5639.9   322511.6

     **********************************************************
                   各楼层等效尺寸(单位:m,m**2)
     **********************************************************

  层号   塔号   面积      形心X     形心Y   等效宽B   等效高H  最大宽BMAX  最小宽BMIN
  29      1     39.26     29.65     -3.05     29.99    27.59      29.99       27.59
  28      1     39.26     29.65     -3.05     29.99    27.59      29.99       27.59
  27      1    562.35     29.66     -3.08     29.41    29.06      29.41       29.06
  26      1    562.35     29.66     -3.08     29.41    29.06      29.41       29.06
  25      1    562.35     29.66     -3.08     29.41    29.06      29.41       29.06
  24      1    562.35     29.66     -3.08     29.41    29.06      29.41       29.06
  23      1    562.35     29.66     -3.08     29.41    29.06      29.41       29.06
  22      1    562.35     29.66     -3.08     29.41    29.06      29.41       29.06
  21      1    562.35     29.66     -3.08     29.41    29.06      29.41       29.06
  20      1    562.35     29.66     -3.08     29.41    29.06      29.41       29.06
  19      1    562.35     29.66     -3.08     29.41    29.06      29.41       29.06
  18      1    562.35     29.66     -3.08     29.41    29.06      29.41       29.06
  17      1    562.35     29.66     -3.08     29.41    29.06      29.41       29.06
  16      1    562.35     29.66     -3.08     29.41    29.06      29.41       29.06
  15      1    562.35     29.66     -3.08     29.41    29.06      29.41       29.06
  14      1    562.35     29.66     -3.08     29.41    29.06      29.41       29.06
  13      1    562.35     29.66     -3.08     29.41    29.06      29.41       29.06
  12      1    562.35     29.66     -3.08     29.41    29.06      29.41       29.06
  11      1    562.35     29.66     -3.08     29.41    29.06      29.41       29.06
  10      1    562.35     29.66     -3.08     29.41    29.06      29.41       29.06
   9      1    562.35     29.66     -3.08     29.41    29.06      29.41       29.06
   8      1    562.35     29.66     -3.08     29.41    29.06      29.41       29.06
   7      1    562.35     29.66     -3.08     29.41    29.06      29.41       29.06
   6      1    562.35     29.66     -3.08     29.41    29.06      29.41       29.06
   5      1    562.35     29.66     -3.08     29.41    29.06      29.41       29.06
   4      1    562.35     29.66     -3.08     29.41    29.06      29.41       29.06
   3      1    562.35     29.66     -3.08     29.41    29.06      29.41       29.06
   2      1    562.35     29.66     -3.08     29.41    29.06      29.41       29.06
   1      1    562.35     29.66     -3.08     29.42    29.06      29.42       29.06

     **********************************************************
          各楼层质量、单位面积质量分布(单位:kg/m**2)
     **********************************************************

  层号   塔号    楼层质量   单位面积质量 g[i]    单位面积质量比 max(g[i]/g[i-1],g[i]/g[i+1])
  29      1     2.14E+005       385.08                1.00
  28      1     2.14E+005       385.08                1.00
  27      1     9.39E+005      1579.11                4.10
  26      1     8.27E+005      1390.84                1.00
  25      1     8.27E+005      1390.84                1.00
  24      1     8.27E+005      1390.84                1.00
  23      1     8.27E+005      1390.84                1.00
  22      1     8.27E+005      1390.84                1.00
  21      1     8.27E+005      1390.84                1.00
  20      1     8.27E+005      1390.84                1.00
  19      1     8.27E+005      1390.84                1.00
  18      1     8.27E+005      1390.84                1.00
  17      1     8.27E+005      1390.84                1.00
  16      1     8.27E+005      1390.84                1.00
  15      1     8.27E+005      1390.84                1.00
  14      1     8.27E+005      1390.84                1.00
  13      1     8.27E+005      1390.84                1.00
  12      1     8.27E+005      1390.84                1.00
  11      1     8.27E+005      1390.84                1.00
  10      1     8.27E+005      1390.84                1.00
   9      1     8.27E+005      1390.84                1.00
   8      1     8.27E+005      1390.84                1.00
   7      1     8.27E+005      1390.84                1.00
   6      1     8.27E+005      1390.84                1.00
   5      1     8.27E+005      1390.84                1.00
   4      1     8.27E+005      1390.84                1.00
   3      1     8.27E+005      1390.84                1.00
   2      1     8.27E+005      1390.84                1.00
   1      1     1.15E+006      1929.15                1.39

     **********************************************************
                       计算时间
     **********************************************************
   计算用时：00:01:1
   设计用时：00:02:2

     **********************************************************
             各层刚心、偏心率、相邻层侧移刚度比等计算信息
  Floor No     : 层号
  Tower No     : 塔号
  Xstif，Ystif : 刚心的 X，Y 坐标值
  Alf          : 层刚性主轴的方向
  Xmass，Ymass : 质心的 X，Y 坐标值
  Gmass        : 总质量
  Eex，Eey     : X，Y 方向的偏心率
  Ratx，Raty   : X，Y 方向本层塔侧移刚度与下一层相应塔侧移刚度的比值(剪切刚度)
  Ratx1，Raty1 : X，Y 方向本层塔侧移刚度与上一层相应塔侧移刚度70%的比值或上三层平均侧移刚度80%的比值中之较小者
  Ratx2，Raty2 : X，Y 方向本层塔侧移刚度与上一层相应塔侧移刚度90%或者150%比值。150%指嵌固层
  RJX1，RJY1，RJZ1: 结构总体坐标系中塔的侧移刚度和扭转刚度(剪切刚度)
  RJX3，RJY3，RJZ3: 结构总体坐标系中塔的侧移刚度和扭转刚度(地震剪力与地震层间位移的比)
     **********************************************************
  Floor No. 1     Tower No. 1
  Xstif=    29.7310(m)     Ystif=     0.8150(m)     Alf  =   179.5172(Degree)
  Xmass=    29.7150(m)     Ymass=    -2.6569(m)     Gmass(重力荷载代表值)=  1214.1862( 1147.2847)(t)
  Eex  =     0.0008        Eey  =     0.3584
  Ratx =     1.0000        Raty =     1.0000
  薄弱层地震剪力放大系数= 1.00
  Ratx1=     1.0644        Raty1=     1.5245
  Ratx2=     1.0213        Raty2=     1.4228
  RJX1 = 1.9767E+007(kN/m)  RJY1 = 4.0113E+007(kN/m)  RJZ1 = 0.0000E+000(kN/m)
  RJX3 = 2.0832E+006(kN/m)  RJY3 = 5.2077E+006(kN/m)  RJZ3 = 9.9596E+008(kN*m/Rad)
     ----------------------------------------------------------
  Floor No. 2     Tower No. 1
  Xstif=    29.6005(m)     Ystif=     0.6890(m)     Alf  =    45.0000(Degree)
  Xmass=    29.6839(m)     Ymass=    -2.8219(m)     Gmass(重力荷载代表值)=   895.0781(  827.1479)(t)
  Eex  =     0.0050        Eey  =     0.3409
  Ratx =     1.5597        Raty =     1.4635
  薄弱层地震剪力放大系数= 1.00
  Ratx1=     1.5206        Raty1=     1.8620
  Ratx2=     1.2575        Raty2=     1.4482
  RJX1 = 3.0832E+007(kN/m)  RJY1 = 5.8705E+007(kN/m)  RJZ1 = 0.0000E+000(kN/m)
  RJX3 = 2.7198E+006(kN/m)  RJY3 = 4.8801E+006(kN/m)  RJZ3 = 3.1383E+009(kN*m/Rad)
     ----------------------------------------------------------
  Floor No. 3     Tower No. 1
  Xstif=    29.6005(m)     Ystif=     0.6889(m)     Alf  =    45.0000(Degree)
  Xmass=    29.6839(m)     Ymass=    -2.8219(m)     Gmass(重力荷载代表值)=   895.0781(  827.1479)(t)
  Eex  =     0.0050        Eey  =     0.3409
  Ratx =     1.0000        Raty =     1.0000
  薄弱层地震剪力放大系数= 1.00
  Ratx1=     1.4309        Raty1=     1.6561
  Ratx2=     1.2049        Raty2=     1.3176
  RJX1 = 3.0832E+007(kN/m)  RJY1 = 5.8705E+007(kN/m)  RJZ1 = 0.0000E+000(kN/m)
  RJX3 = 2.4032E+006(kN/m)  RJY3 = 3.7441E+006(kN/m)  RJZ3 = 3.1383E+009(kN*m/Rad)
     ----------------------------------------------------------
  Floor No. 4     Tower No. 1
  Xstif=    29.6005(m)     Ystif=     0.6889(m)     Alf  =    45.0000(Degree)
  Xmass=    29.6839(m)     Ymass=    -2.8219(m)     Gmass(重力荷载代表值)=   895.0781(  827.1479)(t)
  Eex  =     0.0050        Eey  =     0.3409
  Ratx =     1.0000        Raty =     1.0000
  薄弱层地震剪力放大系数= 1.00
  Ratx1=     1.3849        Raty1=     1.5444
  Ratx2=     1.1791        Raty2=     1.2583
  RJX1 = 3.0832E+007(kN/m)  RJY1 = 5.8705E+007(kN/m)  RJZ1 = 0.0000E+000(kN/m)
  RJX3 = 2.2161E+006(kN/m)  RJY3 = 3.1572E+006(kN/m)  RJZ3 = 3.1383E+009(kN*m/Rad)
     ----------------------------------------------------------
  Floor No. 5     Tower No. 1
  Xstif=    29.6005(m)     Ystif=     0.6889(m)     Alf  =    45.0000(Degree)
  Xmass=    29.6839(m)     Ymass=    -2.8219(m)     Gmass(重力荷载代表值)=   895.0781(  827.1479)(t)
  Eex  =     0.0050        Eey  =     0.3409
  Ratx =     1.0000        Raty =     1.0000
  薄弱层地震剪力放大系数= 1.00
  Ratx1=     1.3581        Raty1=     1.4767
  Ratx2=     1.1637        Raty2=     1.2231
  RJX1 = 3.0832E+007(kN/m)  RJY1 = 5.8705E+007(kN/m)  RJZ1 = 0.0000E+000(kN/m)
  RJX3 = 2.0882E+006(kN/m)  RJY3 = 2.7879E+006(kN/m)  RJZ3 = 3.1383E+009(kN*m/Rad)
     ----------------------------------------------------------
  Floor No. 6     Tower No. 1
  Xstif=    29.6005(m)     Ystif=     0.6889(m)     Alf  =    45.0000(Degree)
  Xmass=    29.6839(m)     Ymass=    -2.8219(m)     Gmass(重力荷载代表值)=   895.0781(  827.1479)(t)
  Eex  =     0.0050        Eey  =     0.3409
  Ratx =     1.0000        Raty =     1.0000
  薄弱层地震剪力放大系数= 1.00
  Ratx1=     1.3455        Raty1=     1.4336
  Ratx2=     1.1547        Raty2=     1.1998
  RJX1 = 3.0832E+007(kN/m)  RJY1 = 5.8705E+007(kN/m)  RJZ1 = 0.0000E+000(kN/m)
  RJX3 = 1.9939E+006(kN/m)  RJY3 = 2.5327E+006(kN/m)  RJZ3 = 3.1383E+009(kN*m/Rad)
     ----------------------------------------------------------
  Floor No. 7     Tower No. 1
  Xstif=    29.6005(m)     Ystif=     0.6889(m)     Alf  =    45.0000(Degree)
  Xmass=    29.6839(m)     Ymass=    -2.8219(m)     Gmass(重力荷载代表值)=   895.0781(  827.1479)(t)
  Eex  =     0.0050        Eey  =     0.3409
  Ratx =     1.0000        Raty =     1.0000
  薄弱层地震剪力放大系数= 1.00
  Ratx1=     1.3395        Raty1=     1.4052
  Ratx2=     1.1501        Raty2=     1.1839
  RJX1 = 3.0832E+007(kN/m)  RJY1 = 5.8705E+007(kN/m)  RJZ1 = 0.0000E+000(kN/m)
  RJX3 = 1.9186E+006(kN/m)  RJY3 = 2.3455E+006(kN/m)  RJZ3 = 3.1383E+009(kN*m/Rad)
     ----------------------------------------------------------
  Floor No. 8     Tower No. 1
  Xstif=    29.6005(m)     Ystif=     0.6889(m)     Alf  =    45.0000(Degree)
  Xmass=    29.6839(m)     Ymass=    -2.8219(m)     Gmass(重力荷载代表值)=   895.0781(  827.1479)(t)
  Eex  =     0.0050        Eey  =     0.3409
  Ratx =     1.0000        Raty =     1.0000
  薄弱层地震剪力放大系数= 1.00
  Ratx1=     1.3354        Raty1=     1.3859
  Ratx2=     1.1537        Raty2=     1.1770
  RJX1 = 3.0832E+007(kN/m)  RJY1 = 5.8705E+007(kN/m)  RJZ1 = 0.0000E+000(kN/m)
  RJX3 = 1.8535E+006(kN/m)  RJY3 = 2.2013E+006(kN/m)  RJZ3 = 3.1383E+009(kN*m/Rad)
     ----------------------------------------------------------
  Floor No. 9     Tower No. 1
  Xstif=    29.6003(m)     Ystif=     0.6692(m)     Alf  =    45.0000(Degree)
  Xmass=    29.6839(m)     Ymass=    -2.8219(m)     Gmass(重力荷载代表值)=   895.0781(  827.1479)(t)
  Eex  =     0.0050        Eey  =     0.3386
  Ratx =     0.9434        Raty =     0.9434
  薄弱层地震剪力放大系数= 1.00
  Ratx1=     1.3212        Raty1=     1.3654
  Ratx2=     1.1448        Raty2=     1.1661
  RJX1 = 2.9088E+007(kN/m)  RJY1 = 5.5385E+007(kN/m)  RJZ1 = 0.0000E+000(kN/m)
  RJX3 = 1.7851E+006(kN/m)  RJY3 = 2.0781E+006(kN/m)  RJZ3 = 2.9692E+009(kN*m/Rad)
     ----------------------------------------------------------
  Floor No. 10     Tower No. 1
  Xstif=    29.6003(m)     Ystif=     0.6692(m)     Alf  =    45.0000(Degree)
  Xmass=    29.6839(m)     Ymass=    -2.8219(m)     Gmass(重力荷载代表值)=   895.0781(  827.1479)(t)
  Eex  =     0.0050        Eey  =     0.3386
  Ratx =     1.0000        Raty =     1.0000
  薄弱层地震剪力放大系数= 1.00
  Ratx1=     1.3148        Raty1=     1.3509
  Ratx2=     1.1409        Raty2=     1.1589
  RJX1 = 2.9088E+007(kN/m)  RJY1 = 5.5385E+007(kN/m)  RJZ1 = 0.0000E+000(kN/m)
  RJX3 = 1.7326E+006(kN/m)  RJY3 = 1.9800E+006(kN/m)  RJZ3 = 2.9692E+009(kN*m/Rad)
     ----------------------------------------------------------
  Floor No. 11     Tower No. 1
  Xstif=    29.6003(m)     Ystif=     0.6692(m)     Alf  =    45.0000(Degree)
  Xmass=    29.6839(m)     Ymass=    -2.8219(m)     Gmass(重力荷载代表值)=   895.0781(  827.1479)(t)
  Eex  =     0.0050        Eey  =     0.3386
  Ratx =     1.0000        Raty =     1.0000
  薄弱层地震剪力放大系数= 1.00
  Ratx1=     1.3116        Raty1=     1.3398
  Ratx2=     1.1387        Raty2=     1.1533
  RJX1 = 2.9088E+007(kN/m)  RJY1 = 5.5385E+007(kN/m)  RJZ1 = 0.0000E+000(kN/m)
  RJX3 = 1.6874E+006(kN/m)  RJY3 = 1.8984E+006(kN/m)  RJZ3 = 2.9692E+009(kN*m/Rad)
     ----------------------------------------------------------
  Floor No. 12     Tower No. 1
  Xstif=    29.6003(m)     Ystif=     0.6692(m)     Alf  =    45.0000(Degree)
  Xmass=    29.6839(m)     Ymass=    -2.8219(m)     Gmass(重力荷载代表值)=   895.0781(  827.1479)(t)
  Eex  =     0.0050        Eey  =     0.3386
  Ratx =     1.0000        Raty =     1.0000
  薄弱层地震剪力放大系数= 1.00
  Ratx1=     1.3107        Raty1=     1.3320
  Ratx2=     1.1378        Raty2=     1.1488
  RJX1 = 2.9088E+007(kN/m)  RJY1 = 5.5385E+007(kN/m)  RJZ1 = 0.0000E+000(kN/m)
  RJX3 = 1.6465E+006(kN/m)  RJY3 = 1.8290E+006(kN/m)  RJZ3 = 2.9692E+009(kN*m/Rad)
     ----------------------------------------------------------
  Floor No. 13     Tower No. 1
  Xstif=    29.6003(m)     Ystif=     0.6692(m)     Alf  =    45.0000(Degree)
  Xmass=    29.6839(m)     Ymass=    -2.8219(m)     Gmass(重力荷载代表值)=   895.0781(  827.1479)(t)
  Eex  =     0.0050        Eey  =     0.3386
  Ratx =     1.0000        Raty =     1.0000
  薄弱层地震剪力放大系数= 1.00
  Ratx1=     1.3115        Raty1=     1.3277
  Ratx2=     1.1378        Raty2=     1.1459
  RJX1 = 2.9088E+007(kN/m)  RJY1 = 5.5385E+007(kN/m)  RJZ1 = 0.0000E+000(kN/m)
  RJX3 = 1.6078E+006(kN/m)  RJY3 = 1.7690E+006(kN/m)  RJZ3 = 2.9692E+009(kN*m/Rad)
     ----------------------------------------------------------
  Floor No. 14     Tower No. 1
  Xstif=    29.6003(m)     Ystif=     0.6692(m)     Alf  =    45.0000(Degree)
  Xmass=    29.6839(m)     Ymass=    -2.8219(m)     Gmass(重力荷载代表值)=   895.0781(  827.1479)(t)
  Eex  =     0.0050        Eey  =     0.3386
  Ratx =     1.0000        Raty =     1.0000
  薄弱层地震剪力放大系数= 1.00
  Ratx1=     1.3159        Raty1=     1.3275
  Ratx2=     1.1383        Raty2=     1.1447
  RJX1 = 2.9088E+007(kN/m)  RJY1 = 5.5385E+007(kN/m)  RJZ1 = 0.0000E+000(kN/m)
  RJX3 = 1.5702E+006(kN/m)  RJY3 = 1.7153E+006(kN/m)  RJZ3 = 2.9692E+009(kN*m/Rad)
     ----------------------------------------------------------
  Floor No. 15     Tower No. 1
  Xstif=    29.6003(m)     Ystif=     0.6692(m)     Alf  =    45.0000(Degree)
  Xmass=    29.6839(m)     Ymass=    -2.8219(m)     Gmass(重力荷载代表值)=   895.0781(  827.1479)(t)
  Eex  =     0.0050        Eey  =     0.3386
  Ratx =     1.0000        Raty =     1.0000
  薄弱层地震剪力放大系数= 1.00
  Ratx1=     1.3204        Raty1=     1.3281
  Ratx2=     1.1395        Raty2=     1.1447
  RJX1 = 2.9088E+007(kN/m)  RJY1 = 5.5385E+007(kN/m)  RJZ1 = 0.0000E+000(kN/m)
  RJX3 = 1.5327E+006(kN/m)  RJY3 = 1.6650E+006(kN/m)  RJZ3 = 2.9692E+009(kN*m/Rad)
     ----------------------------------------------------------
  Floor No. 16     Tower No. 1
  Xstif=    29.6003(m)     Ystif=     0.6692(m)     Alf  =    45.0000(Degree)
  Xmass=    29.6839(m)     Ymass=    -2.8219(m)     Gmass(重力荷载代表值)=   895.0781(  827.1479)(t)
  Eex  =     0.0050        Eey  =     0.3386
  Ratx =     1.0000        Raty =     1.0000
  薄弱层地震剪力放大系数= 1.00
  Ratx1=     1.3235        Raty1=     1.3271
  Ratx2=     1.1472        Raty2=     1.1478
  RJX1 = 2.9088E+007(kN/m)  RJY1 = 5.5385E+007(kN/m)  RJZ1 = 0.0000E+000(kN/m)
  RJX3 = 1.4945E+006(kN/m)  RJY3 = 1.6161E+006(kN/m)  RJZ3 = 2.9692E+009(kN*m/Rad)
     ----------------------------------------------------------
  Floor No. 17     Tower No. 1
  Xstif=    29.6001(m)     Ystif=     0.6426(m)     Alf  =    45.0000(Degree)
  Xmass=    29.6839(m)     Ymass=    -2.8219(m)     Gmass(重力荷载代表值)=   895.0781(  827.1479)(t)
  Eex  =     0.0050        Eey  =     0.3354
  Ratx =     0.9139        Raty =     0.9139
  薄弱层地震剪力放大系数= 1.00
  Ratx1=     1.3147        Raty1=     1.3195
  Ratx2=     1.1400        Raty2=     1.1430
  RJX1 = 2.6582E+007(kN/m)  RJY1 = 5.0614E+007(kN/m)  RJZ1 = 0.0000E+000(kN/m)
  RJX3 = 1.4475E+006(kN/m)  RJY3 = 1.5644E+006(kN/m)  RJZ3 = 2.7572E+009(kN*m/Rad)
     ----------------------------------------------------------
  Floor No. 18     Tower No. 1
  Xstif=    29.6001(m)     Ystif=     0.6426(m)     Alf  =    45.0000(Degree)
  Xmass=    29.6839(m)     Ymass=    -2.8219(m)     Gmass(重力荷载代表值)=   895.0781(  827.1479)(t)
  Eex  =     0.0050        Eey  =     0.3354
  Ratx =     1.0000        Raty =     1.0000
  薄弱层地震剪力放大系数= 1.00
  Ratx1=     1.3148        Raty1=     1.3171
  Ratx2=     1.1391        Raty2=     1.1408
  RJX1 = 2.6582E+007(kN/m)  RJY1 = 5.0614E+007(kN/m)  RJZ1 = 0.0000E+000(kN/m)
  RJX3 = 1.4108E+006(kN/m)  RJY3 = 1.5208E+006(kN/m)  RJZ3 = 2.7572E+009(kN*m/Rad)
     ----------------------------------------------------------
  Floor No. 19     Tower No. 1
  Xstif=    29.6001(m)     Ystif=     0.6426(m)     Alf  =    45.0000(Degree)
  Xmass=    29.6839(m)     Ymass=    -2.8219(m)     Gmass(重力荷载代表值)=   895.0781(  827.1479)(t)
  Eex  =     0.0050        Eey  =     0.3354
  Ratx =     1.0000        Raty =     1.0000
  薄弱层地震剪力放大系数= 1.00
  Ratx1=     1.3187        Raty1=     1.3196
  Ratx2=     1.1396        Raty2=     1.1400
  RJX1 = 2.6582E+007(kN/m)  RJY1 = 5.0614E+007(kN/m)  RJZ1 = 0.0000E+000(kN/m)
  RJX3 = 1.3762E+006(kN/m)  RJY3 = 1.4813E+006(kN/m)  RJZ3 = 2.7572E+009(kN*m/Rad)
     ----------------------------------------------------------
  Floor No. 20     Tower No. 1
  Xstif=    29.6001(m)     Ystif=     0.6426(m)     Alf  =    45.0000(Degree)
  Xmass=    29.6839(m)     Ymass=    -2.8219(m)     Gmass(重力荷载代表值)=   895.0781(  827.1479)(t)
  Eex  =     0.0050        Eey  =     0.3354
  Ratx =     1.0000        Raty =     1.0000
  薄弱层地震剪力放大系数= 1.00
  Ratx1=     1.3284        Raty1=     1.3303
  Ratx2=     1.1415        Raty2=     1.1418
  RJX1 = 2.6582E+007(kN/m)  RJY1 = 5.0614E+007(kN/m)  RJZ1 = 0.0000E+000(kN/m)
  RJX3 = 1.3418E+006(kN/m)  RJY3 = 1.4438E+006(kN/m)  RJZ3 = 2.7572E+009(kN*m/Rad)
     ----------------------------------------------------------
  Floor No. 21     Tower No. 1
  Xstif=    29.6001(m)     Ystif=     0.6426(m)     Alf  =    45.0000(Degree)
  Xmass=    29.6839(m)     Ymass=    -2.8219(m)     Gmass(重力荷载代表值)=   895.0781(  827.1479)(t)
  Eex  =     0.0050        Eey  =     0.3354
  Ratx =     1.0000        Raty =     1.0000
  薄弱层地震剪力放大系数= 1.00
  Ratx1=     1.3495        Raty1=     1.3534
  Ratx2=     1.1463        Raty2=     1.1475
  RJX1 = 2.6582E+007(kN/m)  RJY1 = 5.0614E+007(kN/m)  RJZ1 = 0.0000E+000(kN/m)
  RJX3 = 1.3060E+006(kN/m)  RJY3 = 1.4050E+006(kN/m)  RJZ3 = 2.7572E+009(kN*m/Rad)
     ----------------------------------------------------------
  Floor No. 22     Tower No. 1
  Xstif=    29.6001(m)     Ystif=     0.6426(m)     Alf  =    45.0000(Degree)
  Xmass=    29.6839(m)     Ymass=    -2.8219(m)     Gmass(重力荷载代表值)=   895.0781(  827.1479)(t)
  Eex  =     0.0050        Eey  =     0.3354
  Ratx =     1.0000        Raty =     1.0000
  薄弱层地震剪力放大系数= 1.00
  Ratx1=     1.3919        Raty1=     1.3975
  Ratx2=     1.1568        Raty2=     1.1589
  RJX1 = 2.6582E+007(kN/m)  RJY1 = 5.0614E+007(kN/m)  RJZ1 = 0.0000E+000(kN/m)
  RJX3 = 1.2659E+006(kN/m)  RJY3 = 1.3605E+006(kN/m)  RJZ3 = 2.7572E+009(kN*m/Rad)
     ----------------------------------------------------------
  Floor No. 23     Tower No. 1
  Xstif=    29.6001(m)     Ystif=     0.6426(m)     Alf  =    45.0000(Degree)
  Xmass=    29.6839(m)     Ymass=    -2.8219(m)     Gmass(重力荷载代表值)=   895.0781(  827.1479)(t)
  Eex  =     0.0050        Eey  =     0.3354
  Ratx =     1.0000        Raty =     1.0000
  薄弱层地震剪力放大系数= 1.00
  Ratx1=     1.4756        Raty1=     1.4822
  Ratx2=     1.1775        Raty2=     1.1801
  RJX1 = 2.6582E+007(kN/m)  RJY1 = 5.0614E+007(kN/m)  RJZ1 = 0.0000E+000(kN/m)
  RJX3 = 1.2159E+006(kN/m)  RJY3 = 1.3044E+006(kN/m)  RJZ3 = 2.7572E+009(kN*m/Rad)
     ----------------------------------------------------------
  Floor No. 24     Tower No. 1
  Xstif=    29.6001(m)     Ystif=     0.6426(m)     Alf  =    45.0000(Degree)
  Xmass=    29.6839(m)     Ymass=    -2.8219(m)     Gmass(重力荷载代表值)=   895.0781(  827.1479)(t)
  Eex  =     0.0050        Eey  =     0.3354
  Ratx =     1.0000        Raty =     1.0000
  薄弱层地震剪力放大系数= 1.00
  Ratx1=     1.5649        Raty1=     1.5692
  Ratx2=     1.2171        Raty2=     1.2205
  RJX1 = 2.6582E+007(kN/m)  RJY1 = 5.0614E+007(kN/m)  RJZ1 = 0.0000E+000(kN/m)
  RJX3 = 1.1473E+006(kN/m)  RJY3 = 1.2282E+006(kN/m)  RJZ3 = 2.7572E+009(kN*m/Rad)
     ----------------------------------------------------------
  Floor No. 25     Tower No. 1
  Xstif=    29.6001(m)     Ystif=     0.6426(m)     Alf  =    45.0000(Degree)
  Xmass=    29.6839(m)     Ymass=    -2.8219(m)     Gmass(重力荷载代表值)=   895.0781(  827.1479)(t)
  Eex  =     0.0050        Eey  =     0.3354
  Ratx =     1.0000        Raty =     1.0000
  薄弱层地震剪力放大系数= 1.00
  Ratx1=     1.6709        Raty1=     1.6744
  Ratx2=     1.2996        Raty2=     1.3023
  RJX1 = 2.6582E+007(kN/m)  RJY1 = 5.0614E+007(kN/m)  RJZ1 = 0.0000E+000(kN/m)
  RJX3 = 1.0473E+006(kN/m)  RJY3 = 1.1181E+006(kN/m)  RJZ3 = 2.7572E+009(kN*m/Rad)
     ----------------------------------------------------------
  Floor No. 26     Tower No. 1
  Xstif=    29.6001(m)     Ystif=     0.6426(m)     Alf  =    45.0000(Degree)
  Xmass=    29.6839(m)     Ymass=    -2.8219(m)     Gmass(重力荷载代表值)=   895.0781(  827.1479)(t)
  Eex  =     0.0050        Eey  =     0.3354
  Ratx =     1.0000        Raty =     1.0000
  薄弱层地震剪力放大系数= 1.00
  Ratx1=     1.9167        Raty1=     1.9089
  Ratx2=     1.4908        Raty2=     1.4847
  RJX1 = 2.6582E+007(kN/m)  RJY1 = 5.0614E+007(kN/m)  RJZ1 = 0.0000E+000(kN/m)
  RJX3 = 8.9541E+005(kN/m)  RJY3 = 9.5389E+005(kN/m)  RJZ3 = 2.7572E+009(kN*m/Rad)
     ----------------------------------------------------------
  Floor No. 27     Tower No. 1
  Xstif=    29.6004(m)     Ystif=     0.6273(m)     Alf  =    45.0000(Degree)
  Xmass=    29.6832(m)     Ymass=    -2.9056(m)     Gmass(重力荷载代表值)=   999.9809(  939.1121)(t)
  Eex  =     0.0050        Eey  =     0.3420
  Ratx =     1.0000        Raty =     1.0000
  薄弱层地震剪力放大系数= 1.00
  Ratx1=     4.9483        Raty1=     4.3457
  Ratx2=     2.5658        Raty2=     2.2533
  RJX1 = 2.6582E+007(kN/m)  RJY1 = 5.0614E+007(kN/m)  RJZ1 = 0.0000E+000(kN/m)
  RJX3 = 6.6737E+005(kN/m)  RJY3 = 7.1386E+005(kN/m)  RJZ3 = 2.7512E+009(kN*m/Rad)
     ----------------------------------------------------------
  Floor No. 28     Tower No. 1
  Xstif=    29.3841(m)     Ystif=    -0.6789(m)     Alf  =   177.3465(Degree)
  Xmass=    29.7429(m)     Ymass=    -1.4189(m)     Gmass(重力荷载代表值)=   223.3252(  214.0179)(t)
  Eex  =     0.0418        Eey  =     0.1185
  Ratx =     0.2505        Raty =     0.1898
  薄弱层地震剪力放大系数= 1.00
  Ratx1=     2.3266        Raty1=     2.2697
  Ratx2=     1.8096        Raty2=     1.7653
  RJX1 = 6.6600E+006(kN/m)  RJY1 = 9.6085E+006(kN/m)  RJZ1 = 0.0000E+000(kN/m)
  RJX3 = 1.9267E+005(kN/m)  RJY3 = 2.3467E+005(kN/m)  RJZ3 = 1.4193E+008(kN*m/Rad)
     ----------------------------------------------------------
  Floor No. 29     Tower No. 1
  Xstif=    29.3841(m)     Ystif=    -0.6789(m)     Alf  =   177.3465(Degree)
  Xmass=    29.7429(m)     Ymass=    -1.4189(m)     Gmass(重力荷载代表值)=   223.3252(  214.0179)(t)
  Eex  =     0.0418        Eey  =     0.1185
  Ratx =     1.0000        Raty =     1.0000
  薄弱层地震剪力放大系数= 1.00
  Ratx1=     1.0000        Raty1=     1.0000
  Ratx2=     1.0000        Raty2=     1.0000
  RJX1 = 6.6600E+006(kN/m)  RJY1 = 9.6085E+006(kN/m)  RJZ1 = 0.0000E+000(kN/m)
  RJX3 = 1.1830E+005(kN/m)  RJY3 = 1.4770E+005(kN/m)  RJZ3 = 1.4193E+008(kN*m/Rad)
     ----------------------------------------------------------
  X方向最小刚度比:  1.0000(29层1塔)
  Y方向最小刚度比:  1.0000(29层1塔)

     **********************************************************
                       结构整体抗倾覆验算
     **********************************************************

               抗倾覆力矩Mr     倾覆力矩Mov    比值Mr/Mov    零应力区(%)

  层号：1   塔号：1

  X向风        4.446E+006       2.716E+005         16.37         0.00
  Y向风        2.930E+006       3.497E+005          8.38         0.00
  X地震        4.309E+006       2.301E+005         18.73         0.00
  Y地震        2.840E+006       2.301E+005         12.34         0.00

     **********************************************************
                       结构整体稳定验算
     **********************************************************

  地震:

    层号：1   塔号：1

    X向刚重比 EJd/GH**2=     5.151
    Y向刚重比 EJd/GH**2=     5.718
    该结构刚重比EJd/GH**2大于1.4，能够通过《高规》5.4.4条的整体稳定验算
    该结构刚重比EJd/GH**2大于2.7，满足《高规》5.4.1，可以不考虑重力二阶效应

  风荷载:

    层号：1   塔号：1

    X向刚重比 EJd/GH**2=     4.884
    Y向刚重比 EJd/GH**2=     5.246
    该结构刚重比EJd/GH**2大于1.4，能够通过《高规》5.4.4条的整体稳定验算
    该结构刚重比EJd/GH**2大于2.7，满足《高规》5.4.1，可以不考虑重力二阶效应

     **********************************************************
                       结构抗震验算
     **********************************************************

   本工程如下楼层进行了最小剪重比调整：
   层号   塔号     X向调整系数      Y向调整系数
   29      1          1.128           1.025
   28      1          1.128           1.025
   27      1          1.128           1.025
   26      1          1.128           1.025
   25      1          1.128           1.025
   24      1          1.128           1.025
   23      1          1.128           1.025
   22      1          1.128           1.025
   21      1          1.128           1.025
   20      1          1.128           1.025
   19      1          1.128           1.025
   18      1          1.128           1.025
   17      1          1.128           1.025
   16      1          1.128           1.025
   15      1          1.128           1.025
   14      1          1.128           1.025
   13      1          1.128           1.025
   12      1          1.128           1.025
   11      1          1.128           1.025
   10      1          1.128           1.025
    9      1          1.128           1.025
    8      1          1.128           1.025
    7      1          1.128           1.025
    6      1          1.128           1.025
    5      1          1.128           1.025
    4      1          1.128           1.025
    3      1          1.128           1.025
    2      1          1.128           1.025
    1      1          1.128           1.025

     **********************************************************
                       风振舒适度验算
     **********************************************************

   塔号：1

   按《荷载规范》附录J计算：
      X向顺风向顶点最大加速度(m/s2) = 0.095
      X向横风向顶点最大加速度(m/s2) = 0.029
      Y向顺风向顶点最大加速度(m/s2) = 0.116
      Y向横风向顶点最大加速度(m/s2) = 0.031


     **********************************************************
                              内外力平衡验算
     **********************************************************

   说明：
   恒、活荷载指本层及以上楼层恒、活荷载总值
   风荷载指本层及以上楼层风荷载总值
   注意：
   软件按构件所属楼层号统计该层内力，而外力是其上全部楼层的叠加结果，
   对于地下室部分及存在越层构件、多层构件接地等情况可能会导致内外力统计结果不平衡，不会影响其它设计结果

   ----------------------------------------------------------
   1、恒、活荷载作用下轴力平衡验算(kN)：

   层号   塔号      恒载   恒载下轴力        活载   活载下轴力
   29      1      2047.1       2047.1       186.1        186.1
   28      1      4094.2       4094.2       372.3        372.3
   27      1     12876.6      12869.2      1589.7       1587.8
   26      1     20468.8      20452.5      2948.3       2944.1
   25      1     28061.0      28035.7      4306.9       4300.5
   24      1     35653.2      35618.9      5665.5       5656.8
   23      1     43245.4      43202.1      7024.1       7013.1
   22      1     50837.5      50785.3      8382.7       8369.4
   21      1     58429.7      58368.6      9741.3       9725.7
   20      1     66021.9      65951.8     11099.9      11082.0
   19      1     73614.1      73535.0     12458.5      12438.4
   18      1     81206.2      81118.3     13817.1      13794.7
   17      1     88798.4      88701.5     15175.7      15151.0
   16      1     96390.6      96284.7     16534.3      16507.3
   15      1    103982.8     103867.9     17892.9      17863.6
   14      1    111575.0     111451.1     19251.5      19220.0
   13      1    119167.1     119034.4     20610.1      20576.3
   12      1    126759.3     126617.6     21968.7      21932.6
   11      1    134351.5     134200.8     23327.3      23288.9
   10      1    141943.7     141784.0     24685.9      24645.2
    9      1    149535.8     149367.2     26044.5      26001.5
    8      1    157128.0     156950.5     27403.1      27357.9
    7      1    164720.2     164533.7     28761.7      28714.2
    6      1    172312.4     172116.9     30120.3      30070.5
    5      1    179904.6     179700.1     31478.9      31426.8
    4      1    187496.8     187283.3     32837.6      32783.1
    3      1    195088.9     194866.6     34196.2      34139.5
    2      1    202681.1     202449.8     35554.8      35495.8
    1      1    213485.0     213244.6     36892.8      36831.5

   ----------------------------------------------------------
   2、风荷载作用下剪力平衡验算(kN)：

   层号   塔号    X向风荷载    X向楼层剪力    Y向风荷载    Y向楼层剪力
   29      1          299.2          299.2        421.5          421.5
   28      1          587.9          587.9        828.4          828.4
   27      1          794.7          794.7       1090.1         1090.1
   26      1          996.3          996.3       1345.3         1345.3
   25      1         1192.9         1192.9       1594.2         1594.2
   24      1         1384.5         1384.5       1836.8         1836.8
   23      1         1571.0         1571.0       2073.1         2073.1
   22      1         1752.6         1752.6       2303.1         2303.1
   21      1         1929.1         1929.1       2526.7         2526.7
   20      1         2100.6         2100.6       2744.0         2744.0
   19      1         2267.1         2267.1       2955.0         2955.0
   18      1         2428.4         2428.4       3159.5         3159.5
   17      1         2584.6         2584.6       3357.6         3357.6
   16      1         2735.7         2735.7       3549.1         3549.1
   15      1         2881.5         2881.5       3734.0         3734.0
   14      1         3022.0         3022.0       3912.2         3912.2
   13      1         3157.0         3157.1       4083.6         4083.6
   12      1         3286.6         3286.6       4248.0         4248.0
   11      1         3410.5         3410.5       4405.2         4405.2
   10      1         3528.6         3528.6       4555.1         4555.1
    9      1         3640.6         3640.6       4697.4         4697.4
    8      1         3746.5         3746.5       4831.9         4831.9
    7      1         3845.9         3845.9       4958.2         4958.2
    6      1         3938.5         3938.5       5075.8         5075.8
    5      1         4023.9         4023.9       5184.3         5184.3
    4      1         4101.5         4101.5       5283.0         5283.0
    3      1         4175.9         4175.9       5377.8         5377.8
    2      1         4246.9         4246.9       5468.2         5468.2
    1      1         4381.4         4381.4       5639.9         5639.9

     **********************************************************
                       楼层抗剪承载力验算
     **********************************************************

  Ratio_X,Ratio_Y: 表示本层与上一层的承载力之比

  层号   塔号    X向承载力    Y向承载力   Ratio_X    Ratio_Y
   29     1     1.3205E+004  1.4347E+004    1.00       1.00
   28     1     1.3239E+004  1.4423E+004    1.00       1.01
   27     1     9.9973E+003  1.6626E+004    0.76       1.15     薄弱层
   26     1     1.0542E+004  1.7322E+004    1.05       1.04
   25     1     1.1244E+004  1.8088E+004    1.07       1.04
   24     1     1.1874E+004  1.8965E+004    1.06       1.05
   23     1     1.2518E+004  1.9715E+004    1.05       1.04
   22     1     1.3130E+004  2.0692E+004    1.05       1.05
   21     1     1.3723E+004  2.1449E+004    1.05       1.04
   20     1     1.4291E+004  2.2037E+004    1.04       1.03
   19     1     1.4839E+004  2.2903E+004    1.04       1.04
   18     1     1.5360E+004  2.3398E+004    1.04       1.02
   17     1     1.5852E+004  2.4004E+004    1.03       1.03
   16     1     1.7683E+004  2.7431E+004    1.12       1.14
   15     1     1.8199E+004  2.8042E+004    1.03       1.02
   14     1     1.8694E+004  2.8628E+004    1.03       1.02
   13     1     1.9164E+004  2.9241E+004    1.03       1.02
   12     1     1.9606E+004  2.9692E+004    1.02       1.02
   11     1     2.0025E+004  3.0102E+004    1.02       1.01
   10     1     2.0405E+004  3.0472E+004    1.02       1.01
    9     1     2.0730E+004  3.0796E+004    1.02       1.01
    8     1     2.2595E+004  3.4241E+004    1.09       1.11
    7     1     2.2988E+004  3.4634E+004    1.02       1.01
    6     1     2.3335E+004  3.4995E+004    1.02       1.01
    5     1     2.3642E+004  3.5262E+004    1.01       1.01
    4     1     2.3897E+004  3.5392E+004    1.01       1.00
    3     1     2.4302E+004  3.5580E+004    1.02       1.01
    2     1     2.4776E+004  3.5896E+004    1.02       1.01
    1     1     1.7435E+004  3.2561E+004    0.70       0.91     薄弱层
