
     ----------------------------------------------------------------------

                    设计结果输出文件

     ----------------------------------------------------------------------

            工程名称：hezheng3-1taloutiziqian
            工程代号：
             设计人：
             校核人：
            软件名称：盈建科建筑结构设计软件
              版本：
            计算日期：2017/12/05
     ----------------------------------------------------------------------

     **********************************************************************

                               符号说明

     截面符号说明：
       B,H --- 矩形截面宽、高(mm)
       Dr --- 圆柱直径(mm)
       B,H,U,T,D,F --- 异型截面参数(mm)
       Hr --- 变截面时梁右端（柱为上端）高度(mm)
       Ac --- 截面面积(mm)
       Lc,Lg,Lwc,Lwb,Lb --- 分别为柱、支撑、墙柱、墙梁和梁的长度(m)
       N-C,N-G,N-WC,N-WB,N-B --- 分别为柱、支撑、墙柱、墙梁和梁的编号
       Nfc,Nfg,Nfw,Nfwb,Nfb --- 分别为柱、支撑、墙柱、墙梁和梁的抗震等级
       Nfc_gz,Nfg_gz,Nfw_gz,Nfwb_gz,Nfb_gz --- 分别为梁、柱、支撑、墙柱、墙梁抗震构造措施的抗震等级
       Rcc,Rcg,Rcw,Rcwb,Rcb --- 分别为柱、支撑、墙柱、墙梁和梁的材料强度
       Rsc,Rsg,Rsb --- 分别为柱、支撑和梁的钢号
       Cover --- 保护层厚度(mm)，注意10规范中保护层厚度的变化
       Fy,Fyv --- 构件的主筋、箍筋（墙柱为分布筋）强度设计值
       LoadCase --- 梁控制内力的组合号

     混凝土、型钢混凝土矩形、圆形、异型柱、支撑配筋输出符号说明：
       Cx,Cy --- 分别为X、Y向计算长度系数
       λc --- 柱剪跨比，非简化方法计算时输出对应的设计内力
       Rs --- 全截面配筋率,上下端取大值(As/Ac)
       Rsv --- 体积配箍率(Vs/Vc)
       Uc --- 轴压比(N/Ac/fc)
       Nu --- 控制轴压比的轴力(kN)
       Uc_G --- 按重力荷载代表值计算的轴压比(N/Ac/fc)
       Nu_G --- 重力荷载代表值下的轴力(kN)
       Asc --- 矩形截面单根角筋面积(mm2)
       Asxt,Asxb --- 矩形截面B边上下端单边配筋面积(含两根角筋)(mm2)
       Asyt,Asyb --- 矩形截面H边上下端单边配筋面积(含两根角筋)(mm2)
       Asxt0,Asxb0 --- 矩形截面B边上下端单边计算配筋面积(含两根角筋)(mm2)
       Asyt0,Asyb0 --- 矩形截面H边上下端单边计算配筋面积(含两根角筋)(mm2)
       Ast,Asb --- 圆截面上下端全截面配筋面积(mm2)
       Aszt,Aszb --- 异型截面柱角部上下端的固定配筋面积之和(mm2)
       Asft,Asfb --- 异型截面柱上下端分布配筋面积之和(mm2)
       Asvx,Asvx0 --- 矩形截面沿B边方向加密区和非加密区箍筋面积(mm2)
       Asvy,Asvy0 --- 矩形截面沿H边方向加密区和非加密区箍筋面积(mm2)
       Asv,Asv0 --- 圆截面或异型截面柱加密区和非加密区箍筋面积(mm2)
       N,Mx,My --- 矩形柱、圆柱、异型柱纵向钢筋配筋控制内力(kN,kN-m)
       N,Vx,Vy --- 矩形柱、圆柱、异型柱箍筋的配筋控制内力(kN)
       Asvjx,Asvjy --- 柱节点沿B边或H边的箍筋面积(mm2)
       Nj,Vjx,Vjy --- 节点域箍筋Asvjx、Asvjy的控制内力(kN)
       注：柱箍筋是指单位间距范围内的箍筋面积
       CB_XF,CB_YF --- 投影到整体坐标系下的X、Y向抗剪承载力(kN)
       Fl --- 柱冲切计算时的等效冲切力(kN)

     钢柱、钢支撑验算输出符号说明：
       F1 --- 强度计算应力
       F2,F3 --- 分别为X,Y向的稳定计算应力
       Fv --- 抗剪计算应力，门式刚柱时输出
      γre --- 承载力抗震调整系数
       Px,Py --- 分别为节点处X,Y向梁、柱全塑性承载力之比
       N,Mx,My --- 钢柱验算时的控制内力(kN,kN-m)
       Rmdx,Rmdy,Rmd_max --- 分别为X,Y向的长细比、容许长细比
       b/tf,b/tf_max --- 翼缘宽厚比、宽厚比限值
       hw/tw,hw/tw_max --- 腹板高厚比、高厚比限值
       D/tw,D/tw_max --- 钢管柱径厚比、径厚比限值

     矩形钢管混凝土柱：
       R_F1 --- 按强度验算时计算应力与容许应力之比
       R_F2,R_F3 --- 分别为X,Y向按稳定验算时计算应力与容许应力之比
       R_F4,R_F5 --- 分别为X,Y向抗剪验算时计算应力与容许应力之比
       γ --- 系数，通常为1，地震组合时为γre
       Px,Py --- 分别为节点处X,Y向梁、柱全塑性承载力之比
       Rmdx,Rmdy --- 分别为X,Y向的长细比
       N,Mx,My --- 钢柱验算的验算控制内力(kN,kN-m)
       Rmdx,Rmdy,Rmd_max --- 分别为X,Y向的长细比、容许长细比
       b/tf,b/tf_max --- 管壁宽厚比、宽厚比限值
       hw/tw,hw/tw_max --- 管壁高厚比、高厚比限值
       αc,αc_max --- 混凝土工作承担系数、限值

     圆钢管混凝土柱验算输出符号说明：
       R_F1 --- 受压承载力验算时计算应力与容许应力之比
       R_F2 --- 受拉承载力验算时计算应力与容许应力之比
       R_F3 --- 抗剪强度验算时计算应力与容许应力之比
       γ --- 系数，通常为1，地震组合时为γre
       N,Mx,My --- 钢管混凝土柱验算的验算控制内力(kN,kN-m)
       Rmd,Rmd_max --- 长径比、容许长径比
       θ,θ_min --- 套箍指标、限值
       D/tw,D/tw_max --- 径厚比、径厚比限值

     剪力墙配筋输出符号说明：
       B,H,Lwc --- 墙截面宽度、截面高度、墙竖向高度(m)
       aa --- 墙一端钢筋合力点到边缘的距离(mm)
       Fy --- 墙暗柱纵筋强度设计值
       Fyw --- 墙竖向分布筋强度设计值
       Rwv --- 墙竖向分布筋配筋率
       λw --- 墙计算剪跨比
       Nu,Uc --- 轴压比的控制轴力、轴压比
       As --- 墙一端暗柱配筋面积(mm2)
       M,N --- 暗柱配筋As的控制内力(kN,kN-m)
       Ash --- 墙水平分布筋单位间距范围内的配筋面积(mm2)
       Rsh --- 墙水平分布筋配筋率
       V,N --- 水平筋Ash的控制内力(kN)
       AsSTop,AsETop --- 不对称配筋时墙顶的起、终端暗柱配筋面积(mm2)
       AsSBtm,AsEBtm --- 不对称配筋时墙底的起、终端暗柱配筋面积(mm2)
       AsFTop,AsFBtm --- 双偏压配筋时墙顶、底分布筋配筋面积(mm2)
       WS_XF,WS_YF --- 投影到整体坐标系下的X、Y向抗剪承载力(kN)

     矩形(型钢)混凝土梁配筋输出符号说明：
       I,J --- 代表梁左、右端支座截面
       1,2,3,4,5,6,7 --- 代表梁中部从左到右7个等分截面
       -M,+M --- 负、正弯矩设计值(kN-m)
       N --- 与负、正弯矩设计值对应的轴力设计值(kN)，有数值时才输出
       Top_Ast,Btm_Ast --- 截面上、下部位的配筋面积(mm2)
       %_Steel --- 配筋率
       V --- 剪力设计值(kN)
       T,N --- 与剪力设计值对应的扭矩、轴力，有数值时才输出
       Asv --- 箍筋面积(mm2)
       Rsv --- 箍筋配箍率
       注：梁箍筋是指单位间距范围内的箍筋面积
       ast  --- 剪扭设计时的抗扭纵筋面积，有数值时才输出
       ast1 --- 剪扭设计时的抗扭单肢箍筋面积，有数值时才输出
       V,T,N --- 剪扭配筋对应的剪力、扭矩、轴力，有数值时才输出
       VXJ --- 斜筋计算对应的剪力，有数值时才输出
       AsXJ --- 单股斜筋面积，有数值时才输出

     钢梁验算输出符号说明：
       -M,+M --- 负、正弯矩设计值(kN-m)
       V --- 剪力设计值(kN)
       F1 --- 正应力强度验算
       F2 --- 整体稳定验算，满足不进行整体稳定验算条件时不验算
       F3 --- 剪应力强度验算
       φ --- 系数，消能梁用
       Vl --- 消能梁受剪承载力

     组合梁验算输出符号说明：
       M_UpL,M_UpR --- 梁左右负弯矩设计值(kN-m)
       M_Dw --- 梁正弯矩设计值(kN-m)
       V --- 剪力设计值(kN)
       Mu --- 梁全塑性受弯承载力(kN-m)
       F3 --- 剪应力强度验算

     调整系数符号说明：
       stif --- 框架梁为刚度放大系数，连梁为刚度折减系数
       brc --- 薄弱层调整系数，大于1时输出
       jzx,jzy --- X、Y向最小剪重比调整系数，大于1时输出
       jzz --- 竖向地震作用调整系数，大于1时输出
       02vx,02vy --- X、Y向0.2V0调整系数，大于1时输出
       wvx,wvy --- X、Y向墙剪力调整系数，主要针对筒体、板柱-剪力墙、底框-抗震墙结构中的剪力墙，大于1时输出
       zh --- 水平转换构件地震作用调整系数，大于1时输出
       tf --- 梁弯矩调幅系数
       nj --- 梁扭矩折减系数
       ηv --- 梁强剪弱弯调整系数
       livec --- 柱、墙活荷载按楼层折减系数
       kzzx,kzzy --- 框支柱地震作用调整系数
       kzzn --- 转换柱轴力调整系数
       zcn --- 贮仓支柱轴力调整系数
       vcoex,vcoey --- 柱剪力系数，在特殊构件中定义，大于1时输出
       ηmu,ηvu,ηmd,ηvd --- 柱、墙顶、底的强柱弱梁、强剪弱弯调整系数
       windx,windy --- 板柱-剪力墙抗风调整系数
     **********************************************************************

     荷载组合分项系数说明，其中：
     Ncm --- 组合号
     V-D,V-L --- 分别为恒载、活载分项系数
     +X-W,-X-W --- 分别为X正负方向水平风荷载分项系数
     +Y-W,-Y-W --- 分别为Y正负方向水平风荷载分项系数
     X-E,Y-E --- 分别为X向、Y向水平地震荷载分项系数
     Z-E --- 竖向地震荷载分项系数
     R-F --- 人防荷载分项系数
     TEM --- 温度荷载分项系数
     CRN --- 吊车荷载分项系数

     Ncm   V-D   V-L   +X-W   -X-W   +Y-W   -Y-W   X-E   Y-E   Z-E   R-F   TEM   CRN
       1  1.35  0.98    --     --     --     --    --    --    --    --    --    -- 
       2  1.20  1.40    --     --     --     --    --    --    --    --    --    -- 
       3  1.00  1.40    --     --     --     --    --    --    --    --    --    -- 
       4  1.20   --    1.54    --     --     --    --    --    --    --    --    -- 
       5  1.20   --     --    1.54    --     --    --    --    --    --    --    -- 
       6  1.20   --     --     --    1.54    --    --    --    --    --    --    -- 
       7  1.20   --     --     --     --    1.54   --    --    --    --    --    -- 
       8  1.20  1.40   0.92    --     --     --    --    --    --    --    --    -- 
       9  1.20  1.40    --    0.92    --     --    --    --    --    --    --    -- 
      10  1.20  1.40    --     --    0.92    --    --    --    --    --    --    -- 
      11  1.20  1.40    --     --     --    0.92   --    --    --    --    --    -- 
      12  1.20  0.98   1.54    --     --     --    --    --    --    --    --    -- 
      13  1.20  0.98    --    1.54    --     --    --    --    --    --    --    -- 
      14  1.20  0.98    --     --    1.54    --    --    --    --    --    --    -- 
      15  1.20  0.98    --     --     --    1.54   --    --    --    --    --    -- 
      16  1.00   --    1.54    --     --     --    --    --    --    --    --    -- 
      17  1.00   --     --    1.54    --     --    --    --    --    --    --    -- 
      18  1.00   --     --     --    1.54    --    --    --    --    --    --    -- 
      19  1.00   --     --     --     --    1.54   --    --    --    --    --    -- 
      20  1.00  1.40   0.92    --     --     --    --    --    --    --    --    -- 
      21  1.00  1.40    --    0.92    --     --    --    --    --    --    --    -- 
      22  1.00  1.40    --     --    0.92    --    --    --    --    --    --    -- 
      23  1.00  1.40    --     --     --    0.92   --    --    --    --    --    -- 
      24  1.00  0.98   1.54    --     --     --    --    --    --    --    --    -- 
      25  1.00  0.98    --    1.54    --     --    --    --    --    --    --    -- 
      26  1.00  0.98    --     --    1.54    --    --    --    --    --    --    -- 
      27  1.00  0.98    --     --     --    1.54   --    --    --    --    --    -- 
      28  1.20  0.60   0.31    --     --     --   1.30   --    --    --    --    -- 
      29  1.20  0.60   0.31    --     --     --  -1.30   --    --    --    --    -- 
      30  1.20  0.60    --     --    0.31    --    --   1.30   --    --    --    -- 
      31  1.20  0.60    --     --    0.31    --    --  -1.30   --    --    --    -- 
      32  1.20  0.60    --    0.31    --     --   1.30   --    --    --    --    -- 
      33  1.20  0.60    --    0.31    --     --  -1.30   --    --    --    --    -- 
      34  1.20  0.60    --     --     --    0.31   --   1.30   --    --    --    -- 
      35  1.20  0.60    --     --     --    0.31   --  -1.30   --    --    --    -- 
      36  1.00  0.50   0.31    --     --     --   1.30   --    --    --    --    -- 
      37  1.00  0.50   0.31    --     --     --  -1.30   --    --    --    --    -- 
      38  1.00  0.50    --     --    0.31    --    --   1.30   --    --    --    -- 
      39  1.00  0.50    --     --    0.31    --    --  -1.30   --    --    --    -- 
      40  1.00  0.50    --    0.31    --     --   1.30   --    --    --    --    -- 
      41  1.00  0.50    --    0.31    --     --  -1.30   --    --    --    --    -- 
      42  1.00  0.50    --     --     --    0.31   --   1.30   --    --    --    -- 
      43  1.00  0.50    --     --     --    0.31   --  -1.30   --    --    --    -- 
     **********************************************************
     *               第 30 层构件配筋设计及验算                *
     **********************************************************
     **********************************************************
                                  柱配筋设计及验算
     **********************************************************

     **********************************************************
                                 支撑配筋设计及验算
     **********************************************************

     **********************************************************
                                 墙柱配筋设计及验算
     **********************************************************

  ---------------------------------------------------------
  N-WC=1 (I=30000036 J=30000038) B*H*Lwc(m)=0.20*2.10*3.00
  Cover= 15(mm) aa=200(mm) Nfw=3 Nfw_gz=3 Rcw=30.0 Fy=360 Fyv=270 Fyw=300 Rwv=0.30
  砼墙
  livec=1.000  jzx=1.124，jzy=1.029
  ηmu=1.000  ηvu=1.000  ηmd=1.000  ηvd=1.000
  ( 14)M=     144.6 V=      94.7 λw= 0.803
       Nu=      -6.2 Uc=0.00
  (  1)M=      14.6 N=     -10.1 As=       0.0
  ( 14)V=      94.7 N=     -96.0 Ash=      75.0 AshCal=       0.0 Rsh= 0.25
  抗剪承载力: WS_XF=    419.85  WS_YF=      0.00
  ---------------------------------------------------------
  N-WC=2 (I=30000033 J=30000034) B*H*Lwc(m)=0.20*0.70*3.00
  Cover= 15(mm) aa=40(mm) Nfw=3 Nfw_gz=3 Rcw=30.0 Fy=360 Fyv=270 Fyw=300 Rwv=0.30
  砼墙
  livec=1.000  jzx=1.124，jzy=1.029
  ηmu=1.000  ηvu=1.000  ηmd=1.000  ηvd=1.000
  ( 30)M=     -36.1 V=      41.0 λw= 1.335
       Nu=      -0.6 Uc=0.00
  ( 14)M=     -33.8 N=      23.1 As=       0.9
  ( 30)V=      41.0 N=      19.3 Ash=      75.0 AshCal=       0.0 Rsh= 0.25
  抗剪承载力: WS_XF=      0.00  WS_YF=    142.31
  ---------------------------------------------------------
  N-WC=3 (I=30000034 J=30000035) B*H*Lwc(m)=0.20*2.10*3.00
  Cover= 15(mm) aa=200(mm) Nfw=3 Nfw_gz=3 Rcw=30.0 Fy=360 Fyv=270 Fyw=300 Rwv=0.30
  砼墙
  livec=1.000  jzx=1.124，jzy=1.029
  ηmu=1.000  ηvu=1.000  ηmd=1.000  ηvd=1.000
  ( 14)M=     116.4 V=      92.3 λw= 0.663
       Nu=      -2.0 Uc=0.00
  (  1)M=       4.3 N=      -6.1 As=       0.0
  ( 14)V=      92.3 N=     -59.1 Ash=      75.0 AshCal=       0.0 Rsh= 0.25
  抗剪承载力: WS_XF=    419.71  WS_YF=      0.00
  ---------------------------------------------------------
  N-WC=4 (I=30000028 J=30000029) B*H*Lwc(m)=0.20*0.50*3.00
  Cover= 15(mm) aa=40(mm) Nfw=3 Nfw_gz=3 Rcw=30.0 Fy=360 Fyv=270 Fyw=300 Rwv=0.30
  砼墙
  livec=1.000  jzx=1.124，jzy=1.029
  ηmu=1.000  ηvu=1.000  ηmd=1.000  ηvd=1.000
  ( 14)M=     -94.8 V=     -43.0 λw= 4.797
       Nu=      -8.0 Uc=0.00
  ( 14)M=     -94.8 N=      48.0 As=     572.8
  ( 30)V=     -40.7 N=      51.3 Ash=      75.0 AshCal=       9.9 Rsh= 0.25
  抗剪承载力: WS_XF=     77.53  WS_YF=      0.00
  ---------------------------------------------------------
  N-WC=5 (I=30000026 J=30000027) B*H*Lwc(m)=0.20*2.40*3.00
  Cover= 15(mm) aa=200(mm) Nfw=3 Nfw_gz=3 Rcw=30.0 Fy=360 Fyv=270 Fyw=300 Rwv=0.30
  砼墙
  livec=1.000  jzx=1.124，jzy=1.029
  ηmu=1.000  ηvu=1.000  ηmd=1.000  ηvd=1.000
  ( 14)M=    -189.9 V=    -163.7 λw= 0.527
       Nu=     -17.2 Uc=0.00
  (  1)M=     -19.8 N=     -18.3 As=       0.0
  ( 14)V=    -163.7 N=      35.4 Ash=      75.0 AshCal=       0.0 Rsh= 0.25
  抗剪承载力: WS_XF=    482.83  WS_YF=      0.00
  ---------------------------------------------------------
  N-WC=6 (I=30000017 J=30000026) B*H*Lwc(m)=0.20*2.80*3.00
  Cover= 15(mm) aa=200(mm) Nfw=3 Nfw_gz=3 Rcw=30.0 Fy=360 Fyv=270 Fyw=300 Rwv=0.30
  砼墙
  livec=1.000  jzx=1.124，jzy=1.029
  ηmu=1.000  ηvu=1.000  ηmd=1.000  ηvd=1.000
  ( 28)M=      91.7 V=     -28.6 λw= 1.235
       Nu=     -15.3 Uc=0.00
  (  1)M=       5.8 N=     -15.0 As=       0.0
  ( 28)V=     -28.6 N=     -93.5 Ash=      75.0 AshCal=       0.0 Rsh= 0.25
  抗剪承载力: WS_XF=      0.00  WS_YF=    566.30
  ---------------------------------------------------------
  N-WC=7 (I=30000031 J=30000032) B*H*Lwc(m)=0.20*0.40*3.00
  Cover= 15(mm) aa=40(mm) Nfw=3 Nfw_gz=3 Rcw=30.0 Fy=360 Fyv=270 Fyw=300 Rwv=0.30
  砼墙
  livec=1.000  jzx=1.124，jzy=1.029
  ηmu=1.000  ηvu=1.000  ηmd=1.000  ηvd=1.000
  ( 35)M=      35.4 V=      20.2 λw= 4.855
       Nu=      -4.1 Uc=0.00
  (  6)M=     -32.6 N=      12.7 As=     211.7
  ( 35)V=      20.2 N=     -16.7 Ash=      75.0 AshCal=       0.0 Rsh= 0.25
  抗剪承载力: WS_XF=     61.20  WS_YF=      0.00
  ---------------------------------------------------------
  N-WC=8 (I=30000018 J=30000032) B*H*Lwc(m)=0.20*2.80*3.00
  Cover= 15(mm) aa=200(mm) Nfw=3 Nfw_gz=3 Rcw=30.0 Fy=360 Fyv=270 Fyw=300 Rwv=0.30
  砼墙
  livec=1.000  jzx=1.124，jzy=1.029
  ηmu=1.000  ηvu=1.000  ηmd=1.000  ηvd=1.000
  ( 35)M=    -134.4 V=      30.3 λw= 1.705
       Nu=     -15.3 Uc=0.00
  (  1)M=      25.6 N=     -25.6 As=       0.0
  ( 35)V=      30.3 N=     -32.9 Ash=      75.0 AshCal=       0.0 Rsh= 0.25
  抗剪承载力: WS_XF=      0.00  WS_YF=    512.90
  ---------------------------------------------------------
  N-WC=9 (I=30000008 J=30000014) B*H*Lwc(m)=0.20*2.10*3.00
  Cover= 15(mm) aa=200(mm) Nfw=3 Nfw_gz=3 Rcw=30.0 Fy=360 Fyv=270 Fyw=300 Rwv=0.30
  砼墙
  livec=1.000  jzx=1.124，jzy=1.029
  ηmu=1.000  ηvu=1.000  ηmd=1.000  ηvd=1.000
  ( 14)M=      68.8 V=     -43.9 λw= 0.824
       Nu=      -8.3 Uc=0.00
  (  1)M=      -8.0 N=      -8.8 As=       0.0
  ( 14)V=     -43.9 N=      62.4 Ash=      75.0 AshCal=       0.0 Rsh= 0.25
  抗剪承载力: WS_XF=      0.00  WS_YF=    419.81
  ---------------------------------------------------------
  N-WC=10 (I=30000002 J=30000003) B*H*Lwc(m)=0.20*0.65*3.00
  Cover= 15(mm) aa=40(mm) Nfw=3 Nfw_gz=3 Rcw=30.0 Fy=360 Fyv=270 Fyw=300 Rwv=0.30
  砼墙
  livec=1.000  jzx=1.124，jzy=1.029
  ηmu=1.000  ηvu=1.000  ηmd=1.000  ηvd=1.000
  ( 15)M=     -51.2 V=     -26.8 λw= 3.129
       Nu=     -10.9 Uc=0.00
  ( 15)M=     -51.2 N=       8.4 As=      94.0
  ( 15)V=     -26.8 N=       8.4 Ash=      75.0 AshCal=       0.0 Rsh= 0.25
  抗剪承载力: WS_XF=      0.00  WS_YF=    102.03
  ---------------------------------------------------------
  N-WC=11 (I=30000001 J=30000009) B*H*Lwc(m)=0.20*1.50*3.00
  Cover= 15(mm) aa=200(mm) Nfw=3 Nfw_gz=3 Rcw=30.0 Fy=360 Fyv=270 Fyw=300 Rwv=0.30
  砼墙
  livec=1.000  jzx=1.124，jzy=1.029
  ηmu=1.000  ηvu=1.000  ηmd=1.000  ηvd=1.000
  ( 32)M=     -61.0 V=     -12.1 λw= 3.892
       Nu=       0.0 Uc=-0.00
  ( 14)M=      86.0 N=     124.0 As=     155.3
  ( 32)V=     -12.1 N=      90.7 Ash=      75.0 AshCal=       0.0 Rsh= 0.25
  抗剪承载力: WS_XF=      0.00  WS_YF=    224.47
  ---------------------------------------------------------
  N-WC=12 (I=30000001 J=30000002) B*H*Lwc(m)=0.20*2.40*3.00
  Cover= 15(mm) aa=200(mm) Nfw=3 Nfw_gz=3 Rcw=30.0 Fy=360 Fyv=270 Fyw=300 Rwv=0.30
  砼墙
  livec=1.000  jzx=1.124，jzy=1.029
  ηmu=1.000  ηvu=1.000  ηmd=1.000  ηvd=1.000
  ( 14)M=    -116.5 V=      98.0 λw= 0.541
       Nu=     -10.2 Uc=0.00
  (  1)M=      -2.7 N=     -20.2 As=       0.0
  ( 14)V=      98.0 N=     -45.4 Ash=      75.0 AshCal=       0.0 Rsh= 0.25
  抗剪承载力: WS_XF=    482.90  WS_YF=      0.00
  ---------------------------------------------------------
  N-WC=13 (I=30000004 J=30000005) B*H*Lwc(m)=0.20*0.70*3.00
  Cover= 15(mm) aa=40(mm) Nfw=3 Nfw_gz=3 Rcw=30.0 Fy=360 Fyv=270 Fyw=300 Rwv=0.30
  砼墙
  livec=1.000  jzx=1.124，jzy=1.029
  ηmu=1.000  ηvu=1.000  ηmd=1.000  ηvd=1.000
  ( 33)M=     -59.4 V=     -31.1 λw= 2.896
       Nu=     -12.1 Uc=0.00
  ( 33)M=     -57.3 N=      39.7 As=      82.8
  ( 33)V=     -31.1 N=       1.5 Ash=      75.0 AshCal=       0.0 Rsh= 0.25
  抗剪承载力: WS_XF=    110.27  WS_YF=      0.00
  ---------------------------------------------------------
  N-WC=14 (I=30000024 J=30000027) B*H*Lwc(m)=0.20*0.40*3.00
  Cover= 15(mm) aa=40(mm) Nfw=3 Nfw_gz=3 Rcw=30.0 Fy=360 Fyv=270 Fyw=300 Rwv=0.30
  砼墙
  livec=1.000  jzx=1.124，jzy=1.029
  ηmu=1.000  ηvu=1.000  ηmd=1.000  ηvd=1.000
  ( 14)M=      45.1 V=      23.7 λw= 5.281
       Nu=      -5.5 Uc=0.00
  ( 14)M=      45.1 N=      -1.4 As=     300.6
  ( 14)V=      23.7 N=      -1.4 Ash=      75.0 AshCal=       0.0 Rsh= 0.25
  抗剪承载力: WS_XF=      0.00  WS_YF=     61.27
  ---------------------------------------------------------
  N-WC=15 (I=30000006 J=30000008) B*H*Lwc(m)=0.20*0.60*3.00
  Cover= 15(mm) aa=40(mm) Nfw=3 Nfw_gz=3 Rcw=30.0 Fy=360 Fyv=270 Fyw=300 Rwv=0.30
  砼墙
  livec=1.000  jzx=1.124，jzy=1.029
  ηmu=1.000  ηvu=1.000  ηmd=1.000  ηvd=1.000
  ( 14)M=     -41.2 V=     -28.6 λw= 2.576
       Nu=      -6.0 Uc=0.00
  (  7)M=      39.3 N=      22.3 As=      89.3
  ( 14)V=     -28.6 N=     -27.1 Ash=      75.0 AshCal=       0.0 Rsh= 0.25
  抗剪承载力: WS_XF=     93.85  WS_YF=      0.00
  ---------------------------------------------------------
  N-WC=16 (I=30000004 J=30000060) B*H*Lwc(m)=0.20*2.90*3.00
  Cover= 15(mm) aa=200(mm) Nfw=3 Nfw_gz=3 Rcw=30.0 Fy=360 Fyv=270 Fyw=300 Rwv=0.30
  砼墙
  livec=1.000  jzx=1.124，jzy=1.029
  ηmu=1.000  ηvu=1.000  ηmd=1.000  ηvd=1.000
  ( 30)M=     130.8 V=     -25.0 λw= 1.940
       Nu=     -18.0 Uc=0.00
  (  1)M=     -12.3 N=     -17.4 As=       0.0
  ( 30)V=     -25.0 N=      39.7 Ash=      75.0 AshCal=       0.0 Rsh= 0.25
  抗剪承载力: WS_XF=      0.00  WS_YF=    487.31
  ---------------------------------------------------------
  N-WC=17 (I=30000065 J=30000028) B*H*Lwc(m)=0.20*3.00*3.00
  Cover= 15(mm) aa=200(mm) Nfw=3 Nfw_gz=3 Rcw=30.0 Fy=360 Fyv=270 Fyw=300 Rwv=0.30
  砼墙
  livec=1.000  jzx=1.124，jzy=1.029
  ηmu=1.000  ηvu=1.000  ηmd=1.000  ηvd=1.000
  ( 30)M=     -69.1 V=      29.7 λw= 0.830
       Nu=     -21.3 Uc=0.00
  (  1)M=      17.5 N=     -32.5 As=       0.0
  ( 30)V=      29.7 N=      11.8 Ash=      75.0 AshCal=       0.0 Rsh= 0.25
  抗剪承载力: WS_XF=      0.00  WS_YF=    608.93
     **********************************************************
                                 墙梁配筋设计及验算
     **********************************************************

  ---------------------------------------------------------
  N-WB=1 (I=30000060, J=30000065) B*H(mm)=200*600
  Lwb=2.40(m) Cover=20(mm) Nfwb=3 Nfwb_gz=3 Rcwb=30.0 Fy=360 Fyv=360
  砼梁 连梁
  stif=0.700  jzx=1.124，jzy=1.029
  ηv=1.100
              -1-     -2-     -3-     -4-     -5-     -6-     -7-     -8-     -9-
  -M(kNm)     -29     -21     -14      -5      -0      -7     -15     -18     -26
  LoadCase  ( 43)   ( 43)   ( 43)   (  7)   (  5)   ( 38)   ( 30)   ( 14)   ( 14)
  Top Ast     300     300     300     300     300     300     300     300     300
  % Steel    0.25    0.25    0.25    0.25    0.25    0.25    0.25    0.25    0.25
  +M(kNm)      30      23      16       7       2       8      14      20      19
  LoadCase  ( 30)   ( 30)   ( 30)   ( 14)   (  8)   ( 35)   ( 43)   ( 43)   (  7)
  Btm Ast     300     300     300     300     300     300     300     300     300
  % Steel    0.25    0.25    0.25    0.25    0.25    0.25    0.25    0.25    0.25
  V(kN)        54      48     -49     -50     -52     -53     -54     -55     -61
  LoadCase  ( 35)   ( 35)   ( 30)   ( 30)   ( 30)   ( 30)   ( 30)   ( 30)   ( 30)
  Asv          21      21      21      21      21      21      21      21      21
  Rsv        0.10    0.10    0.10    0.10    0.10    0.10    0.10    0.10    0.10
     **********************************************************
                                  梁配筋设计及验算
     **********************************************************

  ---------------------------------------------------------
  N-B=1 (I=30000035, J=30000036)(1)B*H(mm)=200*600
  Lb=3.20(m) Cover= 20(mm) Nfb=2 Nfb_gz=2 Rcb=30.0 Fy=360 Fyv=360
  砼梁 框架梁 调幅梁 矩形
  livec=1.000  stif=1.500  jzx=1.124，jzy=1.029  tf=0.850  nj=0.400
  ηv=1.200
              -1-     -2-     -3-     -4-     -5-     -6-     -7-     -8-     -9-
  -M(kNm)     -71     -53     -35     -18      -0     -18     -37     -57     -77
  LoadCase  (  7)   (  7)   (  7)   (  7)   (  4)   ( 14)   ( 14)   ( 14)   ( 14)
  Top Ast     383     300     300     300     300     300     300     300     414
  % Steel    0.34    0.25    0.25    0.25    0.25    0.25    0.25    0.25    0.37
  +M(kNm)      74      57      38      20       3      18      36      53      71
  LoadCase  ( 14)   ( 14)   ( 14)   ( 14)   (  0)   (  7)   (  7)   (  7)   (  7)
  Btm Ast     402     300     300     300     300     300     300     300     383
  % Steel    0.36    0.25    0.25    0.25    0.25    0.25    0.25    0.25    0.34
  V(kN)       -52     -46     -46     -47     -48     -48     -49     -50     -55
  LoadCase  ( 31)   ( 14)   ( 14)   ( 14)   ( 14)   ( 14)   ( 14)   ( 14)   ( 31)
  Asv          22      22      22      22      22      22      22      22      22
  Rsv        0.11    0.11    0.11    0.11    0.11    0.11    0.11    0.11    0.11
  非加密区箍筋面积: 22
  ---------------------------------------------------------
  N-B=2 (I=30000026, J=30000033)(1)B*H(mm)=200*600
  Lb=1.00(m) Cover= 20(mm) Nfb=3 Nfb_gz=3 Rcb=30.0 Fy=360 Fyv=360
  砼梁 连梁 矩形
  livec=1.000  stif=0.700  jzx=1.124，jzy=1.029
  ηv=1.100
              -1-     -2-     -3-     -4-     -5-     -6-     -7-     -8-     -9-
  -M(kNm)     -32     -25     -17     -10      -2      -5     -13     -20     -28
  LoadCase  ( 15)   (  7)   (  7)   (  7)   (  7)   (  6)   (  6)   ( 14)   ( 14)
  Top Ast     300     300     300     300     300     300     300     300     300
  % Steel    0.25    0.25    0.25    0.25    0.25    0.25    0.25    0.25    0.25
  +M(kNm)      32      25      17      10       2       5      13      20      28
  LoadCase  (  6)   ( 14)   ( 14)   ( 14)   ( 14)   ( 15)   ( 15)   (  7)   (  7)
  Btm Ast     300     300     300     300     300     300     300     300     300
  % Steel    0.25    0.25    0.25    0.25    0.25    0.25    0.25    0.25    0.25
  V(kN)        95      86      86      86     -86     -86     -86     -86     -95
  LoadCase  ( 35)   ( 35)   ( 35)   ( 35)   ( 30)   ( 30)   ( 30)   ( 30)   ( 30)
  Asv          21      21      21      21      21      21      21      21      21
  Rsv        0.10    0.10    0.10    0.10    0.10    0.10    0.10    0.10    0.10
  非加密区箍筋面积: 21
  ---------------------------------------------------------
  N-B=3 (I=30000030, J=30000037)(1)B*H(mm)=200*600
  Lb=1.70(m) Cover= 20(mm) Nfb=5 Nfb_gz=5 Rcb=30.0 Fy=360 Fyv=360
  砼梁 非框架梁 不调幅梁 矩形
  livec=1.000  stif=1.103  jzx=1.124，jzy=1.029  tf=1.000  nj=0.400
  ηv=1.000
              -1-     -2-     -3-     -4-     -5-     -6-     -7-     -8-     -9-
  -M(kNm)     -26     -17      -8      -1     -10     -19     -29     -38     -48
  LoadCase  (  7)   (  7)   (  7)   (  6)   ( 14)   ( 14)   ( 14)   ( 14)   ( 14)
  Top Ast     240     240     240     240     240     240     240     240     246
  % Steel    0.20    0.20    0.20    0.20    0.20    0.20    0.20    0.20    0.22
  +M(kNm)      28      18       9       1       9      18      27      36      45
  LoadCase  ( 14)   ( 14)   ( 14)   ( 15)   (  7)   (  7)   (  7)   (  7)   (  7)
  Btm Ast     240     240     240     240     240     240     240     240     240
  % Steel    0.20    0.20    0.20    0.20    0.20    0.20    0.20    0.20    0.20
  V(kN)       -44     -44     -44     -44     -45     -45     -45     -45     -45
  LoadCase  ( 14)   ( 14)   ( 14)   ( 14)   ( 14)   ( 14)   ( 14)   ( 14)   ( 14)
  Asv          16      16      16      16      16      16      16      16      16
  Rsv        0.08    0.08    0.08    0.08    0.08    0.08    0.08    0.08    0.08
  非加密区箍筋面积: 16
  ---------------------------------------------------------
  N-B=4 (I=30000030, J=30000031)(1)B*H(mm)=200*500
  Lb=1.00(m) Cover= 20(mm) Nfb=2 Nfb_gz=2 Rcb=30.0 Fy=360 Fyv=360
  砼梁 框架梁 调幅梁 矩形
  livec=1.000  stif=1.000  jzx=1.124，jzy=1.029  tf=0.850  nj=0.400
  ηv=1.200
              -1-     -2-     -3-     -4-     -5-     -6-     -7-     -8-     -9-
  -M(kNm)     -14      -9      -4      -3      -6     -11     -16     -22     -27
  LoadCase  (  6)   (  6)   (  6)   (  4)   ( 15)   ( 15)   ( 15)   ( 15)   ( 15)
  Top Ast     250     250     250     250     250     250     250     250     300
  % Steel    0.25    0.25    0.25    0.25    0.25    0.25    0.25    0.25    0.30
  +M(kNm)      14       9       4       3       6      11      16      21      26
  LoadCase  ( 15)   ( 15)   ( 15)   ( 13)   (  6)   (  6)   (  6)   (  6)   (  6)
  Btm Ast     250     250     250     250     250     250     250     250     300
  % Steel    0.25    0.25    0.25    0.25    0.25    0.25    0.25    0.25    0.30
  V(kN)       -42     -42     -42     -42     -42     -43     -43     -43     -51
  LoadCase  ( 35)   ( 35)   ( 35)   ( 35)   ( 35)   ( 35)   ( 35)   ( 35)   ( 35)
  Asv          22      22      22      22      22      22      22      22      22
  Rsv        0.11    0.11    0.11    0.11    0.11    0.11    0.11    0.11    0.11
  非加密区箍筋面积: 22
  ---------------------------------------------------------
  N-B=5 (I=30000023, J=30000024)(1)B*H(mm)=200*600
  Lb=0.70(m) Cover= 20(mm) Nfb=2 Nfb_gz=2 Rcb=30.0 Fy=360 Fyv=360
  砼梁 框架梁 调幅梁 矩形
  livec=1.000  stif=2.000  jzx=1.124，jzy=1.029  tf=0.850  nj=0.400
  ηv=1.200
              -1-     -2-     -3-     -4-     -5-     -6-     -7-     -8-     -9-
  -M(kNm)     -31     -33     -35     -37     -38     -40     -42     -44     -46
  LoadCase  ( 14)   ( 14)   ( 14)   ( 14)   ( 14)   ( 14)   ( 14)   ( 14)   ( 14)
  Top Ast     300     300     300     300     300     300     300     300     360
  % Steel    0.25    0.25    0.25    0.25    0.25    0.25    0.25    0.25    0.30
  +M(kNm)      26      27      28      28      29      30      30      31      32
  LoadCase  (  7)   (  7)   (  7)   (  7)   (  7)   (  7)   (  7)   (  7)   (  7)
  Btm Ast     300     300     300     300     300     300     300     300     360
  % Steel    0.25    0.25    0.25    0.25    0.25    0.25    0.25    0.25    0.30
  V(kN)       -21     -22     -22     -22     -23     -23     -24     -24     -24
  LoadCase  ( 10)   ( 10)   ( 10)   ( 10)   ( 10)   ( 10)   ( 10)   ( 10)   ( 10)
  Asv          22      22      22      22      22      22      22      22      22
  Rsv        0.11    0.11    0.11    0.11    0.11    0.11    0.11    0.11    0.11
  非加密区箍筋面积: 22
  ---------------------------------------------------------
  N-B=6 (I=30000027, J=30000028)(1)B*H(mm)=200*500
  Lb=2.10(m) Cover= 20(mm) Nfb=2 Nfb_gz=2 Rcb=30.0 Fy=360 Fyv=360
  砼梁 框架梁 调幅梁 矩形
  livec=1.000  stif=1.638  jzx=1.124，jzy=1.029  tf=0.850  nj=0.400
  ηv=1.200
              -1-     -2-     -3-     -4-     -5-     -6-     -7-     -8-     -9-
  -M(kNm)     -91     -68     -44     -21      -0     -20     -41     -62     -83
  LoadCase  ( 14)   ( 14)   ( 14)   ( 14)   (  6)   (  7)   (  7)   (  7)   (  7)
  Top Ast     611     437     280     250     250     250     259     397     553
  % Steel    0.67    0.48    0.31    0.25    0.25    0.25    0.28    0.43    0.60
  +M(kNm)      83      62      42      21       4      24      47      69      90
  LoadCase  (  7)   (  7)   (  7)   (  7)   (  0)   ( 14)   ( 14)   ( 14)   ( 14)
  Btm Ast     557     401     263     250     250     250     294     443     605
  % Steel    0.61    0.44    0.29    0.25    0.25    0.25    0.32    0.48    0.66
  V(kN)        91      77      76      76      75      74      73      73      87
  LoadCase  ( 30)   ( 30)   ( 30)   ( 30)   ( 30)   ( 30)   ( 30)   ( 30)   ( 30)
  Asv          22      22      22      22      22      22      22      22      22
  Rsv        0.11    0.11    0.11    0.11    0.11    0.11    0.11    0.11    0.11
  非加密区箍筋面积: 22
  ---------------------------------------------------------
  N-B=7 (I=30000021, J=30000023)(1)B*H(mm)=200*400
  Lb=2.40(m) Cover= 20(mm) Nfb=2 Nfb_gz=2 Rcb=30.0 Fy=360 Fyv=360
  砼梁 框架梁 不调幅梁 矩形
  livec=1.000  stif=1.323  jzx=1.124，jzy=1.029  tf=1.000  nj=0.400
  ηv=1.200
              -1-     -2-     -3-     -4-     -5-     -6-     -7-     -8-     -9-
  -M(kNm)      -1      -1      -0      -0      -0      -0      -0      -0      -0
  LoadCase  ( 10)   ( 14)   (  6)   (  6)   (  4)   (  4)   (  4)   ( 36)   ( 11)
  Top Ast     240     200     200     200     200     200     200     200     200
  % Steel    0.30    0.25    0.25    0.25    0.25    0.25    0.25    0.25    0.25
  +M(kNm)       1       1       0       1       1       1       0       0       0
  LoadCase  (  7)   (  7)   ( 15)   ( 15)   (  9)   (  9)   (  9)   ( 33)   (  6)
  Btm Ast     240     200     200     200     200     200     200     200     200
  % Steel    0.30    0.25    0.25    0.25    0.25    0.25    0.25    0.25    0.25
  V(kN)         2       2       1       1       0      -0      -1      -1      -1
  LoadCase  ( 10)   ( 10)   ( 10)   ( 10)   ( 14)   ( 15)   ( 11)   ( 11)   ( 11)
  Asv          22      22      22      22      22      22      22      22      22
  Rsv        0.11    0.11    0.11    0.11    0.11    0.11    0.11    0.11    0.11
  非加密区箍筋面积: 22
  ---------------------------------------------------------
  N-B=8 (I=30000016, J=30000023)(1)B*H(mm)=200*600
  Lb=2.40(m) Cover= 20(mm) Nfb=2 Nfb_gz=2 Rcb=30.0 Fy=360 Fyv=360
  砼梁 框架梁 调幅梁 矩形
  livec=1.000  stif=1.500  jzx=1.124，jzy=1.029  tf=0.850  nj=0.400
  ηv=1.200
              -1-     -2-     -3-     -4-     -5-     -6-     -7-     -8-     -9-
  -M(kNm)      -8     -10     -13     -15     -17     -20     -22     -27     -32
  LoadCase  (  6)   (  6)   (  6)   (  6)   (  6)   (  6)   (  6)   ( 14)   ( 14)
  Top Ast     300     300     300     300     300     300     300     300     300
  % Steel    0.25    0.25    0.25    0.25    0.25    0.25    0.25    0.25    0.25
  +M(kNm)      19      19      21      22      22      23      23      25      27
  LoadCase  ( 11)   ( 15)   ( 15)   ( 15)   ( 15)   ( 15)   ( 15)   (  7)   (  7)
  Btm Ast     300     300     300     300     300     300     300     300     300
  % Steel    0.25    0.25    0.25    0.25    0.25    0.25    0.25    0.25    0.25
  V(kN)       -10     -11     -12     -13     -14     -15     -17     -19     -20
  LoadCase  ( 14)   ( 14)   ( 14)   ( 14)   ( 14)   ( 14)   ( 10)   ( 10)   ( 10)
  Asv          22      22      22      22      22      22      22      22      22
  Rsv        0.11    0.11    0.11    0.11    0.11    0.11    0.11    0.11    0.11
  非加密区箍筋面积: 22
  ---------------------------------------------------------
  N-B=9 (I=30000015, J=30000017)(1)B*H(mm)=200*600
  Lb=0.70(m) Cover= 20(mm) Nfb=2 Nfb_gz=2 Rcb=30.0 Fy=360 Fyv=360
  砼梁 框架梁 调幅梁 矩形
  livec=1.000  stif=1.000  jzx=1.124，jzy=1.029  tf=0.850  nj=1.000
  ηv=1.200
              -1-     -2-     -3-     -4-     -5-     -6-     -7-     -8-     -9-
  -M(kNm)     -43     -46     -49     -52     -56     -59     -62     -65     -69
  LoadCase  ( 14)   ( 14)   ( 14)   ( 14)   ( 14)   ( 14)   ( 14)   ( 14)   ( 14)
  Top Ast     300     300     300     300     300     304     321     338     370
  % Steel    0.25    0.25    0.25    0.25    0.25    0.27    0.29    0.30    0.33
  +M(kNm)      41      44      47      50      53      56      59      62      65
  LoadCase  (  7)   (  7)   (  7)   (  7)   (  7)   (  7)   (  7)   (  7)   (  7)
  Btm Ast     300     300     300     300     300     300     303     319     360
  % Steel    0.25    0.25    0.25    0.25    0.25    0.25    0.27    0.29    0.30
  V(kN)       -37     -37     -37     -37     -37     -37     -37     -37     -43
  LoadCase  ( 14)   ( 14)   ( 14)   ( 14)   ( 14)   ( 14)   ( 14)   ( 14)   ( 30)
  Asv          22      22      22      22      22      22      22      22      22
  Rsv        0.11    0.11    0.11    0.11    0.11    0.11    0.11    0.11    0.11
  非加密区箍筋面积: 22
  ---------------------------------------------------------
  N-B=10 (I=30000015, J=30000016)(1)B*H(mm)=200*400
  Lb=2.40(m) Cover= 20(mm) Nfb=5 Nfb_gz=5 Rcb=30.0 Fy=360 Fyv=360
  砼梁 非框架梁 不调幅梁 矩形
  livec=1.000  stif=1.000  jzx=1.124，jzy=1.029  tf=1.000  nj=1.000
  ηv=1.000
              -1-     -2-     -3-     -4-     -5-     -6-     -7-     -8-     -9-
  -M(kNm)      -4      -3      -2      -1      -0      -0      -1      -2      -3
   N(kN)        0       0       0       3       5       5       3       0       0
  LoadCase  ( 14)   ( 14)   ( 14)   ( 13)   ( 13)   (  5)   (  5)   (  7)   (  7)
  Top Ast     160     160     160     160     160     160     160     160     160
  % Steel    0.20    0.20    0.20    0.20    0.20    0.20    0.20    0.20    0.20
  +M(kNm)       3       2       2       0       0       0       2       2       3
   N(kN)        0       0       0       5       5       3       0       0       0
  LoadCase  (  7)   (  7)   (  7)   (  5)   (  5)   ( 13)   ( 14)   ( 14)   ( 14)
  Btm Ast     160     160     160     160     160     160     160     160     160
  % Steel    0.20    0.20    0.20    0.20    0.20    0.20    0.20    0.20    0.20
  V(kN)         3       3       3       3       3       3       3       3       3
  LoadCase  ( 14)   ( 14)   ( 14)   ( 14)   ( 14)   ( 14)   ( 14)   ( 14)   ( 14)
  Asv          19      19      19      19      19      19      19      19      19
  Rsv        0.09    0.09    0.09    0.09    0.09    0.09    0.09    0.09    0.09
  非加密区箍筋面积: 19
  ---------------------------------------------------------
  N-B=11 (I=30000013, J=30000016)(1)B*H(mm)=200*600
  Lb=2.40(m) Cover= 20(mm) Nfb=2 Nfb_gz=2 Rcb=30.0 Fy=360 Fyv=360
  砼梁 框架梁 调幅梁 矩形
  livec=1.000  stif=1.500  jzx=1.124，jzy=1.029  tf=0.850  nj=0.400
  ηv=1.200
              -1-     -2-     -3-     -4-     -5-     -6-     -7-     -8-     -9-
  -M(kNm)     -17     -14     -11      -8      -5      -2      -1      -4      -8
  LoadCase  (  7)   (  7)   (  7)   (  7)   (  7)   (  7)   (  6)   (  6)   (  6)
  Top Ast     300     300     300     300     300     300     300     300     300
  % Steel    0.25    0.25    0.25    0.25    0.25    0.25    0.25    0.25    0.25
  +M(kNm)      23      22      20      19      18      16      16      18      19
  LoadCase  ( 14)   ( 14)   ( 14)   ( 10)   ( 10)   ( 10)   ( 11)   ( 11)   ( 11)
  Btm Ast     300     300     300     300     300     300     300     300     300
  % Steel    0.25    0.25    0.25    0.25    0.25    0.25    0.25    0.25    0.25
  V(kN)        16      15      14      13      12      11     -11     -12     -13
  LoadCase  ( 15)   ( 15)   ( 15)   ( 15)   ( 15)   ( 15)   ( 14)   ( 14)   ( 14)
  Asv          22      22      22      22      22      22      22      22      22
  Rsv        0.11    0.11    0.11    0.11    0.11    0.11    0.11    0.11    0.11
  非加密区箍筋面积: 22
  ---------------------------------------------------------
  N-B=12 (I=30000012, J=30000015)(1)B*H(mm)=200*600
  Lb=2.40(m) Cover= 20(mm) Nfb=2 Nfb_gz=2 Rcb=30.0 Fy=360 Fyv=360
  砼梁 框架梁 调幅梁 矩形
  livec=1.000  stif=1.000  jzx=1.124，jzy=1.029  tf=0.850  nj=1.000
  ηv=1.200
              -1-     -2-     -3-     -4-     -5-     -6-     -7-     -8-     -9-
  -M(kNm)     -35     -26     -16      -7      -2     -13     -23     -33     -43
   N(kN)        0       0       0       0      10       0       0       0       0
  LoadCase  (  7)   (  7)   (  7)   (  7)   ( 36)   ( 14)   ( 14)   ( 14)   ( 14)
  Top Ast     300     300     300     300     300     300     300     300     300
  % Steel    0.25    0.25    0.25    0.25    0.25    0.25    0.25    0.25    0.25
  +M(kNm)      38      28      17       7       3      12      22      32      41
   N(kN)        0       0       0       8       0       0       0       0       0
  LoadCase  ( 14)   ( 14)   ( 14)   ( 31)   ( 15)   (  7)   (  7)   (  7)   (  7)
  Btm Ast     300     300     300     300     300     300     300     300     300
  % Steel    0.25    0.25    0.25    0.25    0.25    0.25    0.25    0.25    0.25
  V(kN)       -34     -34     -34     -34     -34     -34     -34     -34     -34
  LoadCase  ( 14)   ( 14)   ( 14)   ( 14)   ( 14)   ( 14)   ( 14)   ( 14)   ( 14)
  Asv          22      22      22      22      22      22      22      22      22
  Rsv        0.11    0.11    0.11    0.11    0.11    0.11    0.11    0.11    0.11
  非加密区箍筋面积: 22
  ---------------------------------------------------------
  N-B=13 (I=30000009, J=30000012)(1)B*H(mm)=200*600
  Lb=0.90(m) Cover= 20(mm) Nfb=2 Nfb_gz=2 Rcb=30.0 Fy=360 Fyv=360
  砼梁 框架梁 调幅梁 矩形
  livec=1.000  stif=1.000  jzx=1.124，jzy=1.029  tf=0.850  nj=1.000
  ηv=1.200
              -1-     -2-     -3-     -4-     -5-     -6-     -7-     -8-     -9-
  -M(kNm)     -64     -60     -57     -53     -49     -46     -42     -38     -34
  LoadCase  (  7)   (  7)   (  7)   (  7)   (  7)   (  7)   (  7)   (  7)   (  7)
  Top Ast     360     312     300     300     300     300     300     300     300
  % Steel    0.30    0.28    0.25    0.25    0.25    0.25    0.25    0.25    0.25
  +M(kNm)      68      64      60      56      52      48      44      40      37
   N(kN)        4       4       4       4       4       4       4       4       4
  LoadCase  ( 14)   ( 14)   ( 14)   ( 14)   ( 14)   ( 14)   ( 14)   ( 14)   ( 14)
  Btm Ast     372     337     316     300     300     300     300     300     300
  % Steel    0.33    0.30    0.28    0.25    0.25    0.25    0.25    0.25    0.25
  V(kN)       -41     -35     -35     -35     -35     -35     -35     -35     -35
   N(kN)        5       4       4       4       4       4       4       4       4
  LoadCase  ( 30)   ( 14)   ( 14)   ( 14)   ( 14)   ( 14)   ( 14)   ( 14)   ( 14)
  Asv          22      22      22      22      22      22      22      22      22
  Rsv        0.11    0.11    0.11    0.11    0.11    0.11    0.11    0.11    0.11
  非加密区箍筋面积: 22
  ---------------------------------------------------------
  N-B=14 (I=30000012, J=30000013)(1)B*H(mm)=200*400
  Lb=2.40(m) Cover= 20(mm) Nfb=5 Nfb_gz=5 Rcb=30.0 Fy=360 Fyv=360
  砼梁 非框架梁 不调幅梁 矩形
  livec=1.000  stif=1.000  jzx=1.124，jzy=1.029  tf=1.000  nj=1.000
  ηv=1.000
              -1-     -2-     -3-     -4-     -5-     -6-     -7-     -8-     -9-
  -M(kNm)      -1      -1      -0      -0      -0      -0      -1      -1      -2
   N(kN)        5       5       5       5       5       3       0       0       0
  LoadCase  ( 13)   ( 13)   ( 13)   ( 13)   ( 13)   ( 13)   ( 14)   ( 14)   ( 14)
  Top Ast     160     160     160     160     160     160     160     160     160
  % Steel    0.20    0.20    0.20    0.20    0.20    0.20    0.20    0.20    0.20
  +M(kNm)       1       1       1       0       0       0       0       1       2
   N(kN)        0       0       0       3       0       5       5       3       0
  LoadCase  (  6)   (  6)   (  6)   (  5)   (  4)   (  5)   (  5)   (  5)   (  7)
  Btm Ast     160     160     160     160     160     160     160     160     160
  % Steel    0.20    0.20    0.20    0.20    0.20    0.20    0.20    0.20    0.20
  V(kN)         1       1       1       1       1       1       1       1       1
  LoadCase  ( 15)   ( 15)   ( 15)   ( 15)   ( 15)   ( 15)   ( 15)   ( 15)   ( 15)
  Asv          19      19      19      19      19      19      19      19      19
  Rsv        0.09    0.09    0.09    0.09    0.09    0.09    0.09    0.09    0.09
  非加密区箍筋面积: 19
  ---------------------------------------------------------
  N-B=15 (I=30000003, J=30000013)(1)B*H(mm)=200*600
  Lb=1.75(m) Cover= 20(mm) Nfb=2 Nfb_gz=2 Rcb=30.0 Fy=360 Fyv=360
  砼梁 框架梁 调幅梁 矩形
  livec=1.000  stif=1.500  jzx=1.124，jzy=1.029  tf=0.850  nj=0.400
  ηv=1.200
              -1-     -2-     -3-     -4-     -5-     -6-     -7-     -8-     -9-
  -M(kNm)     -43     -39     -34     -30     -26     -24     -22     -20     -18
  LoadCase  ( 15)   ( 15)   ( 15)   ( 15)   ( 15)   (  7)   (  7)   (  7)   (  7)
  Top Ast     360     300     300     300     300     300     300     300     300
  % Steel    0.30    0.25    0.25    0.25    0.25    0.25    0.25    0.25    0.25
  +M(kNm)      34      32      30      28      26      25      25      25      24
  LoadCase  (  6)   (  6)   (  6)   (  6)   (  6)   ( 14)   ( 14)   ( 14)   ( 14)
  Btm Ast     360     300     300     300     300     300     300     300     300
  % Steel    0.30    0.25    0.25    0.25    0.25    0.25    0.25    0.25    0.25
  V(kN)        22      21      20      19      18      17      16      16      15
  LoadCase  ( 11)   ( 11)   ( 11)   ( 11)   ( 11)   ( 15)   ( 15)   ( 15)   ( 15)
  Asv          22      22      22      22      22      22      22      22      22
  Rsv        0.11    0.11    0.11    0.11    0.11    0.11    0.11    0.11    0.11
  非加密区箍筋面积: 22
  ---------------------------------------------------------
  N-B=16 (I=30000002, J=30000004)(1)B*H(mm)=200*500
  Lb=2.10(m) Cover= 20(mm) Nfb=2 Nfb_gz=2 Rcb=30.0 Fy=360 Fyv=360
  砼梁 框架梁 调幅梁 矩形
  livec=1.000  stif=1.235  jzx=1.124，jzy=1.029  tf=0.850  nj=0.400
  ηv=1.200
              -1-     -2-     -3-     -4-     -5-     -6-     -7-     -8-     -9-
  -M(kNm)     -34     -25     -17      -8      -0      -7     -15     -23     -31
  LoadCase  ( 15)   ( 15)   ( 15)   (  7)   (  7)   (  6)   (  6)   (  6)   (  6)
  Top Ast     300     250     250     250     250     250     250     250     300
  % Steel    0.30    0.25    0.25    0.25    0.25    0.25    0.25    0.25    0.30
  +M(kNm)      31      24      16       8       2       9      17      25      33
  LoadCase  (  6)   (  6)   (  6)   ( 14)   (  0)   ( 15)   ( 15)   ( 15)   ( 15)
  Btm Ast     300     250     250     250     250     250     250     250     300
  % Steel    0.30    0.25    0.25    0.25    0.25    0.25    0.25    0.25    0.30
  V(kN)        41      34      34      34      33      33      33      32      39
  LoadCase  ( 33)   ( 33)   ( 33)   ( 33)   ( 33)   ( 33)   ( 33)   ( 33)   ( 33)
  Asv          22      22      22      22      22      22      22      22      22
  Rsv        0.11    0.11    0.11    0.11    0.11    0.11    0.11    0.11    0.11
  非加密区箍筋面积: 22
  ---------------------------------------------------------
  N-B=17 (I=30000029, J=30000030)(1)B*H(mm)=200*500
  Lb=1.00(m) Cover= 20(mm) Nfb=2 Nfb_gz=2 Rcb=30.0 Fy=360 Fyv=360
  砼梁 框架梁 调幅梁 矩形
  livec=1.000  stif=1.192  jzx=1.124，jzy=1.029  tf=0.850  nj=0.400
  ηv=1.200
              -1-     -2-     -3-     -4-     -5-     -6-     -7-     -8-     -9-
  -M(kNm)     -11     -11     -11     -11     -12     -12     -12     -12     -12
  LoadCase  (  6)   (  6)   (  6)   (  6)   (  6)   (  6)   (  6)   (  6)   (  6)
  Top Ast     300     250     250     250     250     250     250     250     250
  % Steel    0.30    0.25    0.25    0.25    0.25    0.25    0.25    0.25    0.25
  +M(kNm)      12      12      12      13      13      13      12      12      12
  LoadCase  ( 15)   ( 15)   ( 15)   ( 15)   ( 15)   ( 15)   ( 15)   ( 15)   ( 15)
  Btm Ast     300     250     250     250     250     250     250     250     250
  % Steel    0.30    0.25    0.25    0.25    0.25    0.25    0.25    0.25    0.25
  V(kN)        16      13      13     -13     -13     -13     -14     -14     -14
  LoadCase  ( 32)   ( 32)   ( 32)   ( 29)   ( 29)   ( 29)   ( 29)   ( 29)   ( 29)
  Asv          22      22      22      22      22      22      22      22      22
  Rsv        0.11    0.11    0.11    0.11    0.11    0.11    0.11    0.11    0.11
  非加密区箍筋面积: 22
  ---------------------------------------------------------
  N-B=18 (I=30000005, J=30000006)(1)B*H(mm)=200*500
  Lb=1.60(m) Cover= 20(mm) Nfb=2 Nfb_gz=2 Rcb=30.0 Fy=360 Fyv=360
  砼梁 框架梁 调幅梁 矩形
  livec=1.000  stif=1.143  jzx=1.124，jzy=1.029  tf=0.850  nj=0.400
  ηv=1.200
              -1-     -2-     -3-     -4-     -5-     -6-     -7-     -8-     -9-
  -M(kNm)     -30     -22     -14      -7      -0      -7     -14     -21     -28
  LoadCase  ( 14)   ( 14)   ( 14)   (  6)   (  4)   (  7)   (  7)   (  7)   (  7)
  Top Ast     300     250     250     250     250     250     250     250     300
  % Steel    0.30    0.25    0.25    0.25    0.25    0.25    0.25    0.25    0.30
  +M(kNm)      28      21      14       7       1       8      15      22      29
  LoadCase  (  7)   (  7)   (  7)   ( 15)   (  0)   ( 14)   ( 14)   ( 14)   ( 14)
  Btm Ast     300     250     250     250     250     250     250     250     300
  % Steel    0.30    0.25    0.25    0.25    0.25    0.25    0.25    0.25    0.30
  V(kN)        44      39      38      38      37      37      36      36      42
  LoadCase  ( 32)   ( 14)   ( 14)   ( 14)   ( 14)   ( 14)   ( 14)   ( 14)   ( 32)
  Asv          22      22      22      22      22      22      22      22      22
  Rsv        0.11    0.11    0.11    0.11    0.11    0.11    0.11    0.11    0.11
  非加密区箍筋面积: 22
  ---------------------------------------------------------
  N-B=19 (I=30000014, J=30000018)(1)B*H(mm)=200*600
  Lb=3.40(m) Cover= 20(mm) Nfb=2 Nfb_gz=2 Rcb=30.0 Fy=360 Fyv=360
  砼梁 框架梁 调幅梁 矩形
  livec=1.000  stif=1.000  jzx=1.124，jzy=1.029  tf=0.850  nj=1.000
  ηv=1.200
              -1-     -2-     -3-     -4-     -5-     -6-     -7-     -8-     -9-
  -M(kNm)     -31     -22     -14      -5      -0      -7     -15     -25     -35
  LoadCase  ( 43)   ( 43)   ( 43)   (  7)   (  7)   ( 38)   ( 38)   ( 30)   ( 30)
  Top Ast     360     300     300     300     300     300     300     300     360
  % Steel    0.30    0.25    0.25    0.25    0.25    0.25    0.25    0.25    0.30
  +M(kNm)      31      25      18       9       5       9      16      22      27
  LoadCase  ( 30)   ( 30)   ( 30)   ( 14)   ( 10)   ( 35)   ( 35)   ( 43)   ( 43)
  Btm Ast     360     300     300     300     300     300     300     300     360
  % Steel    0.30    0.25    0.25    0.25    0.25    0.25    0.25    0.25    0.30
  V(kN)        25      20      19     -19     -20     -21     -22     -24     -29
  LoadCase  ( 35)   ( 35)   ( 35)   ( 30)   ( 30)   ( 30)   ( 30)   ( 30)   ( 30)
  Asv          22      22      22      22      22      22      22      22      22
  Rsv        0.11    0.11    0.11    0.11    0.11    0.11    0.11    0.11    0.11
  非加密区箍筋面积: 22
  ---------------------------------------------------------
  N-B=20 (I=30000010, J=30000011)(1)B*H(mm)=200*600
  Lb=2.90(m) Cover= 20(mm) Nfb=2 Nfb_gz=2 Rcb=30.0 Fy=360 Fyv=360
  砼梁 框架梁 调幅梁 矩形
  livec=1.000  stif=1.421  jzx=1.124，jzy=1.029  tf=0.850  nj=0.400
  ηv=1.200
              -1-     -2-     -3-     -4-     -5-     -6-     -7-     -8-     -9-
  -M(kNm)      -7      -4      -3      -2      -0      -1      -2      -4      -5
  LoadCase  ( 14)   (  6)   (  6)   (  6)   (  6)   (  7)   (  7)   (  7)   ( 15)
  Top Ast     360     300     300     300     300     300     300     300     360
  % Steel    0.30    0.25    0.25    0.25    0.25    0.25    0.25    0.25    0.30
  +M(kNm)       6       5       6       8       8       8       7       5       5
  LoadCase  (  7)   ( 15)   ( 11)   ( 11)   ( 11)   ( 10)   ( 10)   ( 14)   (  6)
  Btm Ast     360     300     300     300     300     300     300     300     360
  % Steel    0.30    0.25    0.25    0.25    0.25    0.25    0.25    0.25    0.30
  V(kN)        12      11       9       6       4      -6      -8     -10     -11
  LoadCase  ( 10)   ( 10)   ( 10)   ( 14)   ( 14)   ( 15)   ( 11)   ( 11)   ( 11)
  Asv          22      22      22      22      22      22      22      22      22
  Rsv        0.11    0.11    0.11    0.11    0.11    0.11    0.11    0.11    0.11
  非加密区箍筋面积: 22
  ---------------------------------------------------------
  N-B=21 (I=30000019, J=30000020)(1)B*H(mm)=200*600
  Lb=2.90(m) Cover= 20(mm) Nfb=2 Nfb_gz=2 Rcb=30.0 Fy=360 Fyv=360
  砼梁 框架梁 调幅梁 矩形
  livec=1.000  stif=1.365  jzx=1.124，jzy=1.029  tf=0.850  nj=0.400
  ηv=1.200
              -1-     -2-     -3-     -4-     -5-     -6-     -7-     -8-     -9-
  -M(kNm)      -4      -3      -2      -1      -0      -1      -1      -2      -4
  LoadCase  ( 14)   (  6)   (  6)   (  6)   (  6)   (  7)   (  7)   (  7)   ( 15)
  Top Ast     360     300     300     300     300     300     300     300     360
  % Steel    0.30    0.25    0.25    0.25    0.25    0.25    0.25    0.25    0.30
  +M(kNm)       4       5       6       8       8       7       6       4       3
  LoadCase  (  7)   ( 15)   ( 11)   ( 11)   ( 11)   ( 10)   ( 10)   ( 14)   (  6)
  Btm Ast     360     300     300     300     300     300     300     300     360
  % Steel    0.30    0.25    0.25    0.25    0.25    0.25    0.25    0.25    0.30
  V(kN)        11      10       8       5      -3      -5      -8     -10     -11
  LoadCase  ( 10)   ( 10)   ( 10)   ( 10)   ( 35)   ( 11)   ( 11)   ( 11)   ( 11)
  Asv          22      22      22      22      22      22      22      22      22
  Rsv        0.11    0.11    0.11    0.11    0.11    0.11    0.11    0.11    0.11
  非加密区箍筋面积: 22
     **********************************************************
                                 次梁配筋设计及验算
     **********************************************************

     **********************************************************
                              空心板肋梁配筋设计及验算
     **********************************************************

